{"/Users/cliftonc/work/bosco-alt/src/ExternalBuild.js":{"path":"/Users/cliftonc/work/bosco-alt/src/ExternalBuild.js","statementMap":{"0":{"start":{"line":1,"column":19},"end":{"line":1,"column":48}},"1":{"start":{"line":2,"column":19},"end":{"line":2,"column":59}},"2":{"start":{"line":3,"column":18},"end":{"line":3,"column":57}},"3":{"start":{"line":4,"column":19},"end":{"line":4,"column":54}},"4":{"start":{"line":6,"column":0},"end":{"line":120,"column":2}},"5":{"start":{"line":8,"column":4},"end":{"line":8,"column":38}},"6":{"start":{"line":8,"column":24},"end":{"line":8,"column":38}},"7":{"start":{"line":10,"column":23},"end":{"line":10,"column":44}},"8":{"start":{"line":11,"column":29},"end":{"line":11,"column":49}},"9":{"start":{"line":12,"column":30},"end":{"line":12,"column":51}},"10":{"start":{"line":13,"column":24},"end":{"line":13,"column":37}},"11":{"start":{"line":14,"column":28},"end":{"line":14,"column":91}},"12":{"start":{"line":15,"column":20},"end":{"line":15,"column":89}},"13":{"start":{"line":16,"column":16},"end":{"line":16,"column":41}},"14":{"start":{"line":17,"column":31},"end":{"line":17,"column":36}},"15":{"start":{"line":21,"column":4},"end":{"line":24,"column":5}},"16":{"start":{"line":22,"column":6},"end":{"line":22,"column":127}},"17":{"start":{"line":23,"column":6},"end":{"line":23,"column":20}},"18":{"start":{"line":27,"column":23},"end":{"line":27,"column":36}},"19":{"start":{"line":29,"column":6},"end":{"line":42,"column":7}},"20":{"start":{"line":30,"column":8},"end":{"line":30,"column":71}},"21":{"start":{"line":31,"column":8},"end":{"line":34,"column":9}},"22":{"start":{"line":32,"column":10},"end":{"line":32,"column":49}},"23":{"start":{"line":33,"column":10},"end":{"line":33,"column":70}},"24":{"start":{"line":33,"column":35},"end":{"line":33,"column":70}},"25":{"start":{"line":35,"column":8},"end":{"line":35,"column":41}},"26":{"start":{"line":35,"column":30},"end":{"line":35,"column":41}},"27":{"start":{"line":36,"column":8},"end":{"line":36,"column":25}},"28":{"start":{"line":38,"column":8},"end":{"line":38,"column":64}},"29":{"start":{"line":39,"column":8},"end":{"line":39,"column":53}},"30":{"start":{"line":39,"column":22},"end":{"line":39,"column":53}},"31":{"start":{"line":40,"column":8},"end":{"line":40,"column":45}},"32":{"start":{"line":40,"column":34},"end":{"line":40,"column":45}},"33":{"start":{"line":41,"column":8},"end":{"line":41,"column":23}},"34":{"start":{"line":44,"column":6},"end":{"line":47,"column":7}},"35":{"start":{"line":45,"column":8},"end":{"line":45,"column":46}},"36":{"start":{"line":45,"column":20},"end":{"line":45,"column":46}},"37":{"start":{"line":46,"column":8},"end":{"line":46,"column":40}},"38":{"start":{"line":46,"column":20},"end":{"line":46,"column":40}},"39":{"start":{"line":49,"column":6},"end":{"line":52,"column":7}},"40":{"start":{"line":50,"column":8},"end":{"line":50,"column":36}},"41":{"start":{"line":51,"column":8},"end":{"line":51,"column":18}},"42":{"start":{"line":56,"column":6},"end":{"line":58,"column":7}},"43":{"start":{"line":57,"column":8},"end":{"line":57,"column":58}},"44":{"start":{"line":61,"column":24},"end":{"line":61,"column":48}},"45":{"start":{"line":62,"column":23},"end":{"line":62,"column":39}},"46":{"start":{"line":65,"column":6},"end":{"line":77,"column":7}},"47":{"start":{"line":66,"column":8},"end":{"line":66,"column":71}},"48":{"start":{"line":67,"column":8},"end":{"line":70,"column":9}},"49":{"start":{"line":68,"column":10},"end":{"line":68,"column":49}},"50":{"start":{"line":69,"column":10},"end":{"line":69,"column":70}},"51":{"start":{"line":69,"column":35},"end":{"line":69,"column":70}},"52":{"start":{"line":71,"column":8},"end":{"line":71,"column":55}},"53":{"start":{"line":71,"column":44},"end":{"line":71,"column":55}},"54":{"start":{"line":72,"column":8},"end":{"line":72,"column":25}},"55":{"start":{"line":74,"column":8},"end":{"line":74,"column":64}},"56":{"start":{"line":75,"column":8},"end":{"line":75,"column":45}},"57":{"start":{"line":75,"column":22},"end":{"line":75,"column":45}},"58":{"start":{"line":76,"column":8},"end":{"line":76,"column":23}},"59":{"start":{"line":79,"column":6},"end":{"line":82,"column":7}},"60":{"start":{"line":80,"column":8},"end":{"line":80,"column":50}},"61":{"start":{"line":81,"column":8},"end":{"line":81,"column":50}},"62":{"start":{"line":84,"column":6},"end":{"line":87,"column":7}},"63":{"start":{"line":85,"column":8},"end":{"line":85,"column":36}},"64":{"start":{"line":86,"column":8},"end":{"line":86,"column":18}},"65":{"start":{"line":89,"column":6},"end":{"line":89,"column":81}},"66":{"start":{"line":89,"column":35},"end":{"line":89,"column":79}},"67":{"start":{"line":92,"column":4},"end":{"line":94,"column":5}},"68":{"start":{"line":93,"column":6},"end":{"line":93,"column":77}},"69":{"start":{"line":96,"column":4},"end":{"line":99,"column":5}},"70":{"start":{"line":97,"column":6},"end":{"line":97,"column":116}},"71":{"start":{"line":98,"column":6},"end":{"line":98,"column":20}},"72":{"start":{"line":101,"column":4},"end":{"line":103,"column":5}},"73":{"start":{"line":102,"column":6},"end":{"line":102,"column":78}},"74":{"start":{"line":106,"column":4},"end":{"line":106,"column":18}},"75":{"start":{"line":110,"column":4},"end":{"line":113,"column":7}},"76":{"start":{"line":111,"column":6},"end":{"line":111,"column":45}},"77":{"start":{"line":111,"column":15},"end":{"line":111,"column":45}},"78":{"start":{"line":112,"column":6},"end":{"line":112,"column":64}},"79":{"start":{"line":116,"column":2},"end":{"line":119,"column":4}}},"fnMap":{"0":{"name":"ExternalBuild","decl":{"start":{"line":6,"column":26},"end":{"line":6,"column":39}},"loc":{"start":{"line":6,"column":47},"end":{"line":120,"column":1}},"line":6},"1":{"name":"doBuild","decl":{"start":{"line":7,"column":11},"end":{"line":7,"column":18}},"loc":{"start":{"line":7,"column":69},"end":{"line":107,"column":3}},"line":7},"2":{"name":"buildFinishedExec","decl":{"start":{"line":26,"column":13},"end":{"line":26,"column":30}},"loc":{"start":{"line":26,"column":52},"end":{"line":53,"column":5}},"line":26},"3":{"name":"buildFinished","decl":{"start":{"line":55,"column":13},"end":{"line":55,"column":26}},"loc":{"start":{"line":55,"column":52},"end":{"line":90,"column":5}},"line":55},"4":{"name":"doBuildWithInterpreter","decl":{"start":{"line":109,"column":11},"end":{"line":109,"column":33}},"loc":{"start":{"line":109,"column":71},"end":{"line":114,"column":3}},"line":109},"5":{"name":"(anonymous_5)","decl":{"start":{"line":110,"column":84},"end":{"line":110,"column":85}},"loc":{"start":{"line":110,"column":106},"end":{"line":113,"column":5}},"line":110}},"branchMap":{"0":{"loc":{"start":{"line":8,"column":4},"end":{"line":8,"column":38}},"type":"if","locations":[{"start":{"line":8,"column":4},"end":{"line":8,"column":38}},{"start":{"line":8,"column":4},"end":{"line":8,"column":38}}],"line":8},"1":{"loc":{"start":{"line":14,"column":28},"end":{"line":14,"column":91}},"type":"binary-expr","locations":[{"start":{"line":14,"column":28},"end":{"line":14,"column":47}},{"start":{"line":14,"column":51},"end":{"line":14,"column":91}}],"line":14},"2":{"loc":{"start":{"line":21,"column":4},"end":{"line":24,"column":5}},"type":"if","locations":[{"start":{"line":21,"column":4},"end":{"line":24,"column":5}},{"start":{"line":21,"column":4},"end":{"line":24,"column":5}}],"line":21},"3":{"loc":{"start":{"line":21,"column":8},"end":{"line":21,"column":40}},"type":"binary-expr","locations":[{"start":{"line":21,"column":8},"end":{"line":21,"column":24}},{"start":{"line":21,"column":28},"end":{"line":21,"column":40}}],"line":21},"4":{"loc":{"start":{"line":27,"column":23},"end":{"line":27,"column":36}},"type":"binary-expr","locations":[{"start":{"line":27,"column":23},"end":{"line":27,"column":26}},{"start":{"line":27,"column":30},"end":{"line":27,"column":36}}],"line":27},"5":{"loc":{"start":{"line":29,"column":6},"end":{"line":42,"column":7}},"type":"if","locations":[{"start":{"line":29,"column":6},"end":{"line":42,"column":7}},{"start":{"line":29,"column":6},"end":{"line":42,"column":7}}],"line":29},"6":{"loc":{"start":{"line":31,"column":8},"end":{"line":34,"column":9}},"type":"if","locations":[{"start":{"line":31,"column":8},"end":{"line":34,"column":9}},{"start":{"line":31,"column":8},"end":{"line":34,"column":9}}],"line":31},"7":{"loc":{"start":{"line":33,"column":10},"end":{"line":33,"column":70}},"type":"if","locations":[{"start":{"line":33,"column":10},"end":{"line":33,"column":70}},{"start":{"line":33,"column":10},"end":{"line":33,"column":70}}],"line":33},"8":{"loc":{"start":{"line":35,"column":8},"end":{"line":35,"column":41}},"type":"if","locations":[{"start":{"line":35,"column":8},"end":{"line":35,"column":41}},{"start":{"line":35,"column":8},"end":{"line":35,"column":41}}],"line":35},"9":{"loc":{"start":{"line":35,"column":12},"end":{"line":35,"column":28}},"type":"binary-expr","locations":[{"start":{"line":35,"column":12},"end":{"line":35,"column":18}},{"start":{"line":35,"column":22},"end":{"line":35,"column":28}}],"line":35},"10":{"loc":{"start":{"line":39,"column":8},"end":{"line":39,"column":53}},"type":"if","locations":[{"start":{"line":39,"column":8},"end":{"line":39,"column":53}},{"start":{"line":39,"column":8},"end":{"line":39,"column":53}}],"line":39},"11":{"loc":{"start":{"line":40,"column":8},"end":{"line":40,"column":45}},"type":"if","locations":[{"start":{"line":40,"column":8},"end":{"line":40,"column":45}},{"start":{"line":40,"column":8},"end":{"line":40,"column":45}}],"line":40},"12":{"loc":{"start":{"line":40,"column":12},"end":{"line":40,"column":32}},"type":"binary-expr","locations":[{"start":{"line":40,"column":12},"end":{"line":40,"column":20}},{"start":{"line":40,"column":24},"end":{"line":40,"column":32}}],"line":40},"13":{"loc":{"start":{"line":44,"column":6},"end":{"line":47,"column":7}},"type":"if","locations":[{"start":{"line":44,"column":6},"end":{"line":47,"column":7}},{"start":{"line":44,"column":6},"end":{"line":47,"column":7}}],"line":44},"14":{"loc":{"start":{"line":44,"column":10},"end":{"line":44,"column":30}},"type":"binary-expr","locations":[{"start":{"line":44,"column":10},"end":{"line":44,"column":18}},{"start":{"line":44,"column":22},"end":{"line":44,"column":30}}],"line":44},"15":{"loc":{"start":{"line":45,"column":8},"end":{"line":45,"column":46}},"type":"if","locations":[{"start":{"line":45,"column":8},"end":{"line":45,"column":46}},{"start":{"line":45,"column":8},"end":{"line":45,"column":46}}],"line":45},"16":{"loc":{"start":{"line":46,"column":8},"end":{"line":46,"column":40}},"type":"if","locations":[{"start":{"line":46,"column":8},"end":{"line":46,"column":40}},{"start":{"line":46,"column":8},"end":{"line":46,"column":40}}],"line":46},"17":{"loc":{"start":{"line":49,"column":6},"end":{"line":52,"column":7}},"type":"if","locations":[{"start":{"line":49,"column":6},"end":{"line":52,"column":7}},{"start":{"line":49,"column":6},"end":{"line":52,"column":7}}],"line":49},"18":{"loc":{"start":{"line":56,"column":6},"end":{"line":58,"column":7}},"type":"if","locations":[{"start":{"line":56,"column":6},"end":{"line":58,"column":7}},{"start":{"line":56,"column":6},"end":{"line":58,"column":7}}],"line":56},"19":{"loc":{"start":{"line":62,"column":23},"end":{"line":62,"column":39}},"type":"binary-expr","locations":[{"start":{"line":62,"column":23},"end":{"line":62,"column":26}},{"start":{"line":62,"column":30},"end":{"line":62,"column":39}}],"line":62},"20":{"loc":{"start":{"line":65,"column":6},"end":{"line":77,"column":7}},"type":"if","locations":[{"start":{"line":65,"column":6},"end":{"line":77,"column":7}},{"start":{"line":65,"column":6},"end":{"line":77,"column":7}}],"line":65},"21":{"loc":{"start":{"line":67,"column":8},"end":{"line":70,"column":9}},"type":"if","locations":[{"start":{"line":67,"column":8},"end":{"line":70,"column":9}},{"start":{"line":67,"column":8},"end":{"line":70,"column":9}}],"line":67},"22":{"loc":{"start":{"line":69,"column":10},"end":{"line":69,"column":70}},"type":"if","locations":[{"start":{"line":69,"column":10},"end":{"line":69,"column":70}},{"start":{"line":69,"column":10},"end":{"line":69,"column":70}}],"line":69},"23":{"loc":{"start":{"line":71,"column":8},"end":{"line":71,"column":55}},"type":"if","locations":[{"start":{"line":71,"column":8},"end":{"line":71,"column":55}},{"start":{"line":71,"column":8},"end":{"line":71,"column":55}}],"line":71},"24":{"loc":{"start":{"line":71,"column":12},"end":{"line":71,"column":42}},"type":"binary-expr","locations":[{"start":{"line":71,"column":12},"end":{"line":71,"column":25}},{"start":{"line":71,"column":29},"end":{"line":71,"column":42}}],"line":71},"25":{"loc":{"start":{"line":75,"column":8},"end":{"line":75,"column":45}},"type":"if","locations":[{"start":{"line":75,"column":8},"end":{"line":75,"column":45}},{"start":{"line":75,"column":8},"end":{"line":75,"column":45}}],"line":75},"26":{"loc":{"start":{"line":79,"column":6},"end":{"line":82,"column":7}},"type":"if","locations":[{"start":{"line":79,"column":6},"end":{"line":82,"column":7}},{"start":{"line":79,"column":6},"end":{"line":82,"column":7}}],"line":79},"27":{"loc":{"start":{"line":79,"column":10},"end":{"line":79,"column":30}},"type":"binary-expr","locations":[{"start":{"line":79,"column":10},"end":{"line":79,"column":18}},{"start":{"line":79,"column":22},"end":{"line":79,"column":30}}],"line":79},"28":{"loc":{"start":{"line":84,"column":6},"end":{"line":87,"column":7}},"type":"if","locations":[{"start":{"line":84,"column":6},"end":{"line":87,"column":7}},{"start":{"line":84,"column":6},"end":{"line":87,"column":7}}],"line":84},"29":{"loc":{"start":{"line":89,"column":6},"end":{"line":89,"column":81}},"type":"if","locations":[{"start":{"line":89,"column":6},"end":{"line":89,"column":81}},{"start":{"line":89,"column":6},"end":{"line":89,"column":81}}],"line":89},"30":{"loc":{"start":{"line":92,"column":4},"end":{"line":94,"column":5}},"type":"if","locations":[{"start":{"line":92,"column":4},"end":{"line":94,"column":5}},{"start":{"line":92,"column":4},"end":{"line":94,"column":5}}],"line":92},"31":{"loc":{"start":{"line":96,"column":4},"end":{"line":99,"column":5}},"type":"if","locations":[{"start":{"line":96,"column":4},"end":{"line":99,"column":5}},{"start":{"line":96,"column":4},"end":{"line":99,"column":5}}],"line":96},"32":{"loc":{"start":{"line":101,"column":4},"end":{"line":103,"column":5}},"type":"if","locations":[{"start":{"line":101,"column":4},"end":{"line":103,"column":5}},{"start":{"line":101,"column":4},"end":{"line":103,"column":5}}],"line":101},"33":{"loc":{"start":{"line":111,"column":6},"end":{"line":111,"column":45}},"type":"if","locations":[{"start":{"line":111,"column":6},"end":{"line":111,"column":45}},{"start":{"line":111,"column":6},"end":{"line":111,"column":45}}],"line":111}},"s":{"0":1,"1":1,"2":1,"3":1,"4":1,"5":37,"6":15,"7":22,"8":22,"9":22,"10":22,"11":22,"12":22,"13":22,"14":22,"15":22,"16":8,"17":8,"18":5,"19":5,"20":4,"21":4,"22":4,"23":4,"24":0,"25":4,"26":3,"27":4,"28":1,"29":1,"30":0,"31":1,"32":0,"33":1,"34":5,"35":4,"36":3,"37":4,"38":1,"39":5,"40":5,"41":5,"42":21,"43":5,"44":16,"45":16,"46":16,"47":8,"48":8,"49":8,"50":8,"51":0,"52":8,"53":8,"54":8,"55":8,"56":8,"57":3,"58":8,"59":16,"60":9,"61":9,"62":16,"63":8,"64":8,"65":16,"66":6,"67":14,"68":5,"69":9,"70":1,"71":1,"72":8,"73":8,"74":0,"75":27,"76":27,"77":0,"78":27,"79":32},"f":{"0":32,"1":37,"2":5,"3":21,"4":27,"5":27},"b":{"0":[15,22],"1":[22,9],"2":[8,14],"3":[22,13],"4":[5,1],"5":[4,1],"6":[4,0],"7":[0,4],"8":[3,1],"9":[4,3],"10":[0,1],"11":[0,1],"12":[1,0],"13":[4,1],"14":[5,4],"15":[3,1],"16":[1,3],"17":[5,0],"18":[5,16],"19":[16,8],"20":[8,8],"21":[8,0],"22":[0,8],"23":[8,0],"24":[8,0],"25":[3,5],"26":[9,7],"27":[16,11],"28":[8,8],"29":[6,10],"30":[5,9],"31":[1,8],"32":[8,0],"33":[0,27]},"_coverageSchema":"1a1c01bbd47fc00a2c39e90264f33305004495a9","hash":"f7fcd8626a0e59d37c2b236b0b44b3f1c1ff1894","contentHash":"d17adffe1d96955587ec3996074ff435dd63314c1bef43059bd86e1abbea6e69"},"/Users/cliftonc/work/bosco-alt/src/RunWrappers/Node.js":{"path":"/Users/cliftonc/work/bosco-alt/src/RunWrappers/Node.js","statementMap":{"0":{"start":{"line":4,"column":21},"end":{"line":4,"column":45}},"1":{"start":{"line":5,"column":10},"end":{"line":5,"column":27}},"2":{"start":{"line":6,"column":13},"end":{"line":6,"column":28}},"3":{"start":{"line":7,"column":16},"end":{"line":7,"column":35}},"4":{"start":{"line":8,"column":12},"end":{"line":8,"column":26}},"5":{"start":{"line":10,"column":0},"end":{"line":10,"column":18}},"6":{"start":{"line":15,"column":0},"end":{"line":24,"column":2}},"7":{"start":{"line":16,"column":2},"end":{"line":16,"column":21}},"8":{"start":{"line":17,"column":2},"end":{"line":21,"column":3}},"9":{"start":{"line":18,"column":4},"end":{"line":20,"column":7}},"10":{"start":{"line":19,"column":6},"end":{"line":19,"column":75}},"11":{"start":{"line":19,"column":37},"end":{"line":19,"column":73}},"12":{"start":{"line":23,"column":2},"end":{"line":23,"column":20}},"13":{"start":{"line":26,"column":0},"end":{"line":34,"column":2}},"14":{"start":{"line":27,"column":2},"end":{"line":31,"column":3}},"15":{"start":{"line":28,"column":4},"end":{"line":30,"column":7}},"16":{"start":{"line":29,"column":6},"end":{"line":29,"column":78}},"17":{"start":{"line":29,"column":40},"end":{"line":29,"column":76}},"18":{"start":{"line":33,"column":2},"end":{"line":33,"column":23}},"19":{"start":{"line":39,"column":0},"end":{"line":49,"column":2}},"20":{"start":{"line":40,"column":2},"end":{"line":48,"column":5}},"21":{"start":{"line":41,"column":4},"end":{"line":47,"column":7}},"22":{"start":{"line":42,"column":6},"end":{"line":42,"column":34}},"23":{"start":{"line":42,"column":15},"end":{"line":42,"column":34}},"24":{"start":{"line":43,"column":27},"end":{"line":43,"column":140}},"25":{"start":{"line":43,"column":58},"end":{"line":43,"column":139}},"26":{"start":{"line":45,"column":6},"end":{"line":45,"column":65}},"27":{"start":{"line":45,"column":21},"end":{"line":45,"column":65}},"28":{"start":{"line":46,"column":6},"end":{"line":46,"column":28}},"29":{"start":{"line":54,"column":0},"end":{"line":64,"column":2}},"30":{"start":{"line":55,"column":2},"end":{"line":63,"column":5}},"31":{"start":{"line":56,"column":4},"end":{"line":62,"column":7}},"32":{"start":{"line":57,"column":6},"end":{"line":57,"column":34}},"33":{"start":{"line":57,"column":15},"end":{"line":57,"column":34}},"34":{"start":{"line":58,"column":27},"end":{"line":58,"column":97}},"35":{"start":{"line":58,"column":58},"end":{"line":58,"column":96}},"36":{"start":{"line":60,"column":6},"end":{"line":60,"column":65}},"37":{"start":{"line":60,"column":21},"end":{"line":60,"column":65}},"38":{"start":{"line":61,"column":6},"end":{"line":61,"column":28}},"39":{"start":{"line":66,"column":0},"end":{"line":120,"column":2}},"40":{"start":{"line":67,"column":15},"end":{"line":67,"column":19}},"41":{"start":{"line":72,"column":14},"end":{"line":72,"column":19}},"42":{"start":{"line":73,"column":19},"end":{"line":73,"column":65}},"43":{"start":{"line":74,"column":2},"end":{"line":119,"column":3}},"44":{"start":{"line":75,"column":14},"end":{"line":75,"column":77}},"45":{"start":{"line":76,"column":4},"end":{"line":76,"column":33}},"46":{"start":{"line":77,"column":4},"end":{"line":77,"column":33}},"47":{"start":{"line":79,"column":4},"end":{"line":86,"column":7}},"48":{"start":{"line":80,"column":6},"end":{"line":85,"column":7}},"49":{"start":{"line":81,"column":8},"end":{"line":81,"column":21}},"50":{"start":{"line":82,"column":8},"end":{"line":82,"column":65}},"51":{"start":{"line":83,"column":13},"end":{"line":85,"column":7}},"52":{"start":{"line":84,"column":8},"end":{"line":84,"column":45}},"53":{"start":{"line":88,"column":4},"end":{"line":104,"column":7}},"54":{"start":{"line":89,"column":6},"end":{"line":103,"column":7}},"55":{"start":{"line":90,"column":8},"end":{"line":90,"column":24}},"56":{"start":{"line":91,"column":8},"end":{"line":102,"column":9}},"57":{"start":{"line":94,"column":10},"end":{"line":94,"column":128}},"58":{"start":{"line":95,"column":10},"end":{"line":101,"column":11}},"59":{"start":{"line":96,"column":12},"end":{"line":96,"column":30}},"60":{"start":{"line":97,"column":12},"end":{"line":100,"column":15}},"61":{"start":{"line":98,"column":14},"end":{"line":98,"column":40}},"62":{"start":{"line":98,"column":23},"end":{"line":98,"column":40}},"63":{"start":{"line":99,"column":14},"end":{"line":99,"column":56}},"64":{"start":{"line":106,"column":4},"end":{"line":113,"column":7}},"65":{"start":{"line":107,"column":6},"end":{"line":109,"column":7}},"66":{"start":{"line":108,"column":8},"end":{"line":108,"column":71}},"67":{"start":{"line":110,"column":6},"end":{"line":112,"column":7}},"68":{"start":{"line":111,"column":8},"end":{"line":111,"column":40}},"69":{"start":{"line":115,"column":4},"end":{"line":117,"column":5}},"70":{"start":{"line":116,"column":6},"end":{"line":116,"column":74}},"71":{"start":{"line":118,"column":4},"end":{"line":118,"column":11}},"72":{"start":{"line":122,"column":0},"end":{"line":132,"column":2}},"73":{"start":{"line":123,"column":2},"end":{"line":123,"column":68}},"74":{"start":{"line":124,"column":19},"end":{"line":124,"column":65}},"75":{"start":{"line":125,"column":2},"end":{"line":131,"column":3}},"76":{"start":{"line":126,"column":4},"end":{"line":128,"column":7}},"77":{"start":{"line":127,"column":6},"end":{"line":127,"column":19}},"78":{"start":{"line":130,"column":4},"end":{"line":130,"column":52}},"79":{"start":{"line":134,"column":0},"end":{"line":145,"column":2}},"80":{"start":{"line":135,"column":2},"end":{"line":144,"column":5}},"81":{"start":{"line":136,"column":4},"end":{"line":143,"column":7}},"82":{"start":{"line":137,"column":6},"end":{"line":137,"column":60}},"83":{"start":{"line":137,"column":28},"end":{"line":137,"column":58}},"84":{"start":{"line":138,"column":18},"end":{"line":138,"column":86}},"85":{"start":{"line":139,"column":6},"end":{"line":142,"column":9}},"86":{"start":{"line":140,"column":8},"end":{"line":140,"column":79}},"87":{"start":{"line":140,"column":33},"end":{"line":140,"column":77}},"88":{"start":{"line":141,"column":8},"end":{"line":141,"column":55}},"89":{"start":{"line":147,"column":0},"end":{"line":159,"column":2}},"90":{"start":{"line":149,"column":4},"end":{"line":153,"column":7}},"91":{"start":{"line":150,"column":6},"end":{"line":152,"column":9}},"92":{"start":{"line":151,"column":8},"end":{"line":151,"column":42}},"93":{"start":{"line":156,"column":2},"end":{"line":158,"column":21}},"94":{"start":{"line":157,"column":22},"end":{"line":157,"column":38}},"95":{"start":{"line":158,"column":17},"end":{"line":158,"column":19}},"96":{"start":{"line":165,"column":0},"end":{"line":225,"column":2}},"97":{"start":{"line":166,"column":15},"end":{"line":166,"column":19}},"98":{"start":{"line":169,"column":19},"end":{"line":169,"column":40}},"99":{"start":{"line":171,"column":14},"end":{"line":171,"column":22}},"100":{"start":{"line":174,"column":2},"end":{"line":178,"column":3}},"101":{"start":{"line":175,"column":4},"end":{"line":175,"column":35}},"102":{"start":{"line":176,"column":4},"end":{"line":176,"column":21}},"103":{"start":{"line":177,"column":4},"end":{"line":177,"column":31}},"104":{"start":{"line":181,"column":25},"end":{"line":181,"column":29}},"105":{"start":{"line":185,"column":22},"end":{"line":185,"column":43}},"106":{"start":{"line":186,"column":17},"end":{"line":186,"column":22}},"107":{"start":{"line":187,"column":19},"end":{"line":187,"column":21}},"108":{"start":{"line":188,"column":2},"end":{"line":191,"column":3}},"109":{"start":{"line":189,"column":4},"end":{"line":189,"column":75}},"110":{"start":{"line":190,"column":4},"end":{"line":190,"column":47}},"111":{"start":{"line":193,"column":2},"end":{"line":193,"column":49}},"112":{"start":{"line":193,"column":31},"end":{"line":193,"column":49}},"113":{"start":{"line":195,"column":2},"end":{"line":198,"column":3}},"114":{"start":{"line":196,"column":4},"end":{"line":196,"column":97}},"115":{"start":{"line":197,"column":4},"end":{"line":197,"column":29}},"116":{"start":{"line":200,"column":23},"end":{"line":202,"column":3}},"117":{"start":{"line":204,"column":22},"end":{"line":209,"column":4}},"118":{"start":{"line":205,"column":4},"end":{"line":208,"column":7}},"119":{"start":{"line":206,"column":6},"end":{"line":206,"column":34}},"120":{"start":{"line":206,"column":15},"end":{"line":206,"column":34}},"121":{"start":{"line":207,"column":6},"end":{"line":207,"column":19}},"122":{"start":{"line":211,"column":2},"end":{"line":220,"column":3}},"123":{"start":{"line":212,"column":4},"end":{"line":217,"column":5}},"124":{"start":{"line":213,"column":6},"end":{"line":213,"column":110}},"125":{"start":{"line":215,"column":6},"end":{"line":215,"column":45}},"126":{"start":{"line":216,"column":6},"end":{"line":216,"column":77}},"127":{"start":{"line":219,"column":4},"end":{"line":219,"column":52}},"128":{"start":{"line":222,"column":2},"end":{"line":224,"column":5}},"129":{"start":{"line":223,"column":4},"end":{"line":223,"column":96}},"130":{"start":{"line":223,"column":57},"end":{"line":223,"column":93}},"131":{"start":{"line":230,"column":0},"end":{"line":241,"column":2}},"132":{"start":{"line":231,"column":15},"end":{"line":231,"column":19}},"133":{"start":{"line":232,"column":2},"end":{"line":232,"column":50}},"134":{"start":{"line":234,"column":2},"end":{"line":236,"column":5}},"135":{"start":{"line":235,"column":4},"end":{"line":235,"column":81}},"136":{"start":{"line":235,"column":41},"end":{"line":235,"column":78}},"137":{"start":{"line":238,"column":2},"end":{"line":240,"column":5}},"138":{"start":{"line":239,"column":4},"end":{"line":239,"column":89}},"139":{"start":{"line":239,"column":45},"end":{"line":239,"column":86}},"140":{"start":{"line":243,"column":0},"end":{"line":243,"column":30}}},"fnMap":{"0":{"name":"Runner","decl":{"start":{"line":12,"column":9},"end":{"line":12,"column":15}},"loc":{"start":{"line":12,"column":18},"end":{"line":13,"column":1}},"line":12},"1":{"name":"init","decl":{"start":{"line":15,"column":33},"end":{"line":15,"column":37}},"loc":{"start":{"line":15,"column":51},"end":{"line":24,"column":1}},"line":15},"2":{"name":"(anonymous_2)","decl":{"start":{"line":18,"column":23},"end":{"line":18,"column":24}},"loc":{"start":{"line":19,"column":6},"end":{"line":19,"column":75}},"line":19},"3":{"name":"(anonymous_3)","decl":{"start":{"line":19,"column":18},"end":{"line":19,"column":19}},"loc":{"start":{"line":19,"column":37},"end":{"line":19,"column":73}},"line":19},"4":{"name":"disconnect","decl":{"start":{"line":26,"column":39},"end":{"line":26,"column":49}},"loc":{"start":{"line":26,"column":56},"end":{"line":34,"column":1}},"line":26},"5":{"name":"(anonymous_5)","decl":{"start":{"line":28,"column":23},"end":{"line":28,"column":24}},"loc":{"start":{"line":29,"column":6},"end":{"line":29,"column":78}},"line":29},"6":{"name":"(anonymous_6)","decl":{"start":{"line":29,"column":21},"end":{"line":29,"column":22}},"loc":{"start":{"line":29,"column":40},"end":{"line":29,"column":76}},"line":29},"7":{"name":"listRunning","decl":{"start":{"line":39,"column":40},"end":{"line":39,"column":51}},"loc":{"start":{"line":39,"column":62},"end":{"line":49,"column":1}},"line":39},"8":{"name":"(anonymous_8)","decl":{"start":{"line":40,"column":21},"end":{"line":40,"column":22}},"loc":{"start":{"line":40,"column":42},"end":{"line":48,"column":3}},"line":40},"9":{"name":"(anonymous_9)","decl":{"start":{"line":41,"column":13},"end":{"line":41,"column":14}},"loc":{"start":{"line":41,"column":28},"end":{"line":47,"column":5}},"line":41},"10":{"name":"(anonymous_10)","decl":{"start":{"line":43,"column":42},"end":{"line":43,"column":43}},"loc":{"start":{"line":43,"column":58},"end":{"line":43,"column":139}},"line":43},"11":{"name":"listNotRunning","decl":{"start":{"line":54,"column":43},"end":{"line":54,"column":57}},"loc":{"start":{"line":54,"column":68},"end":{"line":64,"column":1}},"line":54},"12":{"name":"(anonymous_12)","decl":{"start":{"line":55,"column":21},"end":{"line":55,"column":22}},"loc":{"start":{"line":55,"column":42},"end":{"line":63,"column":3}},"line":55},"13":{"name":"(anonymous_13)","decl":{"start":{"line":56,"column":13},"end":{"line":56,"column":14}},"loc":{"start":{"line":56,"column":28},"end":{"line":62,"column":5}},"line":56},"14":{"name":"(anonymous_14)","decl":{"start":{"line":58,"column":42},"end":{"line":58,"column":43}},"loc":{"start":{"line":58,"column":58},"end":{"line":58,"column":96}},"line":58},"15":{"name":"getInterpreter","decl":{"start":{"line":66,"column":43},"end":{"line":66,"column":57}},"loc":{"start":{"line":66,"column":80},"end":{"line":120,"column":1}},"line":66},"16":{"name":"(anonymous_16)","decl":{"start":{"line":79,"column":24},"end":{"line":79,"column":25}},"loc":{"start":{"line":79,"column":34},"end":{"line":86,"column":5}},"line":79},"17":{"name":"(anonymous_17)","decl":{"start":{"line":88,"column":24},"end":{"line":88,"column":25}},"loc":{"start":{"line":88,"column":34},"end":{"line":104,"column":5}},"line":88},"18":{"name":"(anonymous_18)","decl":{"start":{"line":97,"column":45},"end":{"line":97,"column":46}},"loc":{"start":{"line":97,"column":54},"end":{"line":100,"column":13}},"line":97},"19":{"name":"(anonymous_19)","decl":{"start":{"line":106,"column":18},"end":{"line":106,"column":19}},"loc":{"start":{"line":106,"column":24},"end":{"line":113,"column":5}},"line":106},"20":{"name":"installNode","decl":{"start":{"line":122,"column":40},"end":{"line":122,"column":51}},"loc":{"start":{"line":122,"column":74},"end":{"line":132,"column":1}},"line":122},"21":{"name":"(anonymous_21)","decl":{"start":{"line":126,"column":70},"end":{"line":126,"column":71}},"loc":{"start":{"line":126,"column":95},"end":{"line":128,"column":5}},"line":126},"22":{"name":"getVersion","decl":{"start":{"line":134,"column":39},"end":{"line":134,"column":49}},"loc":{"start":{"line":134,"column":66},"end":{"line":145,"column":1}},"line":134},"23":{"name":"(anonymous_23)","decl":{"start":{"line":135,"column":21},"end":{"line":135,"column":22}},"loc":{"start":{"line":135,"column":42},"end":{"line":144,"column":3}},"line":135},"24":{"name":"(anonymous_24)","decl":{"start":{"line":136,"column":40},"end":{"line":136,"column":41}},"loc":{"start":{"line":136,"column":73},"end":{"line":143,"column":5}},"line":136},"25":{"name":"(anonymous_25)","decl":{"start":{"line":139,"column":67},"end":{"line":139,"column":68}},"loc":{"start":{"line":139,"column":96},"end":{"line":142,"column":7}},"line":139},"26":{"name":"getHashes","decl":{"start":{"line":147,"column":38},"end":{"line":147,"column":47}},"loc":{"start":{"line":147,"column":71},"end":{"line":159,"column":1}},"line":147},"27":{"name":"getHash","decl":{"start":{"line":148,"column":11},"end":{"line":148,"column":18}},"loc":{"start":{"line":148,"column":25},"end":{"line":154,"column":3}},"line":148},"28":{"name":"(anonymous_28)","decl":{"start":{"line":149,"column":23},"end":{"line":149,"column":24}},"loc":{"start":{"line":149,"column":36},"end":{"line":153,"column":5}},"line":149},"29":{"name":"(anonymous_29)","decl":{"start":{"line":150,"column":97},"end":{"line":150,"column":98}},"loc":{"start":{"line":150,"column":114},"end":{"line":152,"column":7}},"line":150},"30":{"name":"(anonymous_30)","decl":{"start":{"line":157,"column":10},"end":{"line":157,"column":11}},"loc":{"start":{"line":157,"column":22},"end":{"line":157,"column":38}},"line":157},"31":{"name":"(anonymous_31)","decl":{"start":{"line":158,"column":11},"end":{"line":158,"column":12}},"loc":{"start":{"line":158,"column":17},"end":{"line":158,"column":19}},"line":158},"32":{"name":"start","decl":{"start":{"line":165,"column":40},"end":{"line":165,"column":45}},"loc":{"start":{"line":165,"column":55},"end":{"line":225,"column":1}},"line":165},"33":{"name":"(anonymous_33)","decl":{"start":{"line":204,"column":40},"end":{"line":204,"column":41}},"loc":{"start":{"line":204,"column":61},"end":{"line":209,"column":3}},"line":204},"34":{"name":"(anonymous_34)","decl":{"start":{"line":205,"column":45},"end":{"line":205,"column":46}},"loc":{"start":{"line":205,"column":59},"end":{"line":208,"column":5}},"line":205},"35":{"name":"(anonymous_35)","decl":{"start":{"line":222,"column":20},"end":{"line":222,"column":21}},"loc":{"start":{"line":222,"column":41},"end":{"line":224,"column":3}},"line":222},"36":{"name":"(anonymous_36)","decl":{"start":{"line":223,"column":38},"end":{"line":223,"column":39}},"loc":{"start":{"line":223,"column":57},"end":{"line":223,"column":93}},"line":223},"37":{"name":"stop","decl":{"start":{"line":230,"column":39},"end":{"line":230,"column":43}},"loc":{"start":{"line":230,"column":53},"end":{"line":241,"column":1}},"line":230},"38":{"name":"(anonymous_38)","decl":{"start":{"line":234,"column":20},"end":{"line":234,"column":21}},"loc":{"start":{"line":234,"column":41},"end":{"line":236,"column":3}},"line":234},"39":{"name":"(anonymous_39)","decl":{"start":{"line":235,"column":27},"end":{"line":235,"column":28}},"loc":{"start":{"line":235,"column":41},"end":{"line":235,"column":78}},"line":235},"40":{"name":"(anonymous_40)","decl":{"start":{"line":238,"column":20},"end":{"line":238,"column":21}},"loc":{"start":{"line":238,"column":41},"end":{"line":240,"column":3}},"line":238},"41":{"name":"(anonymous_41)","decl":{"start":{"line":239,"column":29},"end":{"line":239,"column":30}},"loc":{"start":{"line":239,"column":45},"end":{"line":239,"column":86}},"line":239}},"branchMap":{"0":{"loc":{"start":{"line":17,"column":2},"end":{"line":21,"column":3}},"type":"if","locations":[{"start":{"line":17,"column":2},"end":{"line":21,"column":3}},{"start":{"line":17,"column":2},"end":{"line":21,"column":3}}],"line":17},"1":{"loc":{"start":{"line":19,"column":37},"end":{"line":19,"column":73}},"type":"cond-expr","locations":[{"start":{"line":19,"column":43},"end":{"line":19,"column":54}},{"start":{"line":19,"column":57},"end":{"line":19,"column":73}}],"line":19},"2":{"loc":{"start":{"line":27,"column":2},"end":{"line":31,"column":3}},"type":"if","locations":[{"start":{"line":27,"column":2},"end":{"line":31,"column":3}},{"start":{"line":27,"column":2},"end":{"line":31,"column":3}}],"line":27},"3":{"loc":{"start":{"line":29,"column":40},"end":{"line":29,"column":76}},"type":"cond-expr","locations":[{"start":{"line":29,"column":46},"end":{"line":29,"column":57}},{"start":{"line":29,"column":60},"end":{"line":29,"column":76}}],"line":29},"4":{"loc":{"start":{"line":42,"column":6},"end":{"line":42,"column":34}},"type":"if","locations":[{"start":{"line":42,"column":6},"end":{"line":42,"column":34}},{"start":{"line":42,"column":6},"end":{"line":42,"column":34}}],"line":42},"5":{"loc":{"start":{"line":43,"column":58},"end":{"line":43,"column":139}},"type":"binary-expr","locations":[{"start":{"line":43,"column":58},"end":{"line":43,"column":96}},{"start":{"line":43,"column":100},"end":{"line":43,"column":139}}],"line":43},"6":{"loc":{"start":{"line":45,"column":6},"end":{"line":45,"column":65}},"type":"if","locations":[{"start":{"line":45,"column":6},"end":{"line":45,"column":65}},{"start":{"line":45,"column":6},"end":{"line":45,"column":65}}],"line":45},"7":{"loc":{"start":{"line":57,"column":6},"end":{"line":57,"column":34}},"type":"if","locations":[{"start":{"line":57,"column":6},"end":{"line":57,"column":34}},{"start":{"line":57,"column":6},"end":{"line":57,"column":34}}],"line":57},"8":{"loc":{"start":{"line":60,"column":6},"end":{"line":60,"column":65}},"type":"if","locations":[{"start":{"line":60,"column":6},"end":{"line":60,"column":65}},{"start":{"line":60,"column":6},"end":{"line":60,"column":65}}],"line":60},"9":{"loc":{"start":{"line":74,"column":2},"end":{"line":119,"column":3}},"type":"if","locations":[{"start":{"line":74,"column":2},"end":{"line":119,"column":3}},{"start":{"line":74,"column":2},"end":{"line":119,"column":3}}],"line":74},"10":{"loc":{"start":{"line":74,"column":6},"end":{"line":74,"column":47}},"type":"binary-expr","locations":[{"start":{"line":74,"column":6},"end":{"line":74,"column":14}},{"start":{"line":74,"column":18},"end":{"line":74,"column":47}}],"line":74},"11":{"loc":{"start":{"line":80,"column":6},"end":{"line":85,"column":7}},"type":"if","locations":[{"start":{"line":80,"column":6},"end":{"line":85,"column":7}},{"start":{"line":80,"column":6},"end":{"line":85,"column":7}}],"line":80},"12":{"loc":{"start":{"line":83,"column":13},"end":{"line":85,"column":7}},"type":"if","locations":[{"start":{"line":83,"column":13},"end":{"line":85,"column":7}},{"start":{"line":83,"column":13},"end":{"line":85,"column":7}}],"line":83},"13":{"loc":{"start":{"line":89,"column":6},"end":{"line":103,"column":7}},"type":"if","locations":[{"start":{"line":89,"column":6},"end":{"line":103,"column":7}},{"start":{"line":89,"column":6},"end":{"line":103,"column":7}}],"line":89},"14":{"loc":{"start":{"line":91,"column":8},"end":{"line":102,"column":9}},"type":"if","locations":[{"start":{"line":91,"column":8},"end":{"line":102,"column":9}},{"start":{"line":91,"column":8},"end":{"line":102,"column":9}}],"line":91},"15":{"loc":{"start":{"line":95,"column":10},"end":{"line":101,"column":11}},"type":"if","locations":[{"start":{"line":95,"column":10},"end":{"line":101,"column":11}},{"start":{"line":95,"column":10},"end":{"line":101,"column":11}}],"line":95},"16":{"loc":{"start":{"line":98,"column":14},"end":{"line":98,"column":40}},"type":"if","locations":[{"start":{"line":98,"column":14},"end":{"line":98,"column":40}},{"start":{"line":98,"column":14},"end":{"line":98,"column":40}}],"line":98},"17":{"loc":{"start":{"line":107,"column":6},"end":{"line":109,"column":7}},"type":"if","locations":[{"start":{"line":107,"column":6},"end":{"line":109,"column":7}},{"start":{"line":107,"column":6},"end":{"line":109,"column":7}}],"line":107},"18":{"loc":{"start":{"line":107,"column":10},"end":{"line":107,"column":46}},"type":"binary-expr","locations":[{"start":{"line":107,"column":10},"end":{"line":107,"column":21}},{"start":{"line":107,"column":25},"end":{"line":107,"column":46}}],"line":107},"19":{"loc":{"start":{"line":110,"column":6},"end":{"line":112,"column":7}},"type":"if","locations":[{"start":{"line":110,"column":6},"end":{"line":112,"column":7}},{"start":{"line":110,"column":6},"end":{"line":112,"column":7}}],"line":110},"20":{"loc":{"start":{"line":115,"column":4},"end":{"line":117,"column":5}},"type":"if","locations":[{"start":{"line":115,"column":4},"end":{"line":117,"column":5}},{"start":{"line":115,"column":4},"end":{"line":117,"column":5}}],"line":115},"21":{"loc":{"start":{"line":125,"column":2},"end":{"line":131,"column":3}},"type":"if","locations":[{"start":{"line":125,"column":2},"end":{"line":131,"column":3}},{"start":{"line":125,"column":2},"end":{"line":131,"column":3}}],"line":125},"22":{"loc":{"start":{"line":137,"column":6},"end":{"line":137,"column":60}},"type":"if","locations":[{"start":{"line":137,"column":6},"end":{"line":137,"column":60}},{"start":{"line":137,"column":6},"end":{"line":137,"column":60}}],"line":137},"23":{"loc":{"start":{"line":138,"column":18},"end":{"line":138,"column":86}},"type":"binary-expr","locations":[{"start":{"line":138,"column":19},"end":{"line":138,"column":30}},{"start":{"line":138,"column":34},"end":{"line":138,"column":54}},{"start":{"line":138,"column":59},"end":{"line":138,"column":86}}],"line":138},"24":{"loc":{"start":{"line":140,"column":8},"end":{"line":140,"column":79}},"type":"if","locations":[{"start":{"line":140,"column":8},"end":{"line":140,"column":79}},{"start":{"line":140,"column":8},"end":{"line":140,"column":79}}],"line":140},"25":{"loc":{"start":{"line":140,"column":12},"end":{"line":140,"column":29}},"type":"binary-expr","locations":[{"start":{"line":140,"column":12},"end":{"line":140,"column":19}},{"start":{"line":140,"column":23},"end":{"line":140,"column":29}}],"line":140},"26":{"loc":{"start":{"line":140,"column":47},"end":{"line":140,"column":75}},"type":"binary-expr","locations":[{"start":{"line":140,"column":47},"end":{"line":140,"column":54}},{"start":{"line":140,"column":58},"end":{"line":140,"column":75}}],"line":140},"27":{"loc":{"start":{"line":141,"column":17},"end":{"line":141,"column":46}},"type":"binary-expr","locations":[{"start":{"line":141,"column":17},"end":{"line":141,"column":40}},{"start":{"line":141,"column":44},"end":{"line":141,"column":46}}],"line":141},"28":{"loc":{"start":{"line":174,"column":2},"end":{"line":178,"column":3}},"type":"if","locations":[{"start":{"line":174,"column":2},"end":{"line":178,"column":3}},{"start":{"line":174,"column":2},"end":{"line":178,"column":3}}],"line":174},"29":{"loc":{"start":{"line":188,"column":2},"end":{"line":191,"column":3}},"type":"if","locations":[{"start":{"line":188,"column":2},"end":{"line":191,"column":3}},{"start":{"line":188,"column":2},"end":{"line":191,"column":3}}],"line":188},"30":{"loc":{"start":{"line":193,"column":2},"end":{"line":193,"column":49}},"type":"if","locations":[{"start":{"line":193,"column":2},"end":{"line":193,"column":49}},{"start":{"line":193,"column":2},"end":{"line":193,"column":49}}],"line":193},"31":{"loc":{"start":{"line":195,"column":2},"end":{"line":198,"column":3}},"type":"if","locations":[{"start":{"line":195,"column":2},"end":{"line":198,"column":3}},{"start":{"line":195,"column":2},"end":{"line":198,"column":3}}],"line":195},"32":{"loc":{"start":{"line":206,"column":6},"end":{"line":206,"column":34}},"type":"if","locations":[{"start":{"line":206,"column":6},"end":{"line":206,"column":34}},{"start":{"line":206,"column":6},"end":{"line":206,"column":34}}],"line":206},"33":{"loc":{"start":{"line":211,"column":2},"end":{"line":220,"column":3}},"type":"if","locations":[{"start":{"line":211,"column":2},"end":{"line":220,"column":3}},{"start":{"line":211,"column":2},"end":{"line":220,"column":3}}],"line":211},"34":{"loc":{"start":{"line":212,"column":4},"end":{"line":217,"column":5}},"type":"if","locations":[{"start":{"line":212,"column":4},"end":{"line":217,"column":5}},{"start":{"line":212,"column":4},"end":{"line":217,"column":5}}],"line":212},"35":{"loc":{"start":{"line":223,"column":57},"end":{"line":223,"column":93}},"type":"cond-expr","locations":[{"start":{"line":223,"column":63},"end":{"line":223,"column":74}},{"start":{"line":223,"column":77},"end":{"line":223,"column":93}}],"line":223},"36":{"loc":{"start":{"line":235,"column":41},"end":{"line":235,"column":78}},"type":"cond-expr","locations":[{"start":{"line":235,"column":51},"end":{"line":235,"column":66}},{"start":{"line":235,"column":69},"end":{"line":235,"column":78}}],"line":235},"37":{"loc":{"start":{"line":239,"column":45},"end":{"line":239,"column":86}},"type":"cond-expr","locations":[{"start":{"line":239,"column":57},"end":{"line":239,"column":74}},{"start":{"line":239,"column":77},"end":{"line":239,"column":86}}],"line":239}},"s":{"0":1,"1":1,"2":1,"3":1,"4":1,"5":1,"6":1,"7":0,"8":0,"9":0,"10":0,"11":0,"12":0,"13":1,"14":0,"15":0,"16":0,"17":0,"18":0,"19":1,"20":0,"21":0,"22":0,"23":0,"24":0,"25":0,"26":0,"27":0,"28":0,"29":1,"30":0,"31":0,"32":0,"33":0,"34":0,"35":0,"36":0,"37":0,"38":0,"39":1,"40":27,"41":27,"42":27,"43":27,"44":0,"45":0,"46":0,"47":0,"48":0,"49":0,"50":0,"51":0,"52":0,"53":0,"54":0,"55":0,"56":0,"57":0,"58":0,"59":0,"60":0,"61":0,"62":0,"63":0,"64":0,"65":0,"66":0,"67":0,"68":0,"69":27,"70":0,"71":27,"72":1,"73":0,"74":0,"75":0,"76":0,"77":0,"78":0,"79":1,"80":0,"81":0,"82":0,"83":0,"84":0,"85":0,"86":0,"87":0,"88":0,"89":1,"90":0,"91":0,"92":0,"93":0,"94":0,"95":0,"96":1,"97":0,"98":0,"99":0,"100":0,"101":0,"102":0,"103":0,"104":0,"105":0,"106":0,"107":0,"108":0,"109":0,"110":0,"111":0,"112":0,"113":0,"114":0,"115":0,"116":0,"117":0,"118":0,"119":0,"120":0,"121":0,"122":0,"123":0,"124":0,"125":0,"126":0,"127":0,"128":0,"129":0,"130":0,"131":1,"132":0,"133":0,"134":0,"135":0,"136":0,"137":0,"138":0,"139":0,"140":1},"f":{"0":1,"1":0,"2":0,"3":0,"4":0,"5":0,"6":0,"7":0,"8":0,"9":0,"10":0,"11":0,"12":0,"13":0,"14":0,"15":27,"16":0,"17":0,"18":0,"19":0,"20":0,"21":0,"22":0,"23":0,"24":0,"25":0,"26":0,"27":0,"28":0,"29":0,"30":0,"31":0,"32":0,"33":0,"34":0,"35":0,"36":0,"37":0,"38":0,"39":0,"40":0,"41":0},"b":{"0":[0,0],"1":[0,0],"2":[0,0],"3":[0,0],"4":[0,0],"5":[0,0],"6":[0,0],"7":[0,0],"8":[0,0],"9":[0,27],"10":[27,0],"11":[0,0],"12":[0,0],"13":[0,0],"14":[0,0],"15":[0,0],"16":[0,0],"17":[0,0],"18":[0,0],"19":[0,0],"20":[0,27],"21":[0,0],"22":[0,0],"23":[0,0,0],"24":[0,0],"25":[0,0],"26":[0,0],"27":[0,0],"28":[0,0],"29":[0,0],"30":[0,0],"31":[0,0],"32":[0,0],"33":[0,0],"34":[0,0],"35":[0,0],"36":[0,0],"37":[0,0]},"_coverageSchema":"1a1c01bbd47fc00a2c39e90264f33305004495a9","hash":"d85fd06364d34c792f397c92a2e262d9b4723866","contentHash":"6bafb4f19cdf0d36c2a7eb9ba1a63cd1333499072e33def8ce842fa5b718bfee"},"/Users/cliftonc/work/bosco-alt/src/ExternalBuilders/SpawnWatch.js":{"path":"/Users/cliftonc/work/bosco-alt/src/ExternalBuilders/SpawnWatch.js","statementMap":{"0":{"start":{"line":1,"column":18},"end":{"line":1,"column":42}},"1":{"start":{"line":2,"column":10},"end":{"line":2,"column":27}},"2":{"start":{"line":4,"column":0},"end":{"line":92,"column":2}},"3":{"start":{"line":5,"column":2},"end":{"line":91,"column":4}},"4":{"start":{"line":6,"column":4},"end":{"line":6,"column":91}},"5":{"start":{"line":7,"column":15},"end":{"line":7,"column":69}},"6":{"start":{"line":8,"column":17},"end":{"line":10,"column":5}},"7":{"start":{"line":16,"column":6},"end":{"line":16,"column":27}},"8":{"start":{"line":17,"column":6},"end":{"line":17,"column":39}},"9":{"start":{"line":21,"column":6},"end":{"line":23,"column":8}},"10":{"start":{"line":24,"column":6},"end":{"line":24,"column":23}},"11":{"start":{"line":25,"column":6},"end":{"line":25,"column":28}},"12":{"start":{"line":26,"column":6},"end":{"line":26,"column":65}},"13":{"start":{"line":26,"column":31},"end":{"line":26,"column":65}},"14":{"start":{"line":27,"column":6},"end":{"line":27,"column":33}},"15":{"start":{"line":31,"column":29},"end":{"line":31,"column":44}},"16":{"start":{"line":32,"column":6},"end":{"line":32,"column":14}},"17":{"start":{"line":33,"column":6},"end":{"line":33,"column":48}},"18":{"start":{"line":37,"column":27},"end":{"line":37,"column":158}},"19":{"start":{"line":38,"column":6},"end":{"line":38,"column":31}},"20":{"start":{"line":39,"column":6},"end":{"line":39,"column":40}},"21":{"start":{"line":40,"column":6},"end":{"line":42,"column":7}},"22":{"start":{"line":41,"column":8},"end":{"line":41,"column":34}},"23":{"start":{"line":43,"column":6},"end":{"line":43,"column":30}},"24":{"start":{"line":47,"column":6},"end":{"line":47,"column":70}},"25":{"start":{"line":48,"column":6},"end":{"line":48,"column":72}},"26":{"start":{"line":52,"column":6},"end":{"line":56,"column":9}},"27":{"start":{"line":53,"column":8},"end":{"line":53,"column":46}},"28":{"start":{"line":53,"column":37},"end":{"line":53,"column":44}},"29":{"start":{"line":54,"column":8},"end":{"line":54,"column":34}},"30":{"start":{"line":55,"column":8},"end":{"line":55,"column":29}},"31":{"start":{"line":57,"column":6},"end":{"line":57,"column":53}},"32":{"start":{"line":61,"column":6},"end":{"line":61,"column":28}},"33":{"start":{"line":61,"column":19},"end":{"line":61,"column":26}},"34":{"start":{"line":63,"column":6},"end":{"line":65,"column":7}},"35":{"start":{"line":64,"column":8},"end":{"line":64,"column":23}},"36":{"start":{"line":67,"column":6},"end":{"line":67,"column":39}},"37":{"start":{"line":68,"column":6},"end":{"line":70,"column":7}},"38":{"start":{"line":69,"column":8},"end":{"line":69,"column":51}},"39":{"start":{"line":72,"column":6},"end":{"line":75,"column":7}},"40":{"start":{"line":73,"column":8},"end":{"line":73,"column":34}},"41":{"start":{"line":74,"column":8},"end":{"line":74,"column":25}},"42":{"start":{"line":79,"column":25},"end":{"line":79,"column":97}},"43":{"start":{"line":80,"column":6},"end":{"line":80,"column":29}},"44":{"start":{"line":81,"column":6},"end":{"line":81,"column":33}},"45":{"start":{"line":82,"column":6},"end":{"line":82,"column":34}},"46":{"start":{"line":83,"column":6},"end":{"line":83,"column":100}},"47":{"start":{"line":84,"column":6},"end":{"line":84,"column":40}},"48":{"start":{"line":87,"column":4},"end":{"line":87,"column":12}},"49":{"start":{"line":88,"column":4},"end":{"line":88,"column":71}},"50":{"start":{"line":88,"column":37},"end":{"line":88,"column":67}},"51":{"start":{"line":89,"column":4},"end":{"line":89,"column":71}},"52":{"start":{"line":89,"column":37},"end":{"line":89,"column":67}},"53":{"start":{"line":90,"column":4},"end":{"line":90,"column":31}}},"fnMap":{"0":{"name":"SpawnWatch","decl":{"start":{"line":4,"column":26},"end":{"line":4,"column":36}},"loc":{"start":{"line":4,"column":44},"end":{"line":92,"column":1}},"line":4},"1":{"name":"(anonymous_1)","decl":{"start":{"line":5,"column":9},"end":{"line":5,"column":10}},"loc":{"start":{"line":5,"column":60},"end":{"line":91,"column":3}},"line":5},"2":{"name":"addOutput","decl":{"start":{"line":15,"column":13},"end":{"line":15,"column":22}},"loc":{"start":{"line":15,"column":35},"end":{"line":18,"column":5}},"line":15},"3":{"name":"reset","decl":{"start":{"line":20,"column":13},"end":{"line":20,"column":18}},"loc":{"start":{"line":20,"column":21},"end":{"line":28,"column":5}},"line":20},"4":{"name":"buildCompleted","decl":{"start":{"line":30,"column":13},"end":{"line":30,"column":27}},"loc":{"start":{"line":30,"column":33},"end":{"line":34,"column":5}},"line":30},"5":{"name":"onBuildTimeout","decl":{"start":{"line":36,"column":13},"end":{"line":36,"column":27}},"loc":{"start":{"line":36,"column":30},"end":{"line":44,"column":5}},"line":36},"6":{"name":"buildStarted","decl":{"start":{"line":46,"column":13},"end":{"line":46,"column":25}},"loc":{"start":{"line":46,"column":28},"end":{"line":49,"column":5}},"line":46},"7":{"name":"isBuildFinished","decl":{"start":{"line":51,"column":13},"end":{"line":51,"column":28}},"loc":{"start":{"line":51,"column":31},"end":{"line":58,"column":5}},"line":51},"8":{"name":"(anonymous_8)","decl":{"start":{"line":52,"column":26},"end":{"line":52,"column":27}},"loc":{"start":{"line":52,"column":40},"end":{"line":56,"column":7}},"line":52},"9":{"name":"onChildOutput","decl":{"start":{"line":60,"column":13},"end":{"line":60,"column":26}},"loc":{"start":{"line":60,"column":39},"end":{"line":76,"column":5}},"line":60},"10":{"name":"onChildExit","decl":{"start":{"line":78,"column":13},"end":{"line":78,"column":24}},"loc":{"start":{"line":78,"column":39},"end":{"line":85,"column":5}},"line":78},"11":{"name":"(anonymous_11)","decl":{"start":{"line":88,"column":25},"end":{"line":88,"column":26}},"loc":{"start":{"line":88,"column":35},"end":{"line":88,"column":69}},"line":88},"12":{"name":"(anonymous_12)","decl":{"start":{"line":89,"column":25},"end":{"line":89,"column":26}},"loc":{"start":{"line":89,"column":35},"end":{"line":89,"column":69}},"line":89}},"branchMap":{"0":{"loc":{"start":{"line":26,"column":6},"end":{"line":26,"column":65}},"type":"if","locations":[{"start":{"line":26,"column":6},"end":{"line":26,"column":65}},{"start":{"line":26,"column":6},"end":{"line":26,"column":65}}],"line":26},"1":{"loc":{"start":{"line":40,"column":6},"end":{"line":42,"column":7}},"type":"if","locations":[{"start":{"line":40,"column":6},"end":{"line":42,"column":7}},{"start":{"line":40,"column":6},"end":{"line":42,"column":7}}],"line":40},"2":{"loc":{"start":{"line":53,"column":8},"end":{"line":53,"column":46}},"type":"if","locations":[{"start":{"line":53,"column":8},"end":{"line":53,"column":46}},{"start":{"line":53,"column":8},"end":{"line":53,"column":46}}],"line":53},"3":{"loc":{"start":{"line":61,"column":6},"end":{"line":61,"column":28}},"type":"if","locations":[{"start":{"line":61,"column":6},"end":{"line":61,"column":28}},{"start":{"line":61,"column":6},"end":{"line":61,"column":28}}],"line":61},"4":{"loc":{"start":{"line":63,"column":6},"end":{"line":65,"column":7}},"type":"if","locations":[{"start":{"line":63,"column":6},"end":{"line":65,"column":7}},{"start":{"line":63,"column":6},"end":{"line":65,"column":7}}],"line":63},"5":{"loc":{"start":{"line":68,"column":6},"end":{"line":70,"column":7}},"type":"if","locations":[{"start":{"line":68,"column":6},"end":{"line":70,"column":7}},{"start":{"line":68,"column":6},"end":{"line":70,"column":7}}],"line":68},"6":{"loc":{"start":{"line":72,"column":6},"end":{"line":75,"column":7}},"type":"if","locations":[{"start":{"line":72,"column":6},"end":{"line":75,"column":7}},{"start":{"line":72,"column":6},"end":{"line":75,"column":7}}],"line":72}},"s":{"0":1,"1":1,"2":1,"3":22,"4":8,"5":8,"6":8,"7":20,"8":20,"9":24,"10":24,"11":24,"12":24,"13":10,"14":24,"15":16,"16":16,"17":16,"18":2,"19":2,"20":2,"21":2,"22":1,"23":2,"24":10,"25":10,"26":10,"27":10,"28":0,"29":10,"30":10,"31":10,"32":10,"33":0,"34":10,"35":10,"36":10,"37":10,"38":3,"39":10,"40":6,"41":6,"42":8,"43":8,"44":8,"45":8,"46":8,"47":8,"48":8,"49":8,"50":9,"51":8,"52":1,"53":8},"f":{"0":22,"1":8,"2":20,"3":24,"4":16,"5":2,"6":10,"7":10,"8":10,"9":10,"10":8,"11":9,"12":1},"b":{"0":[10,14],"1":[1,1],"2":[0,10],"3":[0,10],"4":[10,0],"5":[3,7],"6":[6,4]},"_coverageSchema":"1a1c01bbd47fc00a2c39e90264f33305004495a9","hash":"3d2dbf193364ea8bd225dc6f0317b5af82fda2bc","contentHash":"c85fb66e7775bb18390a7101e185301f4fe8852ab0a1585f3b9f6f3f848c36bd"},"/Users/cliftonc/work/bosco-alt/src/ExternalBuilders/ExecBuild.js":{"path":"/Users/cliftonc/work/bosco-alt/src/ExternalBuilders/ExecBuild.js","statementMap":{"0":{"start":{"line":1,"column":17},"end":{"line":1,"column":41}},"1":{"start":{"line":2,"column":21},"end":{"line":2,"column":45}},"2":{"start":{"line":4,"column":0},"end":{"line":12,"column":2}},"3":{"start":{"line":5,"column":2},"end":{"line":11,"column":4}},"4":{"start":{"line":6,"column":4},"end":{"line":6,"column":80}},"5":{"start":{"line":7,"column":4},"end":{"line":9,"column":5}},"6":{"start":{"line":8,"column":6},"end":{"line":8,"column":73}},"7":{"start":{"line":10,"column":4},"end":{"line":10,"column":53}}},"fnMap":{"0":{"name":"ExecBuild","decl":{"start":{"line":4,"column":26},"end":{"line":4,"column":35}},"loc":{"start":{"line":4,"column":43},"end":{"line":12,"column":1}},"line":4},"1":{"name":"(anonymous_1)","decl":{"start":{"line":5,"column":9},"end":{"line":5,"column":10}},"loc":{"start":{"line":5,"column":60},"end":{"line":11,"column":3}},"line":5}},"branchMap":{"0":{"loc":{"start":{"line":7,"column":4},"end":{"line":9,"column":5}},"type":"if","locations":[{"start":{"line":7,"column":4},"end":{"line":9,"column":5}},{"start":{"line":7,"column":4},"end":{"line":9,"column":5}}],"line":7}},"s":{"0":1,"1":1,"2":1,"3":22,"4":5,"5":5,"6":2,"7":3},"f":{"0":22,"1":5},"b":{"0":[2,3]},"_coverageSchema":"1a1c01bbd47fc00a2c39e90264f33305004495a9","hash":"65c69fcc76370488d5f87f2880a400e85cb82ef1","contentHash":"3b495a10f94cf2e9f8e44c40ac434c22f7c63d21a7d365f8cc0c4d386c9aacb2"},"/Users/cliftonc/work/bosco-alt/src/ExternalBuilders/utils.js":{"path":"/Users/cliftonc/work/bosco-alt/src/ExternalBuilders/utils.js","statementMap":{"0":{"start":{"line":1,"column":0},"end":{"line":37,"column":2}},"1":{"start":{"line":3,"column":4},"end":{"line":3,"column":91}},"2":{"start":{"line":12,"column":4},"end":{"line":27,"column":5}},"3":{"start":{"line":13,"column":26},"end":{"line":13,"column":49}},"4":{"start":{"line":14,"column":6},"end":{"line":14,"column":46}},"5":{"start":{"line":15,"column":6},"end":{"line":15,"column":45}},"6":{"start":{"line":16,"column":6},"end":{"line":16,"column":59}},"7":{"start":{"line":17,"column":6},"end":{"line":17,"column":30}},"8":{"start":{"line":19,"column":6},"end":{"line":19,"column":36}},"9":{"start":{"line":20,"column":6},"end":{"line":20,"column":30}},"10":{"start":{"line":21,"column":27},"end":{"line":21,"column":49}},"11":{"start":{"line":22,"column":6},"end":{"line":26,"column":7}},"12":{"start":{"line":23,"column":8},"end":{"line":23,"column":48}},"13":{"start":{"line":24,"column":8},"end":{"line":24,"column":23}},"14":{"start":{"line":25,"column":8},"end":{"line":25,"column":31}},"15":{"start":{"line":28,"column":4},"end":{"line":28,"column":61}},"16":{"start":{"line":29,"column":4},"end":{"line":31,"column":6}},"17":{"start":{"line":34,"column":2},"end":{"line":36,"column":4}}},"fnMap":{"0":{"name":"Utils","decl":{"start":{"line":1,"column":26},"end":{"line":1,"column":31}},"loc":{"start":{"line":1,"column":39},"end":{"line":37,"column":1}},"line":1},"1":{"name":"ensureCorrectNodeVersion","decl":{"start":{"line":2,"column":11},"end":{"line":2,"column":35}},"loc":{"start":{"line":2,"column":61},"end":{"line":4,"column":3}},"line":2},"2":{"name":"createCommand","decl":{"start":{"line":6,"column":11},"end":{"line":6,"column":24}},"loc":{"start":{"line":6,"column":58},"end":{"line":32,"column":3}},"line":6}},"branchMap":{"0":{"loc":{"start":{"line":3,"column":12},"end":{"line":3,"column":76}},"type":"cond-expr","locations":[{"start":{"line":3,"column":26},"end":{"line":3,"column":46}},{"start":{"line":3,"column":49},"end":{"line":3,"column":76}}],"line":3},"1":{"loc":{"start":{"line":12,"column":4},"end":{"line":27,"column":5}},"type":"if","locations":[{"start":{"line":12,"column":4},"end":{"line":27,"column":5}},{"start":{"line":12,"column":4},"end":{"line":27,"column":5}}],"line":12},"2":{"loc":{"start":{"line":13,"column":26},"end":{"line":13,"column":49}},"type":"binary-expr","locations":[{"start":{"line":13,"column":26},"end":{"line":13,"column":43}},{"start":{"line":13,"column":47},"end":{"line":13,"column":49}}],"line":13},"3":{"loc":{"start":{"line":14,"column":14},"end":{"line":14,"column":45}},"type":"binary-expr","locations":[{"start":{"line":14,"column":14},"end":{"line":14,"column":31}},{"start":{"line":14,"column":35},"end":{"line":14,"column":45}}],"line":14},"4":{"loc":{"start":{"line":15,"column":16},"end":{"line":15,"column":44}},"type":"binary-expr","locations":[{"start":{"line":15,"column":16},"end":{"line":15,"column":35}},{"start":{"line":15,"column":39},"end":{"line":15,"column":44}}],"line":15},"5":{"loc":{"start":{"line":16,"column":16},"end":{"line":16,"column":58}},"type":"binary-expr","locations":[{"start":{"line":16,"column":16},"end":{"line":16,"column":35}},{"start":{"line":16,"column":39},"end":{"line":16,"column":58}}],"line":16},"6":{"loc":{"start":{"line":22,"column":6},"end":{"line":26,"column":7}},"type":"if","locations":[{"start":{"line":22,"column":6},"end":{"line":26,"column":7}},{"start":{"line":22,"column":6},"end":{"line":26,"column":7}}],"line":22}},"s":{"0":1,"1":22,"2":22,"3":9,"4":9,"5":9,"6":9,"7":9,"8":13,"9":13,"10":13,"11":13,"12":2,"13":2,"14":2,"15":22,"16":22,"17":22},"f":{"0":22,"1":22,"2":22},"b":{"0":[0,22],"1":[9,13],"2":[9,2],"3":[9,3],"4":[9,7],"5":[9,6],"6":[2,11]},"_coverageSchema":"1a1c01bbd47fc00a2c39e90264f33305004495a9","hash":"71219caaaf1d3451d80a4563fdcde7727cb4ee1e","contentHash":"928e502d2565f1dff1af035f660936edb970cdc668f75dbe685ae873bdd5866c"},"/Users/cliftonc/work/bosco-alt/src/StaticUtils.js":{"path":"/Users/cliftonc/work/bosco-alt/src/StaticUtils.js","statementMap":{"0":{"start":{"line":1,"column":11},"end":{"line":1,"column":24}},"1":{"start":{"line":2,"column":13},"end":{"line":2,"column":28}},"2":{"start":{"line":3,"column":10},"end":{"line":3,"column":27}},"3":{"start":{"line":4,"column":14},"end":{"line":4,"column":30}},"4":{"start":{"line":5,"column":13},"end":{"line":5,"column":28}},"5":{"start":{"line":6,"column":30},"end":{"line":6,"column":57}},"6":{"start":{"line":7,"column":18},"end":{"line":7,"column":40}},"7":{"start":{"line":8,"column":22},"end":{"line":8,"column":48}},"8":{"start":{"line":9,"column":13},"end":{"line":9,"column":30}},"9":{"start":{"line":11,"column":0},"end":{"line":211,"column":2}},"10":{"start":{"line":12,"column":25},"end":{"line":12,"column":53}},"11":{"start":{"line":13,"column":17},"end":{"line":13,"column":33}},"12":{"start":{"line":14,"column":37},"end":{"line":14,"column":57}},"13":{"start":{"line":15,"column":15},"end":{"line":15,"column":26}},"14":{"start":{"line":16,"column":35},"end":{"line":16,"column":39}},"15":{"start":{"line":17,"column":35},"end":{"line":17,"column":39}},"16":{"start":{"line":20,"column":21},"end":{"line":20,"column":44}},"17":{"start":{"line":21,"column":28},"end":{"line":21,"column":69}},"18":{"start":{"line":22,"column":28},"end":{"line":22,"column":63}},"19":{"start":{"line":23,"column":20},"end":{"line":23,"column":22}},"20":{"start":{"line":26,"column":4},"end":{"line":26,"column":26}},"21":{"start":{"line":27,"column":4},"end":{"line":27,"column":30}},"22":{"start":{"line":28,"column":4},"end":{"line":28,"column":34}},"23":{"start":{"line":30,"column":4},"end":{"line":37,"column":5}},"24":{"start":{"line":31,"column":6},"end":{"line":31,"column":71}},"25":{"start":{"line":32,"column":6},"end":{"line":32,"column":50}},"26":{"start":{"line":33,"column":6},"end":{"line":33,"column":106}},"27":{"start":{"line":34,"column":6},"end":{"line":36,"column":7}},"28":{"start":{"line":35,"column":8},"end":{"line":35,"column":55}},"29":{"start":{"line":39,"column":4},"end":{"line":41,"column":5}},"30":{"start":{"line":40,"column":6},"end":{"line":40,"column":74}},"31":{"start":{"line":43,"column":4},"end":{"line":43,"column":26}},"32":{"start":{"line":47,"column":29},"end":{"line":47,"column":51}},"33":{"start":{"line":48,"column":19},"end":{"line":48,"column":79}},"34":{"start":{"line":49,"column":4},"end":{"line":49,"column":18}},"35":{"start":{"line":53,"column":24},"end":{"line":53,"column":60}},"36":{"start":{"line":54,"column":35},"end":{"line":54,"column":48}},"37":{"start":{"line":55,"column":25},"end":{"line":55,"column":27}},"38":{"start":{"line":58,"column":29},"end":{"line":58,"column":31}},"39":{"start":{"line":60,"column":4},"end":{"line":83,"column":5}},"40":{"start":{"line":61,"column":6},"end":{"line":61,"column":55}},"41":{"start":{"line":62,"column":6},"end":{"line":65,"column":8}},"42":{"start":{"line":66,"column":6},"end":{"line":82,"column":9}},"43":{"start":{"line":67,"column":8},"end":{"line":81,"column":11}},"44":{"start":{"line":68,"column":10},"end":{"line":68,"column":29}},"45":{"start":{"line":68,"column":22},"end":{"line":68,"column":29}},"46":{"start":{"line":69,"column":10},"end":{"line":80,"column":13}},"47":{"start":{"line":70,"column":34},"end":{"line":70,"column":101}},"48":{"start":{"line":71,"column":12},"end":{"line":75,"column":13}},"49":{"start":{"line":72,"column":35},"end":{"line":72,"column":106}},"50":{"start":{"line":73,"column":14},"end":{"line":73,"column":60}},"51":{"start":{"line":73,"column":33},"end":{"line":73,"column":58}},"52":{"start":{"line":74,"column":14},"end":{"line":74,"column":68}},"53":{"start":{"line":76,"column":12},"end":{"line":79,"column":15}},"54":{"start":{"line":77,"column":14},"end":{"line":77,"column":78}},"55":{"start":{"line":78,"column":14},"end":{"line":78,"column":131}},"56":{"start":{"line":85,"column":4},"end":{"line":108,"column":5}},"57":{"start":{"line":86,"column":6},"end":{"line":107,"column":9}},"58":{"start":{"line":87,"column":8},"end":{"line":87,"column":51}},"59":{"start":{"line":88,"column":8},"end":{"line":91,"column":10}},"60":{"start":{"line":92,"column":8},"end":{"line":106,"column":11}},"61":{"start":{"line":93,"column":10},"end":{"line":93,"column":29}},"62":{"start":{"line":93,"column":22},"end":{"line":93,"column":29}},"63":{"start":{"line":94,"column":10},"end":{"line":105,"column":13}},"64":{"start":{"line":95,"column":27},"end":{"line":95,"column":94}},"65":{"start":{"line":96,"column":12},"end":{"line":100,"column":13}},"66":{"start":{"line":97,"column":30},"end":{"line":97,"column":101}},"67":{"start":{"line":98,"column":14},"end":{"line":98,"column":55}},"68":{"start":{"line":98,"column":33},"end":{"line":98,"column":53}},"69":{"start":{"line":99,"column":14},"end":{"line":99,"column":63}},"70":{"start":{"line":101,"column":12},"end":{"line":104,"column":15}},"71":{"start":{"line":102,"column":14},"end":{"line":102,"column":78}},"72":{"start":{"line":103,"column":14},"end":{"line":103,"column":131}},"73":{"start":{"line":110,"column":4},"end":{"line":118,"column":5}},"74":{"start":{"line":111,"column":6},"end":{"line":117,"column":9}},"75":{"start":{"line":112,"column":23},"end":{"line":112,"column":91}},"76":{"start":{"line":113,"column":8},"end":{"line":116,"column":11}},"77":{"start":{"line":114,"column":10},"end":{"line":114,"column":59}},"78":{"start":{"line":115,"column":10},"end":{"line":115,"column":145}},"79":{"start":{"line":120,"column":4},"end":{"line":128,"column":5}},"80":{"start":{"line":121,"column":6},"end":{"line":127,"column":9}},"81":{"start":{"line":122,"column":23},"end":{"line":122,"column":95}},"82":{"start":{"line":123,"column":8},"end":{"line":126,"column":11}},"83":{"start":{"line":124,"column":10},"end":{"line":124,"column":47}},"84":{"start":{"line":125,"column":10},"end":{"line":125,"column":141}},"85":{"start":{"line":130,"column":4},"end":{"line":130,"column":29}},"86":{"start":{"line":134,"column":27},"end":{"line":134,"column":113}},"87":{"start":{"line":134,"column":88},"end":{"line":134,"column":106}},"88":{"start":{"line":135,"column":4},"end":{"line":135,"column":27}},"89":{"start":{"line":139,"column":24},"end":{"line":139,"column":31}},"90":{"start":{"line":140,"column":30},"end":{"line":140,"column":37}},"91":{"start":{"line":141,"column":25},"end":{"line":141,"column":27}},"92":{"start":{"line":143,"column":4},"end":{"line":197,"column":7}},"93":{"start":{"line":144,"column":6},"end":{"line":144,"column":54}},"94":{"start":{"line":144,"column":26},"end":{"line":144,"column":54}},"95":{"start":{"line":148,"column":28},"end":{"line":149,"column":88}},"96":{"start":{"line":148,"column":60},"end":{"line":149,"column":87}},"97":{"start":{"line":151,"column":6},"end":{"line":196,"column":9}},"98":{"start":{"line":152,"column":8},"end":{"line":167,"column":11}},"99":{"start":{"line":153,"column":10},"end":{"line":166,"column":13}},"100":{"start":{"line":154,"column":12},"end":{"line":157,"column":13}},"101":{"start":{"line":155,"column":14},"end":{"line":155,"column":71}},"102":{"start":{"line":155,"column":34},"end":{"line":155,"column":71}},"103":{"start":{"line":156,"column":14},"end":{"line":156,"column":88}},"104":{"start":{"line":159,"column":12},"end":{"line":165,"column":15}},"105":{"start":{"line":160,"column":14},"end":{"line":163,"column":15}},"106":{"start":{"line":161,"column":16},"end":{"line":161,"column":51}},"107":{"start":{"line":161,"column":36},"end":{"line":161,"column":51}},"108":{"start":{"line":162,"column":16},"end":{"line":162,"column":63}},"109":{"start":{"line":164,"column":14},"end":{"line":164,"column":31}},"110":{"start":{"line":169,"column":8},"end":{"line":169,"column":52}},"111":{"start":{"line":169,"column":35},"end":{"line":169,"column":52}},"112":{"start":{"line":171,"column":27},"end":{"line":171,"column":43}},"113":{"start":{"line":172,"column":33},"end":{"line":172,"column":52}},"114":{"start":{"line":173,"column":36},"end":{"line":173,"column":68}},"115":{"start":{"line":175,"column":8},"end":{"line":175,"column":28}},"116":{"start":{"line":176,"column":8},"end":{"line":176,"column":76}},"117":{"start":{"line":177,"column":8},"end":{"line":183,"column":9}},"118":{"start":{"line":178,"column":10},"end":{"line":178,"column":74}},"119":{"start":{"line":179,"column":10},"end":{"line":182,"column":13}},"120":{"start":{"line":180,"column":28},"end":{"line":180,"column":70}},"121":{"start":{"line":181,"column":12},"end":{"line":181,"column":56}},"122":{"start":{"line":185,"column":29},"end":{"line":185,"column":60}},"123":{"start":{"line":187,"column":8},"end":{"line":189,"column":9}},"124":{"start":{"line":188,"column":10},"end":{"line":188,"column":24}},"125":{"start":{"line":191,"column":32},"end":{"line":191,"column":47}},"126":{"start":{"line":192,"column":8},"end":{"line":195,"column":11}},"127":{"start":{"line":193,"column":10},"end":{"line":193,"column":66}},"128":{"start":{"line":193,"column":43},"end":{"line":193,"column":66}},"129":{"start":{"line":194,"column":10},"end":{"line":194,"column":68}},"130":{"start":{"line":201,"column":4},"end":{"line":204,"column":7}},"131":{"start":{"line":202,"column":6},"end":{"line":202,"column":32}},"132":{"start":{"line":202,"column":15},"end":{"line":202,"column":32}},"133":{"start":{"line":203,"column":6},"end":{"line":203,"column":40}},"134":{"start":{"line":207,"column":2},"end":{"line":210,"column":4}}},"fnMap":{"0":{"name":"StaticUtils","decl":{"start":{"line":11,"column":26},"end":{"line":11,"column":37}},"loc":{"start":{"line":11,"column":45},"end":{"line":211,"column":1}},"line":11},"1":{"name":"loadService","decl":{"start":{"line":19,"column":11},"end":{"line":19,"column":22}},"loc":{"start":{"line":19,"column":35},"end":{"line":44,"column":3}},"line":19},"2":{"name":"globAsset","decl":{"start":{"line":46,"column":11},"end":{"line":46,"column":20}},"loc":{"start":{"line":46,"column":42},"end":{"line":50,"column":3}},"line":46},"3":{"name":"createAssetList","decl":{"start":{"line":52,"column":11},"end":{"line":52,"column":26}},"loc":{"start":{"line":52,"column":91},"end":{"line":131,"column":3}},"line":52},"4":{"name":"(anonymous_4)","decl":{"start":{"line":66,"column":62},"end":{"line":66,"column":63}},"loc":{"start":{"line":66,"column":80},"end":{"line":82,"column":7}},"line":66},"5":{"name":"(anonymous_5)","decl":{"start":{"line":67,"column":25},"end":{"line":67,"column":26}},"loc":{"start":{"line":67,"column":41},"end":{"line":81,"column":9}},"line":67},"6":{"name":"(anonymous_6)","decl":{"start":{"line":69,"column":27},"end":{"line":69,"column":28}},"loc":{"start":{"line":69,"column":47},"end":{"line":80,"column":11}},"line":69},"7":{"name":"(anonymous_7)","decl":{"start":{"line":76,"column":37},"end":{"line":76,"column":38}},"loc":{"start":{"line":76,"column":48},"end":{"line":79,"column":13}},"line":76},"8":{"name":"(anonymous_8)","decl":{"start":{"line":86,"column":32},"end":{"line":86,"column":33}},"loc":{"start":{"line":86,"column":53},"end":{"line":107,"column":7}},"line":86},"9":{"name":"(anonymous_9)","decl":{"start":{"line":92,"column":58},"end":{"line":92,"column":59}},"loc":{"start":{"line":92,"column":75},"end":{"line":106,"column":9}},"line":92},"10":{"name":"(anonymous_10)","decl":{"start":{"line":94,"column":27},"end":{"line":94,"column":28}},"loc":{"start":{"line":94,"column":47},"end":{"line":105,"column":11}},"line":94},"11":{"name":"(anonymous_11)","decl":{"start":{"line":101,"column":30},"end":{"line":101,"column":31}},"loc":{"start":{"line":101,"column":41},"end":{"line":104,"column":13}},"line":101},"12":{"name":"(anonymous_12)","decl":{"start":{"line":111,"column":37},"end":{"line":111,"column":38}},"loc":{"start":{"line":111,"column":50},"end":{"line":117,"column":7}},"line":111},"13":{"name":"(anonymous_13)","decl":{"start":{"line":113,"column":26},"end":{"line":113,"column":27}},"loc":{"start":{"line":113,"column":37},"end":{"line":116,"column":9}},"line":113},"14":{"name":"(anonymous_14)","decl":{"start":{"line":121,"column":38},"end":{"line":121,"column":39}},"loc":{"start":{"line":121,"column":53},"end":{"line":127,"column":7}},"line":121},"15":{"name":"(anonymous_15)","decl":{"start":{"line":123,"column":26},"end":{"line":123,"column":27}},"loc":{"start":{"line":123,"column":37},"end":{"line":126,"column":9}},"line":123},"16":{"name":"shouldBuildService","decl":{"start":{"line":133,"column":11},"end":{"line":133,"column":29}},"loc":{"start":{"line":133,"column":38},"end":{"line":136,"column":3}},"line":133},"17":{"name":"(anonymous_17)","decl":{"start":{"line":134,"column":66},"end":{"line":134,"column":67}},"loc":{"start":{"line":134,"column":88},"end":{"line":134,"column":106}},"line":134},"18":{"name":"getStaticAssets","decl":{"start":{"line":138,"column":11},"end":{"line":138,"column":26}},"loc":{"start":{"line":138,"column":42},"end":{"line":198,"column":3}},"line":138},"19":{"name":"(anonymous_19)","decl":{"start":{"line":143,"column":42},"end":{"line":143,"column":43}},"loc":{"start":{"line":143,"column":72},"end":{"line":197,"column":5}},"line":143},"20":{"name":"(anonymous_20)","decl":{"start":{"line":148,"column":47},"end":{"line":148,"column":48}},"loc":{"start":{"line":148,"column":60},"end":{"line":149,"column":87}},"line":148},"21":{"name":"(anonymous_21)","decl":{"start":{"line":151,"column":59},"end":{"line":151,"column":60}},"loc":{"start":{"line":151,"column":76},"end":{"line":168,"column":7}},"line":151},"22":{"name":"(anonymous_22)","decl":{"start":{"line":152,"column":96},"end":{"line":152,"column":97}},"loc":{"start":{"line":152,"column":136},"end":{"line":167,"column":9}},"line":152},"23":{"name":"(anonymous_23)","decl":{"start":{"line":153,"column":87},"end":{"line":153,"column":88}},"loc":{"start":{"line":153,"column":118},"end":{"line":166,"column":11}},"line":153},"24":{"name":"(anonymous_24)","decl":{"start":{"line":159,"column":99},"end":{"line":159,"column":100}},"loc":{"start":{"line":159,"column":116},"end":{"line":165,"column":13}},"line":159},"25":{"name":"(anonymous_25)","decl":{"start":{"line":168,"column":9},"end":{"line":168,"column":10}},"loc":{"start":{"line":168,"column":29},"end":{"line":196,"column":7}},"line":168},"26":{"name":"(anonymous_26)","decl":{"start":{"line":179,"column":34},"end":{"line":179,"column":35}},"loc":{"start":{"line":179,"column":44},"end":{"line":182,"column":11}},"line":179},"27":{"name":"(anonymous_27)","decl":{"start":{"line":192,"column":46},"end":{"line":192,"column":47}},"loc":{"start":{"line":192,"column":77},"end":{"line":195,"column":9}},"line":192},"28":{"name":"getStaticRepos","decl":{"start":{"line":200,"column":11},"end":{"line":200,"column":25}},"loc":{"start":{"line":200,"column":41},"end":{"line":205,"column":3}},"line":200},"29":{"name":"(anonymous_29)","decl":{"start":{"line":201,"column":42},"end":{"line":201,"column":43}},"loc":{"start":{"line":201,"column":58},"end":{"line":204,"column":5}},"line":201}},"branchMap":{"0":{"loc":{"start":{"line":30,"column":4},"end":{"line":37,"column":5}},"type":"if","locations":[{"start":{"line":30,"column":4},"end":{"line":37,"column":5}},{"start":{"line":30,"column":4},"end":{"line":37,"column":5}}],"line":30},"1":{"loc":{"start":{"line":31,"column":20},"end":{"line":31,"column":70}},"type":"binary-expr","locations":[{"start":{"line":31,"column":20},"end":{"line":31,"column":64}},{"start":{"line":31,"column":68},"end":{"line":31,"column":70}}],"line":31},"2":{"loc":{"start":{"line":33,"column":30},"end":{"line":33,"column":105}},"type":"cond-expr","locations":[{"start":{"line":33,"column":76},"end":{"line":33,"column":98}},{"start":{"line":33,"column":101},"end":{"line":33,"column":105}}],"line":33},"3":{"loc":{"start":{"line":33,"column":30},"end":{"line":33,"column":73}},"type":"binary-expr","locations":[{"start":{"line":33,"column":30},"end":{"line":33,"column":47}},{"start":{"line":33,"column":51},"end":{"line":33,"column":73}}],"line":33},"4":{"loc":{"start":{"line":34,"column":6},"end":{"line":36,"column":7}},"type":"if","locations":[{"start":{"line":34,"column":6},"end":{"line":36,"column":7}},{"start":{"line":34,"column":6},"end":{"line":36,"column":7}}],"line":34},"5":{"loc":{"start":{"line":34,"column":10},"end":{"line":34,"column":55}},"type":"binary-expr","locations":[{"start":{"line":34,"column":10},"end":{"line":34,"column":26}},{"start":{"line":34,"column":30},"end":{"line":34,"column":55}}],"line":34},"6":{"loc":{"start":{"line":39,"column":4},"end":{"line":41,"column":5}},"type":"if","locations":[{"start":{"line":39,"column":4},"end":{"line":41,"column":5}},{"start":{"line":39,"column":4},"end":{"line":41,"column":5}}],"line":39},"7":{"loc":{"start":{"line":40,"column":34},"end":{"line":40,"column":72}},"type":"binary-expr","locations":[{"start":{"line":40,"column":34},"end":{"line":40,"column":66}},{"start":{"line":40,"column":70},"end":{"line":40,"column":72}}],"line":40},"8":{"loc":{"start":{"line":60,"column":4},"end":{"line":83,"column":5}},"type":"if","locations":[{"start":{"line":60,"column":4},"end":{"line":83,"column":5}},{"start":{"line":60,"column":4},"end":{"line":83,"column":5}}],"line":60},"9":{"loc":{"start":{"line":61,"column":22},"end":{"line":61,"column":54}},"type":"binary-expr","locations":[{"start":{"line":61,"column":22},"end":{"line":61,"column":47}},{"start":{"line":61,"column":51},"end":{"line":61,"column":54}}],"line":61},"10":{"loc":{"start":{"line":64,"column":28},"end":{"line":64,"column":73}},"type":"binary-expr","locations":[{"start":{"line":64,"column":28},"end":{"line":64,"column":63}},{"start":{"line":64,"column":67},"end":{"line":64,"column":73}}],"line":64},"11":{"loc":{"start":{"line":68,"column":10},"end":{"line":68,"column":29}},"type":"if","locations":[{"start":{"line":68,"column":10},"end":{"line":68,"column":29}},{"start":{"line":68,"column":10},"end":{"line":68,"column":29}}],"line":68},"12":{"loc":{"start":{"line":71,"column":12},"end":{"line":75,"column":13}},"type":"if","locations":[{"start":{"line":71,"column":12},"end":{"line":75,"column":13}},{"start":{"line":71,"column":12},"end":{"line":75,"column":13}}],"line":71},"13":{"loc":{"start":{"line":73,"column":14},"end":{"line":73,"column":60}},"type":"if","locations":[{"start":{"line":73,"column":14},"end":{"line":73,"column":60}},{"start":{"line":73,"column":14},"end":{"line":73,"column":60}}],"line":73},"14":{"loc":{"start":{"line":85,"column":4},"end":{"line":108,"column":5}},"type":"if","locations":[{"start":{"line":85,"column":4},"end":{"line":108,"column":5}},{"start":{"line":85,"column":4},"end":{"line":108,"column":5}}],"line":85},"15":{"loc":{"start":{"line":87,"column":24},"end":{"line":87,"column":50}},"type":"binary-expr","locations":[{"start":{"line":87,"column":24},"end":{"line":87,"column":43}},{"start":{"line":87,"column":47},"end":{"line":87,"column":50}}],"line":87},"16":{"loc":{"start":{"line":90,"column":30},"end":{"line":90,"column":69}},"type":"binary-expr","locations":[{"start":{"line":90,"column":30},"end":{"line":90,"column":59}},{"start":{"line":90,"column":63},"end":{"line":90,"column":69}}],"line":90},"17":{"loc":{"start":{"line":93,"column":10},"end":{"line":93,"column":29}},"type":"if","locations":[{"start":{"line":93,"column":10},"end":{"line":93,"column":29}},{"start":{"line":93,"column":10},"end":{"line":93,"column":29}}],"line":93},"18":{"loc":{"start":{"line":96,"column":12},"end":{"line":100,"column":13}},"type":"if","locations":[{"start":{"line":96,"column":12},"end":{"line":100,"column":13}},{"start":{"line":96,"column":12},"end":{"line":100,"column":13}}],"line":96},"19":{"loc":{"start":{"line":98,"column":14},"end":{"line":98,"column":55}},"type":"if","locations":[{"start":{"line":98,"column":14},"end":{"line":98,"column":55}},{"start":{"line":98,"column":14},"end":{"line":98,"column":55}}],"line":98},"20":{"loc":{"start":{"line":110,"column":4},"end":{"line":118,"column":5}},"type":"if","locations":[{"start":{"line":110,"column":4},"end":{"line":118,"column":5}},{"start":{"line":110,"column":4},"end":{"line":118,"column":5}}],"line":110},"21":{"loc":{"start":{"line":120,"column":4},"end":{"line":128,"column":5}},"type":"if","locations":[{"start":{"line":120,"column":4},"end":{"line":128,"column":5}},{"start":{"line":120,"column":4},"end":{"line":128,"column":5}}],"line":120},"22":{"loc":{"start":{"line":134,"column":88},"end":{"line":134,"column":106}},"type":"binary-expr","locations":[{"start":{"line":134,"column":88},"end":{"line":134,"column":96}},{"start":{"line":134,"column":100},"end":{"line":134,"column":106}}],"line":134},"23":{"loc":{"start":{"line":144,"column":6},"end":{"line":144,"column":54}},"type":"if","locations":[{"start":{"line":144,"column":6},"end":{"line":144,"column":54}},{"start":{"line":144,"column":6},"en
[...]
d":{"line":204,"column":5}},"103":{"start":{"line":198,"column":6},"end":{"line":203,"column":9}},"104":{"start":{"line":206,"column":4},"end":{"line":206,"column":44}},"105":{"start":{"line":210,"column":4},"end":{"line":210,"column":25}},"106":{"start":{"line":211,"column":4},"end":{"line":224,"column":7}},"107":{"start":{"line":218,"column":6},"end":{"line":218,"column":63}},"108":{"start":{"line":218,"column":19},"end":{"line":218,"column":63}},"109":{"start":{"line":219,"column":6},"end":{"line":223,"column":7}},"110":{"start":{"line":220,"column":8},"end":{"line":220,"column":25}},"111":{"start":{"line":222,"column":8},"end":{"line":222,"column":26}},"112":{"start":{"line":228,"column":4},"end":{"line":228,"column":72}},"113":{"start":{"line":230,"column":20},"end":{"line":238,"column":5}},"114":{"start":{"line":240,"column":4},"end":{"line":266,"column":7}},"115":{"start":{"line":241,"column":6},"end":{"line":244,"column":7}},"116":{"start":{"line":242,"column":8},"end":{"line":242,"column":67}},"117":{"start":{"line":243,"column":8},"end":{"line":243,"column":34}},"118":{"start":{"line":245,"column":6},"end":{"line":248,"column":7}},"119":{"start":{"line":246,"column":8},"end":{"line":246,"column":50}},"120":{"start":{"line":247,"column":8},"end":{"line":247,"column":22}},"121":{"start":{"line":249,"column":28},"end":{"line":249,"column":69}},"122":{"start":{"line":250,"column":6},"end":{"line":256,"column":7}},"123":{"start":{"line":251,"column":8},"end":{"line":251,"column":82}},"124":{"start":{"line":252,"column":8},"end":{"line":254,"column":11}},"125":{"start":{"line":253,"column":10},"end":{"line":253,"column":33}},"126":{"start":{"line":255,"column":8},"end":{"line":255,"column":66}},"127":{"start":{"line":257,"column":6},"end":{"line":265,"column":9}},"128":{"start":{"line":258,"column":8},"end":{"line":261,"column":9}},"129":{"start":{"line":259,"column":10},"end":{"line":259,"column":64}},"130":{"start":{"line":260,"column":10},"end":{"line":260,"column":31}},"131":{"start":{"line":262,"column":8},"end":{"line":262,"column":30}},"132":{"start":{"line":263,"column":8},"end":{"line":263,"column":26}},"133":{"start":{"line":264,"column":8},"end":{"line":264,"column":15}},"134":{"start":{"line":269,"column":2},"end":{"line":269,"column":36}},"135":{"start":{"line":269,"column":16},"end":{"line":269,"column":36}},"136":{"start":{"line":271,"column":21},"end":{"line":271,"column":186}},"137":{"start":{"line":272,"column":2},"end":{"line":276,"column":5}},"138":{"start":{"line":273,"column":4},"end":{"line":273,"column":34}},"139":{"start":{"line":273,"column":13},"end":{"line":273,"column":34}},"140":{"start":{"line":274,"column":4},"end":{"line":274,"column":64}},"141":{"start":{"line":274,"column":20},"end":{"line":274,"column":64}},"142":{"start":{"line":275,"column":4},"end":{"line":275,"column":17}},"143":{"start":{"line":279,"column":0},"end":{"line":279,"column":25}}},"fnMap":{"0":{"name":"getS3Content","decl":{"start":{"line":18,"column":9},"end":{"line":18,"column":21}},"loc":{"start":{"line":18,"column":28},"end":{"line":20,"column":1}},"line":18},"1":{"name":"isContentEmpty","decl":{"start":{"line":22,"column":9},"end":{"line":22,"column":23}},"loc":{"start":{"line":22,"column":30},"end":{"line":24,"column":1}},"line":22},"2":{"name":"gzip","decl":{"start":{"line":26,"column":9},"end":{"line":26,"column":13}},"loc":{"start":{"line":26,"column":29},"end":{"line":28,"column":1}},"line":26},"3":{"name":"brotli","decl":{"start":{"line":30,"column":9},"end":{"line":30,"column":15}},"loc":{"start":{"line":30,"column":31},"end":{"line":32,"column":1}},"line":30},"4":{"name":"bytesToSize","decl":{"start":{"line":34,"column":9},"end":{"line":34,"column":20}},"loc":{"start":{"line":34,"column":28},"end":{"line":40,"column":1}},"line":34},"5":{"name":"cmd","decl":{"start":{"line":42,"column":9},"end":{"line":42,"column":12}},"loc":{"start":{"line":42,"column":36},"end":{"line":277,"column":1}},"line":42},"6":{"name":"printAssets","decl":{"start":{"line":62,"column":11},"end":{"line":62,"column":22}},"loc":{"start":{"line":62,"column":31},"end":{"line":90,"column":3}},"line":62},"7":{"name":"(anonymous_7)","decl":{"start":{"line":76,"column":22},"end":{"line":76,"column":23}},"loc":{"start":{"line":76,"column":33},"end":{"line":82,"column":5}},"line":76},"8":{"name":"getS3Filename","decl":{"start":{"line":92,"column":11},"end":{"line":92,"column":24}},"loc":{"start":{"line":92,"column":31},"end":{"line":94,"column":3}},"line":92},"9":{"name":"pushToS3","decl":{"start":{"line":96,"column":11},"end":{"line":96,"column":19}},"loc":{"start":{"line":96,"column":32},"end":{"line":161,"column":3}},"line":96},"10":{"name":"upload","decl":{"start":{"line":104,"column":13},"end":{"line":104,"column":19}},"loc":{"start":{"line":104,"column":50},"end":{"line":141,"column":5}},"line":104},"11":{"name":"(anonymous_11)","decl":{"start":{"line":130,"column":54},"end":{"line":130,"column":55}},"loc":{"start":{"line":130,"column":70},"end":{"line":140,"column":7}},"line":130},"12":{"name":"(anonymous_12)","decl":{"start":{"line":148,"column":9},"end":{"line":148,"column":10}},"loc":{"start":{"line":148,"column":37},"end":{"line":157,"column":7}},"line":148},"13":{"name":"(anonymous_13)","decl":{"start":{"line":150,"column":51},"end":{"line":150,"column":52}},"loc":{"start":{"line":150,"column":68},"end":{"line":156,"column":9}},"line":150},"14":{"name":"(anonymous_14)","decl":{"start":{"line":152,"column":56},"end":{"line":152,"column":57}},"loc":{"start":{"line":152,"column":73},"end":{"line":155,"column":11}},"line":152},"15":{"name":"(anonymous_15)","decl":{"start":{"line":159,"column":35},"end":{"line":159,"column":36}},"loc":{"start":{"line":159,"column":41},"end":{"line":159,"column":61}},"line":159},"16":{"name":"pushAllToS3","decl":{"start":{"line":163,"column":11},"end":{"line":163,"column":22}},"loc":{"start":{"line":163,"column":43},"end":{"line":207,"column":3}},"line":163},"17":{"name":"(anonymous_17)","decl":{"start":{"line":166,"column":28},"end":{"line":166,"column":29}},"loc":{"start":{"line":166,"column":39},"end":{"line":194,"column":5}},"line":166},"18":{"name":"confirm","decl":{"start":{"line":209,"column":11},"end":{"line":209,"column":18}},"loc":{"start":{"line":209,"column":34},"end":{"line":225,"column":3}},"line":209},"19":{"name":"(anonymous_19)","decl":{"start":{"line":217,"column":7},"end":{"line":217,"column":8}},"loc":{"start":{"line":217,"column":24},"end":{"line":224,"column":5}},"line":217},"20":{"name":"go","decl":{"start":{"line":227,"column":11},"end":{"line":227,"column":13}},"loc":{"start":{"line":227,"column":20},"end":{"line":267,"column":3}},"line":227},"21":{"name":"(anonymous_21)","decl":{"start":{"line":240,"column":47},"end":{"line":240,"column":48}},"loc":{"start":{"line":240,"column":79},"end":{"line":266,"column":5}},"line":240},"22":{"name":"(anonymous_22)","decl":{"start":{"line":252,"column":30},"end":{"line":252,"column":31}},"loc":{"start":{"line":252,"column":37},"end":{"line":254,"column":9}},"line":252},"23":{"name":"(anonymous_23)","decl":{"start":{"line":257,"column":32},"end":{"line":257,"column":33}},"loc":{"start":{"line":257,"column":45},"end":{"line":265,"column":7}},"line":257},"24":{"name":"(anonymous_24)","decl":{"start":{"line":272,"column":22},"end":{"line":272,"column":23}},"loc":{"start":{"line":272,"column":42},"end":{"line":276,"column":3}},"line":272}},"branchMap":{"0":{"loc":{"start":{"line":19,"column":9},"end":{"line":19,"column":47}},"type":"binary-expr","locations":[{"start":{"line":19,"column":9},"end":{"line":19,"column":18}},{"start":{"line":19,"column":22},"end":{"line":19,"column":47}}],"line":19},"1":{"loc":{"start":{"line":23,"column":11},"end":{"line":23,"column":36}},"type":"binary-expr","locations":[{"start":{"line":23,"column":11},"end":{"line":23,"column":20}},{"start":{"line":23,"column":24},"end":{"line":23,"column":36}}],"line":23},"2":{"loc":{"start":{"line":36,"column":2},"end":{"line":36,"column":32}},"type":"if","locations":[{"start":{"line":36,"column":2},"end":{"line":36,"column":32}},{"start":{"line":36,"column":2},"end":{"line":36,"column":32}}],"line":36},"3":{"loc":{"start":{"line":38,"column":2},"end":{"line":38,"column":45}},"type":"if","locations":[{"start":{"line":38,"column":2},"end":{"line":38,"column":45}},{"start":{"line":38,"column":2},"end":{"line":38,"column":45}}],"line":38},"4":{"loc":{"start":{"line":43,"column":22},"end":{"line":43,"column":61}},"type":"binary-expr","locations":[{"start":{"line":43,"column":22},"end":{"line":43,"column":39}},{"start":{"line":43,"column":43},"end":{"line":43,"column":61}}],"line":43},"5":{"loc":{"start":{"line":44,"column":2},"end":{"line":44,"column":36}},"type":"if","locations":[{"start":{"line":44,"column":2},"end":{"line":44,"column":36}},{"start":{"line":44,"column":2},"end":{"line":44,"column":36}}],"line":44},"6":{"loc":{"start":{"line":50,"column":2},"end":{"line":50,"column":53}},"type":"if","locations":[{"start":{"line":50,"column":2},"end":{"line":50,"column":53}},{"start":{"line":50,"column":2},"end":{"line":50,"column":53}}],"line":50},"7":{"loc":{"start":{"line":54,"column":56},"end":{"line":54,"column":89}},"type":"cond-expr","locations":[{"start":{"line":54,"column":62},"end":{"line":54,"column":84}},{"start":{"line":54,"column":87},"end":{"line":54,"column":89}}],"line":54},"8":{"loc":{"start":{"line":57,"column":2},"end":{"line":60,"column":3}},"type":"if","locations":[{"start":{"line":57,"column":2},"end":{"line":60,"column":3}},{"start":{"line":57,"column":2},"end":{"line":60,"column":3}}],"line":57},"9":{"loc":{"start":{"line":77,"column":6},"end":{"line":80,"column":7}},"type":"if","locations":[{"start":{"line":77,"column":6},"end":{"line":80,"column":7}},{"start":{"line":77,"column":6},"end":{"line":80,"column":7}}],"line":77},"10":{"loc":{"start":{"line":77,"column":10},"end":{"line":77,"column":77}},"type":"binary-expr","locations":[{"start":{"line":77,"column":10},"end":{"line":77,"column":42}},{"start":{"line":77,"column":46},"end":{"line":77,"column":77}}],"line":77},"11":{"loc":{"start":{"line":81,"column":33},"end":{"line":81,"column":84}},"type":"cond-expr","locations":[{"start":{"line":81,"column":51},"end":{"line":81,"column":76}},{"start":{"line":81,"column":79},"end":{"line":81,"column":84}}],"line":81},"12":{"loc":{"start":{"line":97,"column":4},"end":{"line":100,"column":5}},"type":"if","locations":[{"start":{"line":97,"column":4},"end":{"line":100,"column":5}},{"start":{"line":97,"column":4},"end":{"line":100,"column":5}}],"line":97},"13":{"loc":{"start":{"line":108,"column":37},"end":{"line":108,"column":81}},"type":"cond-expr","locations":[{"start":{"line":108,"column":52},"end":{"line":108,"column":72}},{"start":{"line":108,"column":75},"end":{"line":108,"column":81}}],"line":108},"14":{"loc":{"start":{"line":111,"column":6},"end":{"line":113,"column":7}},"type":"if","locations":[{"start":{"line":111,"column":6},"end":{"line":113,"column":7}},{"start":{"line":111,"column":6},"end":{"line":113,"column":7}}],"line":111},"15":{"loc":{"start":{"line":121,"column":6},"end":{"line":123,"column":7}},"type":"if","locations":[{"start":{"line":121,"column":6},"end":{"line":123,"column":7}},{"start":{"line":121,"column":6},"end":{"line":123,"column":7}}],"line":121},"16":{"loc":{"start":{"line":132,"column":8},"end":{"line":135,"column":9}},"type":"if","locations":[{"start":{"line":132,"column":8},"end":{"line":135,"column":9}},{"start":{"line":132,"column":8},"end":{"line":135,"column":9}}],"line":132},"17":{"loc":{"start":{"line":132,"column":12},"end":{"line":132,"column":41}},"type":"binary-expr","locations":[{"start":{"line":132,"column":12},"end":{"line":132,"column":16}},{"start":{"line":132,"column":20},"end":{"line":132,"column":41}}],"line":132},"18":{"loc":{"start":{"line":136,"column":8},"end":{"line":136,"column":32}},"type":"if","locations":[{"start":{"line":136,"column":8},"end":{"line":136,"column":32}},{"start":{"line":136,"column":8},"end":{"line":136,"column":32}}],"line":136},"19":{"loc":{"start":{"line":143,"column":21},"end":{"line":143,"column":188}},"type":"binary-expr","locations":[{"start":{"line":143,"column":21},"end":{"line":143,"column":51}},{"start":{"line":143,"column":55},"end":{"line":143,"column":188}}],"line":143},"20":{"loc":{"start":{"line":144,"column":4},"end":{"line":160,"column":5}},"type":"if","locations":[{"start":{"line":144,"column":4},"end":{"line":160,"column":5}},{"start":{"line":144,"column":4},"end":{"line":160,"column":5}}],"line":144},"21":{"loc":{"start":{"line":149,"column":8},"end":{"line":149,"column":34}},"type":"if","locations":[{"start":{"line":149,"column":8},"end":{"line":149,"column":34}},{"start":{"line":149,"column":8},"end":{"line":149,"column":34}}],"line":149},"22":{"loc":{"start":{"line":151,"column":10},"end":{"line":151,"column":52}},"type":"if","locations":[{"start":{"line":151,"column":10},"end":{"line":151,"column":52}},{"start":{"line":151,"column":10},"end":{"line":151,"column":52}}],"line":151},"23":{"loc":{"start":{"line":153,"column":12},"end":{"line":153,"column":54}},"type":"if","locations":[{"start":{"line":153,"column":12},"end":{"line":153,"column":54}},{"start":{"line":153,"column":12},"end":{"line":153,"column":54}}],"line":153},"24":{"loc":{"start":{"line":169,"column":6},"end":{"line":169,"column":44}},"type":"if","locations":[{"start":{"line":169,"column":6},"end":{"line":169,"column":44}},{"start":{"line":169,"column":6},"end":{"line":169,"column":44}}],"line":169},"25":{"loc":{"start":{"line":170,"column":6},"end":{"line":170,"column":43}},"type":"if","locations":[{"start":{"line":170,"column":6},"end":{"line":170,"column":43}},{"start":{"line":170,"column":6},"end":{"line":170,"column":43}}],"line":170},"26":{"loc":{"start":{"line":170,"column":10},"end":{"line":170,"column":34}},"type":"binary-expr","locations":[{"start":{"line":170,"column":10},"end":{"line":170,"column":13}},{"start":{"line":170,"column":17},"end":{"line":170,"column":34}}],"line":170},"27":{"loc":{"start":{"line":171,"column":6},"end":{"line":174,"column":7}},"type":"if","locations":[{"start":{"line":171,"column":6},"end":{"line":174,"column":7}},{"start":{"line":171,"column":6},"end":{"line":174,"column":7}}],"line":171},"28":{"loc":{"start":{"line":175,"column":6},"end":{"line":178,"column":7}},"type":"if","locations":[{"start":{"line":175,"column":6},"end":{"line":178,"column":7}},{"start":{"line":175,"column":6},"end":{"line":178,"column":7}}],"line":175},"29":{"loc":{"start":{"line":181,"column":23},"end":{"line":181,"column":58}},"type":"binary-expr","locations":[{"start":{"line":181,"column":23},"end":{"line":181,"column":37}},{"start":{"line":181,"column":41},"end":{"line":181,"column":58}}],"line":181},"30":{"loc":{"start":{"line":197,"column":4},"end":{"line":204,"column":5}},"type":"if","locations":[{"start":{"line":197,"column":4},"end":{"line":204,"column":5}},{"start":{"line":197,"column":4},"end":{"line":204,"column":5}}],"line":197},"31":{"loc":{"start":{"line":218,"column":6},"end":{"line":218,"column":63}},"type":"if","locations":[{"start":{"line":218,"column":6},"end":{"line":218,"column":63}},{"start":{"line":218,"column":6},"end":{"line":218,"column":63}}],"line":218},"32":{"loc":{"start":{"line":219,"column":6},"end":{"line":223,"column":7}},"type":"if","locations":[{"start":{"line":219,"column":6},"end":{"line":223,"column":7}},{"start":{"line":219,"column":6},"end":{"line":223,"column":7}}],"line":219},"33":{"loc":{"start":{"line":219,"column":10},"end":{"line":219,"column":58}},"type":"binary-expr","locations":[{"start":{"line":219,"column":10},"end":{"line":219,"column":32}},{"start":{"line":219,"column":36},"end":{"line":219,"column":58}}],"line":219},"34":{"loc":{"start":{"line":233,"column":19},"end":{"line":233,"column":51}},"type":"binary-expr","locations":[{"start":{"line":233,"column":19},"end":{"line":233,"column":38}},{"start":{"line":233,"column":42},"end":{"line":233,"column":51}}],"line":233},"35":{"loc":{"start":{"line":241,"column":6},"end":{"line":244,"column":7}},"type":"if","locations":[{"start":{"line":241,"column":6},"end":{"line":244,"column":7}},{"start":{"line":241,"column":6},"end":{"line":244,"column":7}}],"line":241},"36":{"loc":{"start":{"line":245,"column":6},"end":{"line":248,"column":7}},"type":"if","locations":[{"start":{"line":245,"column":6},"end":{"line":248,"column":7}},{"start":{"line":245,"column":6},"end":{"line":248,"column":7}}],"line":245},"37":{"loc":{"start":{"line":250,"column":6},"end":{"line":256,"column":7}},"type":"if","locations":[{"start":{"line":250,"column":6},"end":{"line":256,"column":7}},{"start":{"line":250,"column":6},"end":{"line":256,"column":7}}],"line":250},"38":{"loc":{"start":{"line":258,"column":8},"end":{"line":261,"column":9}},"type":"if","locations":[{"start":{"line":258,"column":8},"end":{"line":261,"column":9}},{"start":{"line":258,"column":8},"end":{"line":261,"column":9}}],"line":258},"39":{"loc":{"start":{"line":269,"column":2},"end":{"line":269,"column":36}},"type":"if","locations":[{"start":{"line":269,"column":2},"end":{"line":269,"column":36}},{"start":{"line":269,"column":2},"end":{"line":269,"column":36}}],"line":269},"40":{"loc":{"start":{"line":271,"column":66},"end":{"line":271,"column":128}},"type":"cond-expr","locations":[{"start":{"line":271,"column":72},"end":{"line":271,"column":100}},{"start":{"line":271,"column":103},"end":{"line":271,"column":128}}],"line":271},"41":{"loc":{"start":{"line":273,"column":4},"end":{"line":273,"column":34}},"type":"if","locations":[{"start":{"line":273,"column":4},"end":{"line":273,"column":34}},{"start":{"line":273,"column":4},"end":{"line":273,"column":34}}],"line":273},"42":{"loc":{"start":{"line":274,"column":4},"end":{"line":274,"column":64}},"type":"if","locations":[{"start":{"line":274,"column":4},"end":{"line":274,"column":64}},{"start":{"line":274,"column":4},"end":{"line":274,"column":64}}],"line":274}},"s":{"0":1,"1":1,"2":1,"3":1,"4":1,"5":1,"6":1,"7":1,"8":1,"9":20,"10":30,"11":7,"12":7,"13":4,"14":4,"15":0,"16":4,"17":4,"18":4,"19":0,"20":10,"21":10,"22":0,"23":10,"24":10,"25":10,"26":10,"27":10,"28":10,"29":10,"30":10,"31":10,"32":0,"33":0,"34":1,"35":1,"36":1,"37":1,"38":1,"39":4,"40":0,"41":0,"42":4,"43":1,"44":1,"45":1,"46":1,"47":24,"48":12,"49":0,"50":0,"51":12,"52":15,"53":15,"54":10,"55":15,"56":15,"57":15,"58":15,"59":15,"60":0,"61":15,"62":15,"63":15,"64":6,"65":6,"66":15,"67":8,"68":7,"69":7,"70":7,"71":12,"72":12,"73":7,"74":7,"75":0,"76":7,"77":7,"78":4,"79":3,"80":3,"81":0,"82":3,"83":5,"84":5,"85":5,"86":5,"87":5,"88":30,"89":30,"90":0,"91":30,"92":0,"93":30,"94":0,"95":0,"96":30,"97":10,"98":20,"99":20,"100":20,"101":20,"102":5,"103":4,"104":5,"105":0,"106":0,"107":0,"108":0,"109":0,"110":0,"111":0,"112":10,"113":10,"114":10,"115":10,"116":4,"117":4,"118":6,"119":1,"120":1,"121":5,"122":5,"123":0,"124":0,"125":0,"126":0,"127":5,"128":5,"129":4,"130":4,"131":1,"132":1,"133":1,"134":10,"135":10,"136":0,"137":0,"138":0,"139":0,"140":0,"141":0,"142":0,"143":1},"f":{"0":20,"1":30,"2":7,"3":7,"4":4,"5":10,"6":1,"7":4,"8":24,"9":12,"10":15,"11":15,"12":7,"13":7,"14":3,"15":5,"16":5,"17":30,"18":0,"19":0,"20":10,"21":10,"22":0,"23":5,"24":0},"b":{"0":[20,15],"1":[30,25],"2":[0,4],"3":[4,0],"4":[10,0],"5":[0,10],"6":[10,0],"7":[0,10],"8":[0,10],"9":[0,4],"10":[4,4],"11":[4,0],"12":[0,12],"13":[0,15],"14":[10,5],"15":[0,15],"16":[6,9],"17":[15,13],"18":[8,7],"19":[12,12],"20":[7,5],"21":[0,7],"22":[4,3],"23":[0,3],"24":[0,30],"25":[0,30],"26":[30,0],"27":[0,30],"28":[10,20],"29":[20,0],"30":[4,1],"31":[0,0],"32":[0,0],"33":[0,0],"34":[10,10],"35":[4,6],"36":[1,5],"37":[0,5],"38":[4,1],"39":[10,0],"40":[0,0],"41":[0,0],"42":[0,0]},"_coverageSchema":"1a1c01bbd47fc00a2c39e90264f33305004495a9","hash":"b0a346b4088123d26bd3731c2cc98047a3329749","contentHash":"7b1b883f32bbf4f358f20c75fe15d05ed99ac7ec63c0cb7ecd8bf31f4c9a5b42"}}