{"/Users/cliftonc/work/bosco-alt/src/ExternalBuild.js":{"path":"/Users/cliftonc/work/bosco-alt/src/ExternalBuild.js","statementMap":{"0":{"start":{"line":1,"column":19},"end":{"line":1,"column":48}},"1":{"start":{"line":2,"column":19},"end":{"line":2,"column":59}},"2":{"start":{"line":3,"column":18},"end":{"line":3,"column":57}},"3":{"start":{"line":4,"column":19},"end":{"line":4,"column":54}},"4":{"start":{"line":6,"column":0},"end":{"line":120,"column":2}},"5":{"start":{"line":8,"column":4},"end":{"line":8,"column":38}},"6":{"start":{"line":8,"column":24},"end":{"line":8,"column":38}},"7":{"start":{"line":10,"column":23},"end":{"line":10,"column":44}},"8":{"start":{"line":11,"column":29},"end":{"line":11,"column":49}},"9":{"start":{"line":12,"column":30},"end":{"line":12,"column":51}},"10":{"start":{"line":13,"column":24},"end":{"line":13,"column":37}},"11":{"start":{"line":14,"column":28},"end":{"line":14,"column":91}},"12":{"start":{"line":15,"column":20},"end":{"line":15,"column":89}},"13":{"start":{"line":16,"column":16},"end":{"line":16,"column":41}},"14":{"start":{"line":17,"column":31},"end":{"line":17,"column":36}},"15":{"start":{"line":21,"column":4},"end":{"line":24,"column":5}},"16":{"start":{"line":22,"column":6},"end":{"line":22,"column":127}},"17":{"start":{"line":23,"column":6},"end":{"line":23,"column":20}},"18":{"start":{"line":27,"column":23},"end":{"line":27,"column":36}},"19":{"start":{"line":29,"column":6},"end":{"line":42,"column":7}},"20":{"start":{"line":30,"column":8},"end":{"line":30,"column":71}},"21":{"start":{"line":31,"column":8},"end":{"line":34,"column":9}},"22":{"start":{"line":32,"column":10},"end":{"line":32,"column":49}},"23":{"start":{"line":33,"column":10},"end":{"line":33,"column":70}},"24":{"start":{"line":33,"column":35},"end":{"line":33,"column":70}},"25":{"start":{"line":35,"column":8},"end":{"line":35,"column":41}},"26":{"start":{"line":35,"column":30},"end":{"line":35,"column":41}},"27":{"start":{"line":36,"column":8},"end":{"line":36,"column":25}},"28":{"start":{"line":38,"column":8},"end":{"line":38,"column":64}},"29":{"start":{"line":39,"column":8},"end":{"line":39,"column":53}},"30":{"start":{"line":39,"column":22},"end":{"line":39,"column":53}},"31":{"start":{"line":40,"column":8},"end":{"line":40,"column":45}},"32":{"start":{"line":40,"column":34},"end":{"line":40,"column":45}},"33":{"start":{"line":41,"column":8},"end":{"line":41,"column":23}},"34":{"start":{"line":44,"column":6},"end":{"line":47,"column":7}},"35":{"start":{"line":45,"column":8},"end":{"line":45,"column":46}},"36":{"start":{"line":45,"column":20},"end":{"line":45,"column":46}},"37":{"start":{"line":46,"column":8},"end":{"line":46,"column":40}},"38":{"start":{"line":46,"column":20},"end":{"line":46,"column":40}},"39":{"start":{"line":49,"column":6},"end":{"line":52,"column":7}},"40":{"start":{"line":50,"column":8},"end":{"line":50,"column":36}},"41":{"start":{"line":51,"column":8},"end":{"line":51,"column":18}},"42":{"start":{"line":56,"column":6},"end":{"line":58,"column":7}},"43":{"start":{"line":57,"column":8},"end":{"line":57,"column":58}},"44":{"start":{"line":61,"column":24},"end":{"line":61,"column":48}},"45":{"start":{"line":62,"column":23},"end":{"line":62,"column":39}},"46":{"start":{"line":65,"column":6},"end":{"line":77,"column":7}},"47":{"start":{"line":66,"column":8},"end":{"line":66,"column":71}},"48":{"start":{"line":67,"column":8},"end":{"line":70,"column":9}},"49":{"start":{"line":68,"column":10},"end":{"line":68,"column":49}},"50":{"start":{"line":69,"column":10},"end":{"line":69,"column":70}},"51":{"start":{"line":69,"column":35},"end":{"line":69,"column":70}},"52":{"start":{"line":71,"column":8},"end":{"line":71,"column":55}},"53":{"start":{"line":71,"column":44},"end":{"line":71,"column":55}},"54":{"start":{"line":72,"column":8},"end":{"line":72,"column":25}},"55":{"start":{"line":74,"column":8},"end":{"line":74,"column":64}},"56":{"start":{"line":75,"column":8},"end":{"line":75,"column":45}},"57":{"start":{"line":75,"column":22},"end":{"line":75,"column":45}},"58":{"start":{"line":76,"column":8},"end":{"line":76,"column":23}},"59":{"start":{"line":79,"column":6},"end":{"line":82,"column":7}},"60":{"start":{"line":80,"column":8},"end":{"line":80,"column":50}},"61":{"start":{"line":81,"column":8},"end":{"line":81,"column":50}},"62":{"start":{"line":84,"column":6},"end":{"line":87,"column":7}},"63":{"start":{"line":85,"column":8},"end":{"line":85,"column":36}},"64":{"start":{"line":86,"column":8},"end":{"line":86,"column":18}},"65":{"start":{"line":89,"column":6},"end":{"line":89,"column":81}},"66":{"start":{"line":89,"column":35},"end":{"line":89,"column":79}},"67":{"start":{"line":92,"column":4},"end":{"line":94,"column":5}},"68":{"start":{"line":93,"column":6},"end":{"line":93,"column":77}},"69":{"start":{"line":96,"column":4},"end":{"line":99,"column":5}},"70":{"start":{"line":97,"column":6},"end":{"line":97,"column":116}},"71":{"start":{"line":98,"column":6},"end":{"line":98,"column":20}},"72":{"start":{"line":101,"column":4},"end":{"line":103,"column":5}},"73":{"start":{"line":102,"column":6},"end":{"line":102,"column":78}},"74":{"start":{"line":106,"column":4},"end":{"line":106,"column":18}},"75":{"start":{"line":110,"column":4},"end":{"line":113,"column":7}},"76":{"start":{"line":111,"column":6},"end":{"line":111,"column":45}},"77":{"start":{"line":111,"column":15},"end":{"line":111,"column":45}},"78":{"start":{"line":112,"column":6},"end":{"line":112,"column":64}},"79":{"start":{"line":116,"column":2},"end":{"line":119,"column":4}}},"fnMap":{"0":{"name":"ExternalBuild","decl":{"start":{"line":6,"column":26},"end":{"line":6,"column":39}},"loc":{"start":{"line":6,"column":47},"end":{"line":120,"column":1}},"line":6},"1":{"name":"doBuild","decl":{"start":{"line":7,"column":11},"end":{"line":7,"column":18}},"loc":{"start":{"line":7,"column":69},"end":{"line":107,"column":3}},"line":7},"2":{"name":"buildFinishedExec","decl":{"start":{"line":26,"column":13},"end":{"line":26,"column":30}},"loc":{"start":{"line":26,"column":52},"end":{"line":53,"column":5}},"line":26},"3":{"name":"buildFinished","decl":{"start":{"line":55,"column":13},"end":{"line":55,"column":26}},"loc":{"start":{"line":55,"column":52},"end":{"line":90,"column":5}},"line":55},"4":{"name":"doBuildWithInterpreter","decl":{"start":{"line":109,"column":11},"end":{"line":109,"column":33}},"loc":{"start":{"line":109,"column":71},"end":{"line":114,"column":3}},"line":109},"5":{"name":"(anonymous_5)","decl":{"start":{"line":110,"column":84},"end":{"line":110,"column":85}},"loc":{"start":{"line":110,"column":106},"end":{"line":113,"column":5}},"line":110}},"branchMap":{"0":{"loc":{"start":{"line":8,"column":4},"end":{"line":8,"column":38}},"type":"if","locations":[{"start":{"line":8,"column":4},"end":{"line":8,"column":38}},{"start":{"line":8,"column":4},"end":{"line":8,"column":38}}],"line":8},"1":{"loc":{"start":{"line":14,"column":28},"end":{"line":14,"column":91}},"type":"binary-expr","locations":[{"start":{"line":14,"column":28},"end":{"line":14,"column":47}},{"start":{"line":14,"column":51},"end":{"line":14,"column":91}}],"line":14},"2":{"loc":{"start":{"line":21,"column":4},"end":{"line":24,"column":5}},"type":"if","locations":[{"start":{"line":21,"column":4},"end":{"line":24,"column":5}},{"start":{"line":21,"column":4},"end":{"line":24,"column":5}}],"line":21},"3":{"loc":{"start":{"line":21,"column":8},"end":{"line":21,"column":40}},"type":"binary-expr","locations":[{"start":{"line":21,"column":8},"end":{"line":21,"column":24}},{"start":{"line":21,"column":28},"end":{"line":21,"column":40}}],"line":21},"4":{"loc":{"start":{"line":27,"column":23},"end":{"line":27,"column":36}},"type":"binary-expr","locations":[{"start":{"line":27,"column":23},"end":{"line":27,"column":26}},{"start":{"line":27,"column":30},"end":{"line":27,"column":36}}],"line":27},"5":{"loc":{"start":{"line":29,"column":6},"end":{"line":42,"column":7}},"type":"if","locations":[{"start":{"line":29,"column":6},"end":{"line":42,"column":7}},{"start":{"line":29,"column":6},"end":{"line":42,"column":7}}],"line":29},"6":{"loc":{"start":{"line":31,"column":8},"end":{"line":34,"column":9}},"type":"if","locations":[{"start":{"line":31,"column":8},"end":{"line":34,"column":9}},{"start":{"line":31,"column":8},"end":{"line":34,"column":9}}],"line":31},"7":{"loc":{"start":{"line":33,"column":10},"end":{"line":33,"column":70}},"type":"if","locations":[{"start":{"line":33,"column":10},"end":{"line":33,"column":70}},{"start":{"line":33,"column":10},"end":{"line":33,"column":70}}],"line":33},"8":{"loc":{"start":{"line":35,"column":8},"end":{"line":35,"column":41}},"type":"if","locations":[{"start":{"line":35,"column":8},"end":{"line":35,"column":41}},{"start":{"line":35,"column":8},"end":{"line":35,"column":41}}],"line":35},"9":{"loc":{"start":{"line":35,"column":12},"end":{"line":35,"column":28}},"type":"binary-expr","locations":[{"start":{"line":35,"column":12},"end":{"line":35,"column":18}},{"start":{"line":35,"column":22},"end":{"line":35,"column":28}}],"line":35},"10":{"loc":{"start":{"line":39,"column":8},"end":{"line":39,"column":53}},"type":"if","locations":[{"start":{"line":39,"column":8},"end":{"line":39,"column":53}},{"start":{"line":39,"column":8},"end":{"line":39,"column":53}}],"line":39},"11":{"loc":{"start":{"line":40,"column":8},"end":{"line":40,"column":45}},"type":"if","locations":[{"start":{"line":40,"column":8},"end":{"line":40,"column":45}},{"start":{"line":40,"column":8},"end":{"line":40,"column":45}}],"line":40},"12":{"loc":{"start":{"line":40,"column":12},"end":{"line":40,"column":32}},"type":"binary-expr","locations":[{"start":{"line":40,"column":12},"end":{"line":40,"column":20}},{"start":{"line":40,"column":24},"end":{"line":40,"column":32}}],"line":40},"13":{"loc":{"start":{"line":44,"column":6},"end":{"line":47,"column":7}},"type":"if","locations":[{"start":{"line":44,"column":6},"end":{"line":47,"column":7}},{"start":{"line":44,"column":6},"end":{"line":47,"column":7}}],"line":44},"14":{"loc":{"start":{"line":44,"column":10},"end":{"line":44,"column":30}},"type":"binary-expr","locations":[{"start":{"line":44,"column":10},"end":{"line":44,"column":18}},{"start":{"line":44,"column":22},"end":{"line":44,"column":30}}],"line":44},"15":{"loc":{"start":{"line":45,"column":8},"end":{"line":45,"column":46}},"type":"if","locations":[{"start":{"line":45,"column":8},"end":{"line":45,"column":46}},{"start":{"line":45,"column":8},"end":{"line":45,"column":46}}],"line":45},"16":{"loc":{"start":{"line":46,"column":8},"end":{"line":46,"column":40}},"type":"if","locations":[{"start":{"line":46,"column":8},"end":{"line":46,"column":40}},{"start":{"line":46,"column":8},"end":{"line":46,"column":40}}],"line":46},"17":{"loc":{"start":{"line":49,"column":6},"end":{"line":52,"column":7}},"type":"if","locations":[{"start":{"line":49,"column":6},"end":{"line":52,"column":7}},{"start":{"line":49,"column":6},"end":{"line":52,"column":7}}],"line":49},"18":{"loc":{"start":{"line":56,"column":6},"end":{"line":58,"column":7}},"type":"if","locations":[{"start":{"line":56,"column":6},"end":{"line":58,"column":7}},{"start":{"line":56,"column":6},"end":{"line":58,"column":7}}],"line":56},"19":{"loc":{"start":{"line":62,"column":23},"end":{"line":62,"column":39}},"type":"binary-expr","locations":[{"start":{"line":62,"column":23},"end":{"line":62,"column":26}},{"start":{"line":62,"column":30},"end":{"line":62,"column":39}}],"line":62},"20":{"loc":{"start":{"line":65,"column":6},"end":{"line":77,"column":7}},"type":"if","locations":[{"start":{"line":65,"column":6},"end":{"line":77,"column":7}},{"start":{"line":65,"column":6},"end":{"line":77,"column":7}}],"line":65},"21":{"loc":{"start":{"line":67,"column":8},"end":{"line":70,"column":9}},"type":"if","locations":[{"start":{"line":67,"column":8},"end":{"line":70,"column":9}},{"start":{"line":67,"column":8},"end":{"line":70,"column":9}}],"line":67},"22":{"loc":{"start":{"line":69,"column":10},"end":{"line":69,"column":70}},"type":"if","locations":[{"start":{"line":69,"column":10},"end":{"line":69,"column":70}},{"start":{"line":69,"column":10},"end":{"line":69,"column":70}}],"line":69},"23":{"loc":{"start":{"line":71,"column":8},"end":{"line":71,"column":55}},"type":"if","locations":[{"start":{"line":71,"column":8},"end":{"line":71,"column":55}},{"start":{"line":71,"column":8},"end":{"line":71,"column":55}}],"line":71},"24":{"loc":{"start":{"line":71,"column":12},"end":{"line":71,"column":42}},"type":"binary-expr","locations":[{"start":{"line":71,"column":12},"end":{"line":71,"column":25}},{"start":{"line":71,"column":29},"end":{"line":71,"column":42}}],"line":71},"25":{"loc":{"start":{"line":75,"column":8},"end":{"line":75,"column":45}},"type":"if","locations":[{"start":{"line":75,"column":8},"end":{"line":75,"column":45}},{"start":{"line":75,"column":8},"end":{"line":75,"column":45}}],"line":75},"26":{"loc":{"start":{"line":79,"column":6},"end":{"line":82,"column":7}},"type":"if","locations":[{"start":{"line":79,"column":6},"end":{"line":82,"column":7}},{"start":{"line":79,"column":6},"end":{"line":82,"column":7}}],"line":79},"27":{"loc":{"start":{"line":79,"column":10},"end":{"line":79,"column":30}},"type":"binary-expr","locations":[{"start":{"line":79,"column":10},"end":{"line":79,"column":18}},{"start":{"line":79,"column":22},"end":{"line":79,"column":30}}],"line":79},"28":{"loc":{"start":{"line":84,"column":6},"end":{"line":87,"column":7}},"type":"if","locations":[{"start":{"line":84,"column":6},"end":{"line":87,"column":7}},{"start":{"line":84,"column":6},"end":{"line":87,"column":7}}],"line":84},"29":{"loc":{"start":{"line":89,"column":6},"end":{"line":89,"column":81}},"type":"if","locations":[{"start":{"line":89,"column":6},"end":{"line":89,"column":81}},{"start":{"line":89,"column":6},"end":{"line":89,"column":81}}],"line":89},"30":{"loc":{"start":{"line":92,"column":4},"end":{"line":94,"column":5}},"type":"if","locations":[{"start":{"line":92,"column":4},"end":{"line":94,"column":5}},{"start":{"line":92,"column":4},"end":{"line":94,"column":5}}],"line":92},"31":{"loc":{"start":{"line":96,"column":4},"end":{"line":99,"column":5}},"type":"if","locations":[{"start":{"line":96,"column":4},"end":{"line":99,"column":5}},{"start":{"line":96,"column":4},"end":{"line":99,"column":5}}],"line":96},"32":{"loc":{"start":{"line":101,"column":4},"end":{"line":103,"column":5}},"type":"if","locations":[{"start":{"line":101,"column":4},"end":{"line":103,"column":5}},{"start":{"line":101,"column":4},"end":{"line":103,"column":5}}],"line":101},"33":{"loc":{"start":{"line":111,"column":6},"end":{"line":111,"column":45}},"type":"if","locations":[{"start":{"line":111,"column":6},"end":{"line":111,"column":45}},{"start":{"line":111,"column":6},"end":{"line":111,"column":45}}],"line":111}},"s":{"0":1,"1":1,"2":1,"3":1,"4":1,"5":10,"6":1,"7":9,"8":9,"9":9,"10":9,"11":9,"12":9,"13":9,"14":9,"15":9,"16":0,"17":0,"18":3,"19":3,"20":2,"21":2,"22":2,"23":2,"24":0,"25":2,"26":1,"27":2,"28":1,"29":1,"30":0,"31":1,"32":0,"33":1,"34":3,"35":2,"36":1,"37":2,"38":1,"39":3,"40":3,"41":3,"42":14,"43":3,"44":11,"45":11,"46":11,"47":5,"48":5,"49":5,"50":5,"51":0,"52":5,"53":5,"54":5,"55":6,"56":6,"57":3,"58":6,"59":11,"60":6,"61":6,"62":11,"63":5,"64":5,"65":11,"66":6,"67":9,"68":3,"69":6,"70":1,"71":1,"72":5,"73":5,"74":0,"75":0,"76":0,"77":0,"78":0,"79":10},"f":{"0":10,"1":10,"2":3,"3":14,"4":0,"5":0},"b":{"0":[1,9],"1":[9,6],"2":[0,9],"3":[9,3],"4":[3,1],"5":[2,1],"6":[2,0],"7":[0,2],"8":[1,1],"9":[2,1],"10":[0,1],"11":[0,1],"12":[1,0],"13":[2,1],"14":[3,2],"15":[1,1],"16":[1,1],"17":[3,0],"18":[3,11],"19":[11,6],"20":[5,6],"21":[5,0],"22":[0,5],"23":[5,0],"24":[5,0],"25":[3,3],"26":[6,5],"27":[11,8],"28":[5,6],"29":[6,5],"30":[3,6],"31":[1,5],"32":[5,0],"33":[0,0]},"_coverageSchema":"43e27e138ebf9cfc5966b082cf9a028302ed4184","hash":"06810522a3259100b4316487ed23903f4fab358a","contentHash":"61ede80779ec5776897fc57cb26c5fdbf9d4cd2af920c88baa29e0fcbfc56efd"},"/Users/cliftonc/work/bosco-alt/src/RunWrappers/Node.js":{"path":"/Users/cliftonc/work/bosco-alt/src/RunWrappers/Node.js","statementMap":{"0":{"start":{"line":4,"column":21},"end":{"line":4,"column":45}},"1":{"start":{"line":5,"column":10},"end":{"line":5,"column":27}},"2":{"start":{"line":6,"column":13},"end":{"line":6,"column":28}},"3":{"start":{"line":7,"column":16},"end":{"line":7,"column":35}},"4":{"start":{"line":8,"column":12},"end":{"line":8,"column":26}},"5":{"start":{"line":10,"column":0},"end":{"line":10,"column":18}},"6":{"start":{"line":15,"column":0},"end":{"line":24,"column":2}},"7":{"start":{"line":16,"column":2},"end":{"line":16,"column":21}},"8":{"start":{"line":17,"column":2},"end":{"line":21,"column":3}},"9":{"start":{"line":18,"column":4},"end":{"line":20,"column":7}},"10":{"start":{"line":19,"column":6},"end":{"line":19,"column":75}},"11":{"start":{"line":19,"column":37},"end":{"line":19,"column":73}},"12":{"start":{"line":23,"column":2},"end":{"line":23,"column":20}},"13":{"start":{"line":26,"column":0},"end":{"line":34,"column":2}},"14":{"start":{"line":27,"column":2},"end":{"line":31,"column":3}},"15":{"start":{"line":28,"column":4},"end":{"line":30,"column":7}},"16":{"start":{"line":29,"column":6},"end":{"line":29,"column":78}},"17":{"start":{"line":29,"column":40},"end":{"line":29,"column":76}},"18":{"start":{"line":33,"column":2},"end":{"line":33,"column":23}},"19":{"start":{"line":39,"column":0},"end":{"line":49,"column":2}},"20":{"start":{"line":40,"column":2},"end":{"line":48,"column":5}},"21":{"start":{"line":41,"column":4},"end":{"line":47,"column":7}},"22":{"start":{"line":42,"column":6},"end":{"line":42,"column":34}},"23":{"start":{"line":42,"column":15},"end":{"line":42,"column":34}},"24":{"start":{"line":43,"column":27},"end":{"line":43,"column":140}},"25":{"start":{"line":43,"column":58},"end":{"line":43,"column":139}},"26":{"start":{"line":45,"column":6},"end":{"line":45,"column":65}},"27":{"start":{"line":45,"column":21},"end":{"line":45,"column":65}},"28":{"start":{"line":46,"column":6},"end":{"line":46,"column":28}},"29":{"start":{"line":54,"column":0},"end":{"line":64,"column":2}},"30":{"start":{"line":55,"column":2},"end":{"line":63,"column":5}},"31":{"start":{"line":56,"column":4},"end":{"line":62,"column":7}},"32":{"start":{"line":57,"column":6},"end":{"line":57,"column":34}},"33":{"start":{"line":57,"column":15},"end":{"line":57,"column":34}},"34":{"start":{"line":58,"column":27},"end":{"line":58,"column":97}},"35":{"start":{"line":58,"column":58},"end":{"line":58,"column":96}},"36":{"start":{"line":60,"column":6},"end":{"line":60,"column":65}},"37":{"start":{"line":60,"column":21},"end":{"line":60,"column":65}},"38":{"start":{"line":61,"column":6},"end":{"line":61,"column":28}},"39":{"start":{"line":66,"column":0},"end":{"line":120,"column":2}},"40":{"start":{"line":67,"column":15},"end":{"line":67,"column":19}},"41":{"start":{"line":72,"column":14},"end":{"line":72,"column":19}},"42":{"start":{"line":73,"column":19},"end":{"line":73,"column":65}},"43":{"start":{"line":74,"column":2},"end":{"line":119,"column":3}},"44":{"start":{"line":75,"column":14},"end":{"line":75,"column":77}},"45":{"start":{"line":76,"column":4},"end":{"line":76,"column":33}},"46":{"start":{"line":77,"column":4},"end":{"line":77,"column":33}},"47":{"start":{"line":79,"column":4},"end":{"line":86,"column":7}},"48":{"start":{"line":80,"column":6},"end":{"line":85,"column":7}},"49":{"start":{"line":81,"column":8},"end":{"line":81,"column":21}},"50":{"start":{"line":82,"column":8},"end":{"line":82,"column":65}},"51":{"start":{"line":83,"column":13},"end":{"line":85,"column":7}},"52":{"start":{"line":84,"column":8},"end":{"line":84,"column":45}},"53":{"start":{"line":88,"column":4},"end":{"line":104,"column":7}},"54":{"start":{"line":89,"column":6},"end":{"line":103,"column":7}},"55":{"start":{"line":90,"column":8},"end":{"line":90,"column":24}},"56":{"start":{"line":91,"column":8},"end":{"line":102,"column":9}},"57":{"start":{"line":94,"column":10},"end":{"line":94,"column":128}},"58":{"start":{"line":95,"column":10},"end":{"line":101,"column":11}},"59":{"start":{"line":96,"column":12},"end":{"line":96,"column":30}},"60":{"start":{"line":97,"column":12},"end":{"line":100,"column":15}},"61":{"start":{"line":98,"column":14},"end":{"line":98,"column":40}},"62":{"start":{"line":98,"column":23},"end":{"line":98,"column":40}},"63":{"start":{"line":99,"column":14},"end":{"line":99,"column":56}},"64":{"start":{"line":106,"column":4},"end":{"line":113,"column":7}},"65":{"start":{"line":107,"column":6},"end":{"line":109,"column":7}},"66":{"start":{"line":108,"column":8},"end":{"line":108,"column":71}},"67":{"start":{"line":110,"column":6},"end":{"line":112,"column":7}},"68":{"start":{"line":111,"column":8},"end":{"line":111,"column":40}},"69":{"start":{"line":115,"column":4},"end":{"line":117,"column":5}},"70":{"start":{"line":116,"column":6},"end":{"line":116,"column":74}},"71":{"start":{"line":118,"column":4},"end":{"line":118,"column":11}},"72":{"start":{"line":122,"column":0},"end":{"line":132,"column":2}},"73":{"start":{"line":123,"column":2},"end":{"line":123,"column":68}},"74":{"start":{"line":124,"column":19},"end":{"line":124,"column":65}},"75":{"start":{"line":125,"column":2},"end":{"line":131,"column":3}},"76":{"start":{"line":126,"column":4},"end":{"line":128,"column":7}},"77":{"start":{"line":127,"column":6},"end":{"line":127,"column":19}},"78":{"start":{"line":130,"column":4},"end":{"line":130,"column":52}},"79":{"start":{"line":134,"column":0},"end":{"line":145,"column":2}},"80":{"start":{"line":135,"column":2},"end":{"line":144,"column":5}},"81":{"start":{"line":136,"column":4},"end":{"line":143,"column":7}},"82":{"start":{"line":137,"column":6},"end":{"line":137,"column":60}},"83":{"start":{"line":137,"column":28},"end":{"line":137,"column":58}},"84":{"start":{"line":138,"column":18},"end":{"line":138,"column":86}},"85":{"start":{"line":139,"column":6},"end":{"line":142,"column":9}},"86":{"start":{"line":140,"column":8},"end":{"line":140,"column":79}},"87":{"start":{"line":140,"column":33},"end":{"line":140,"column":77}},"88":{"start":{"line":141,"column":8},"end":{"line":141,"column":55}},"89":{"start":{"line":147,"column":0},"end":{"line":159,"column":2}},"90":{"start":{"line":149,"column":4},"end":{"line":153,"column":7}},"91":{"start":{"line":150,"column":6},"end":{"line":152,"column":9}},"92":{"start":{"line":151,"column":8},"end":{"line":151,"column":42}},"93":{"start":{"line":156,"column":2},"end":{"line":158,"column":21}},"94":{"start":{"line":157,"column":22},"end":{"line":157,"column":38}},"95":{"start":{"line":158,"column":17},"end":{"line":158,"column":19}},"96":{"start":{"line":165,"column":0},"end":{"line":225,"column":2}},"97":{"start":{"line":166,"column":15},"end":{"line":166,"column":19}},"98":{"start":{"line":169,"column":19},"end":{"line":169,"column":40}},"99":{"start":{"line":171,"column":14},"end":{"line":171,"column":22}},"100":{"start":{"line":174,"column":2},"end":{"line":178,"column":3}},"101":{"start":{"line":175,"column":4},"end":{"line":175,"column":35}},"102":{"start":{"line":176,"column":4},"end":{"line":176,"column":21}},"103":{"start":{"line":177,"column":4},"end":{"line":177,"column":31}},"104":{"start":{"line":181,"column":25},"end":{"line":181,"column":29}},"105":{"start":{"line":185,"column":22},"end":{"line":185,"column":43}},"106":{"start":{"line":186,"column":17},"end":{"line":186,"column":22}},"107":{"start":{"line":187,"column":19},"end":{"line":187,"column":21}},"108":{"start":{"line":188,"column":2},"end":{"line":191,"column":3}},"109":{"start":{"line":189,"column":4},"end":{"line":189,"column":75}},"110":{"start":{"line":190,"column":4},"end":{"line":190,"column":47}},"111":{"start":{"line":193,"column":2},"end":{"line":193,"column":49}},"112":{"start":{"line":193,"column":31},"end":{"line":193,"column":49}},"113":{"start":{"line":195,"column":2},"end":{"line":198,"column":3}},"114":{"start":{"line":196,"column":4},"end":{"line":196,"column":97}},"115":{"start":{"line":197,"column":4},"end":{"line":197,"column":29}},"116":{"start":{"line":200,"column":23},"end":{"line":202,"column":3}},"117":{"start":{"line":204,"column":22},"end":{"line":209,"column":4}},"118":{"start":{"line":205,"column":4},"end":{"line":208,"column":7}},"119":{"start":{"line":206,"column":6},"end":{"line":206,"column":34}},"120":{"start":{"line":206,"column":15},"end":{"line":206,"column":34}},"121":{"start":{"line":207,"column":6},"end":{"line":207,"column":19}},"122":{"start":{"line":211,"column":2},"end":{"line":220,"column":3}},"123":{"start":{"line":212,"column":4},"end":{"line":217,"column":5}},"124":{"start":{"line":213,"column":6},"end":{"line":213,"column":110}},"125":{"start":{"line":215,"column":6},"end":{"line":215,"column":45}},"126":{"start":{"line":216,"column":6},"end":{"line":216,"column":77}},"127":{"start":{"line":219,"column":4},"end":{"line":219,"column":52}},"128":{"start":{"line":222,"column":2},"end":{"line":224,"column":5}},"129":{"start":{"line":223,"column":4},"end":{"line":223,"column":96}},"130":{"start":{"line":223,"column":57},"end":{"line":223,"column":93}},"131":{"start":{"line":230,"column":0},"end":{"line":241,"column":2}},"132":{"start":{"line":231,"column":15},"end":{"line":231,"column":19}},"133":{"start":{"line":232,"column":2},"end":{"line":232,"column":50}},"134":{"start":{"line":234,"column":2},"end":{"line":236,"column":5}},"135":{"start":{"line":235,"column":4},"end":{"line":235,"column":81}},"136":{"start":{"line":235,"column":41},"end":{"line":235,"column":78}},"137":{"start":{"line":238,"column":2},"end":{"line":240,"column":5}},"138":{"start":{"line":239,"column":4},"end":{"line":239,"column":89}},"139":{"start":{"line":239,"column":45},"end":{"line":239,"column":86}},"140":{"start":{"line":243,"column":0},"end":{"line":243,"column":30}}},"fnMap":{"0":{"name":"Runner","decl":{"start":{"line":12,"column":9},"end":{"line":12,"column":15}},"loc":{"start":{"line":12,"column":18},"end":{"line":13,"column":1}},"line":12},"1":{"name":"init","decl":{"start":{"line":15,"column":33},"end":{"line":15,"column":37}},"loc":{"start":{"line":15,"column":51},"end":{"line":24,"column":1}},"line":15},"2":{"name":"(anonymous_2)","decl":{"start":{"line":18,"column":23},"end":{"line":18,"column":24}},"loc":{"start":{"line":19,"column":6},"end":{"line":19,"column":75}},"line":19},"3":{"name":"(anonymous_3)","decl":{"start":{"line":19,"column":18},"end":{"line":19,"column":19}},"loc":{"start":{"line":19,"column":37},"end":{"line":19,"column":73}},"line":19},"4":{"name":"disconnect","decl":{"start":{"line":26,"column":39},"end":{"line":26,"column":49}},"loc":{"start":{"line":26,"column":56},"end":{"line":34,"column":1}},"line":26},"5":{"name":"(anonymous_5)","decl":{"start":{"line":28,"column":23},"end":{"line":28,"column":24}},"loc":{"start":{"line":29,"column":6},"end":{"line":29,"column":78}},"line":29},"6":{"name":"(anonymous_6)","decl":{"start":{"line":29,"column":21},"end":{"line":29,"column":22}},"loc":{"start":{"line":29,"column":40},"end":{"line":29,"column":76}},"line":29},"7":{"name":"listRunning","decl":{"start":{"line":39,"column":40},"end":{"line":39,"column":51}},"loc":{"start":{"line":39,"column":62},"end":{"line":49,"column":1}},"line":39},"8":{"name":"(anonymous_8)","decl":{"start":{"line":40,"column":21},"end":{"line":40,"column":22}},"loc":{"start":{"line":40,"column":42},"end":{"line":48,"column":3}},"line":40},"9":{"name":"(anonymous_9)","decl":{"start":{"line":41,"column":13},"end":{"line":41,"column":14}},"loc":{"start":{"line":41,"column":28},"end":{"line":47,"column":5}},"line":41},"10":{"name":"(anonymous_10)","decl":{"start":{"line":43,"column":42},"end":{"line":43,"column":43}},"loc":{"start":{"line":43,"column":58},"end":{"line":43,"column":139}},"line":43},"11":{"name":"listNotRunning","decl":{"start":{"line":54,"column":43},"end":{"line":54,"column":57}},"loc":{"start":{"line":54,"column":68},"end":{"line":64,"column":1}},"line":54},"12":{"name":"(anonymous_12)","decl":{"start":{"line":55,"column":21},"end":{"line":55,"column":22}},"loc":{"start":{"line":55,"column":42},"end":{"line":63,"column":3}},"line":55},"13":{"name":"(anonymous_13)","decl":{"start":{"line":56,"column":13},"end":{"line":56,"column":14}},"loc":{"start":{"line":56,"column":28},"end":{"line":62,"column":5}},"line":56},"14":{"name":"(anonymous_14)","decl":{"start":{"line":58,"column":42},"end":{"line":58,"column":43}},"loc":{"start":{"line":58,"column":58},"end":{"line":58,"column":96}},"line":58},"15":{"name":"getInterpreter","decl":{"start":{"line":66,"column":43},"end":{"line":66,"column":57}},"loc":{"start":{"line":66,"column":80},"end":{"line":120,"column":1}},"line":66},"16":{"name":"(anonymous_16)","decl":{"start":{"line":79,"column":24},"end":{"line":79,"column":25}},"loc":{"start":{"line":79,"column":34},"end":{"line":86,"column":5}},"line":79},"17":{"name":"(anonymous_17)","decl":{"start":{"line":88,"column":24},"end":{"line":88,"column":25}},"loc":{"start":{"line":88,"column":34},"end":{"line":104,"column":5}},"line":88},"18":{"name":"(anonymous_18)","decl":{"start":{"line":97,"column":45},"end":{"line":97,"column":46}},"loc":{"start":{"line":97,"column":54},"end":{"line":100,"column":13}},"line":97},"19":{"name":"(anonymous_19)","decl":{"start":{"line":106,"column":18},"end":{"line":106,"column":19}},"loc":{"start":{"line":106,"column":24},"end":{"line":113,"column":5}},"line":106},"20":{"name":"installNode","decl":{"start":{"line":122,"column":40},"end":{"line":122,"column":51}},"loc":{"start":{"line":122,"column":74},"end":{"line":132,"column":1}},"line":122},"21":{"name":"(anonymous_21)","decl":{"start":{"line":126,"column":70},"end":{"line":126,"column":71}},"loc":{"start":{"line":126,"column":95},"end":{"line":128,"column":5}},"line":126},"22":{"name":"getVersion","decl":{"start":{"line":134,"column":39},"end":{"line":134,"column":49}},"loc":{"start":{"line":134,"column":66},"end":{"line":145,"column":1}},"line":134},"23":{"name":"(anonymous_23)","decl":{"start":{"line":135,"column":21},"end":{"line":135,"column":22}},"loc":{"start":{"line":135,"column":42},"end":{"line":144,"column":3}},"line":135},"24":{"name":"(anonymous_24)","decl":{"start":{"line":136,"column":40},"end":{"line":136,"column":41}},"loc":{"start":{"line":136,"column":73},"end":{"line":143,"column":5}},"line":136},"25":{"name":"(anonymous_25)","decl":{"start":{"line":139,"column":67},"end":{"line":139,"column":68}},"loc":{"start":{"line":139,"column":96},"end":{"line":142,"column":7}},"line":139},"26":{"name":"getHashes","decl":{"start":{"line":147,"column":38},"end":{"line":147,"column":47}},"loc":{"start":{"line":147,"column":71},"end":{"line":159,"column":1}},"line":147},"27":{"name":"getHash","decl":{"start":{"line":148,"column":11},"end":{"line":148,"column":18}},"loc":{"start":{"line":148,"column":25},"end":{"line":154,"column":3}},"line":148},"28":{"name":"(anonymous_28)","decl":{"start":{"line":149,"column":23},"end":{"line":149,"column":24}},"loc":{"start":{"line":149,"column":36},"end":{"line":153,"column":5}},"line":149},"29":{"name":"(anonymous_29)","decl":{"start":{"line":150,"column":97},"end":{"line":150,"column":98}},"loc":{"start":{"line":150,"column":114},"end":{"line":152,"column":7}},"line":150},"30":{"name":"(anonymous_30)","decl":{"start":{"line":157,"column":10},"end":{"line":157,"column":11}},"loc":{"start":{"line":157,"column":22},"end":{"line":157,"column":38}},"line":157},"31":{"name":"(anonymous_31)","decl":{"start":{"line":158,"column":11},"end":{"line":158,"column":12}},"loc":{"start":{"line":158,"column":17},"end":{"line":158,"column":19}},"line":158},"32":{"name":"start","decl":{"start":{"line":165,"column":40},"end":{"line":165,"column":45}},"loc":{"start":{"line":165,"column":55},"end":{"line":225,"column":1}},"line":165},"33":{"name":"(anonymous_33)","decl":{"start":{"line":204,"column":40},"end":{"line":204,"column":41}},"loc":{"start":{"line":204,"column":61},"end":{"line":209,"column":3}},"line":204},"34":{"name":"(anonymous_34)","decl":{"start":{"line":205,"column":45},"end":{"line":205,"column":46}},"loc":{"start":{"line":205,"column":59},"end":{"line":208,"column":5}},"line":205},"35":{"name":"(anonymous_35)","decl":{"start":{"line":222,"column":20},"end":{"line":222,"column":21}},"loc":{"start":{"line":222,"column":41},"end":{"line":224,"column":3}},"line":222},"36":{"name":"(anonymous_36)","decl":{"start":{"line":223,"column":38},"end":{"line":223,"column":39}},"loc":{"start":{"line":223,"column":57},"end":{"line":223,"column":93}},"line":223},"37":{"name":"stop","decl":{"start":{"line":230,"column":39},"end":{"line":230,"column":43}},"loc":{"start":{"line":230,"column":53},"end":{"line":241,"column":1}},"line":230},"38":{"name":"(anonymous_38)","decl":{"start":{"line":234,"column":20},"end":{"line":234,"column":21}},"loc":{"start":{"line":234,"column":41},"end":{"line":236,"column":3}},"line":234},"39":{"name":"(anonymous_39)","decl":{"start":{"line":235,"column":27},"end":{"line":235,"column":28}},"loc":{"start":{"line":235,"column":41},"end":{"line":235,"column":78}},"line":235},"40":{"name":"(anonymous_40)","decl":{"start":{"line":238,"column":20},"end":{"line":238,"column":21}},"loc":{"start":{"line":238,"column":41},"end":{"line":240,"column":3}},"line":238},"41":{"name":"(anonymous_41)","decl":{"start":{"line":239,"column":29},"end":{"line":239,"column":30}},"loc":{"start":{"line":239,"column":45},"end":{"line":239,"column":86}},"line":239}},"branchMap":{"0":{"loc":{"start":{"line":17,"column":2},"end":{"line":21,"column":3}},"type":"if","locations":[{"start":{"line":17,"column":2},"end":{"line":21,"column":3}},{"start":{"line":17,"column":2},"end":{"line":21,"column":3}}],"line":17},"1":{"loc":{"start":{"line":19,"column":37},"end":{"line":19,"column":73}},"type":"cond-expr","locations":[{"start":{"line":19,"column":43},"end":{"line":19,"column":54}},{"start":{"line":19,"column":57},"end":{"line":19,"column":73}}],"line":19},"2":{"loc":{"start":{"line":27,"column":2},"end":{"line":31,"column":3}},"type":"if","locations":[{"start":{"line":27,"column":2},"end":{"line":31,"column":3}},{"start":{"line":27,"column":2},"end":{"line":31,"column":3}}],"line":27},"3":{"loc":{"start":{"line":29,"column":40},"end":{"line":29,"column":76}},"type":"cond-expr","locations":[{"start":{"line":29,"column":46},"end":{"line":29,"column":57}},{"start":{"line":29,"column":60},"end":{"line":29,"column":76}}],"line":29},"4":{"loc":{"start":{"line":42,"column":6},"end":{"line":42,"column":34}},"type":"if","locations":[{"start":{"line":42,"column":6},"end":{"line":42,"column":34}},{"start":{"line":42,"column":6},"end":{"line":42,"column":34}}],"line":42},"5":{"loc":{"start":{"line":43,"column":58},"end":{"line":43,"column":139}},"type":"binary-expr","locations":[{"start":{"line":43,"column":58},"end":{"line":43,"column":96}},{"start":{"line":43,"column":100},"end":{"line":43,"column":139}}],"line":43},"6":{"loc":{"start":{"line":45,"column":6},"end":{"line":45,"column":65}},"type":"if","locations":[{"start":{"line":45,"column":6},"end":{"line":45,"column":65}},{"start":{"line":45,"column":6},"end":{"line":45,"column":65}}],"line":45},"7":{"loc":{"start":{"line":57,"column":6},"end":{"line":57,"column":34}},"type":"if","locations":[{"start":{"line":57,"column":6},"end":{"line":57,"column":34}},{"start":{"line":57,"column":6},"end":{"line":57,"column":34}}],"line":57},"8":{"loc":{"start":{"line":60,"column":6},"end":{"line":60,"column":65}},"type":"if","locations":[{"start":{"line":60,"column":6},"end":{"line":60,"column":65}},{"start":{"line":60,"column":6},"end":{"line":60,"column":65}}],"line":60},"9":{"loc":{"start":{"line":74,"column":2},"end":{"line":119,"column":3}},"type":"if","locations":[{"start":{"line":74,"column":2},"end":{"line":119,"column":3}},{"start":{"line":74,"column":2},"end":{"line":119,"column":3}}],"line":74},"10":{"loc":{"start":{"line":74,"column":6},"end":{"line":74,"column":47}},"type":"binary-expr","locations":[{"start":{"line":74,"column":6},"end":{"line":74,"column":14}},{"start":{"line":74,"column":18},"end":{"line":74,"column":47}}],"line":74},"11":{"loc":{"start":{"line":80,"column":6},"end":{"line":85,"column":7}},"type":"if","locations":[{"start":{"line":80,"column":6},"end":{"line":85,"column":7}},{"start":{"line":80,"column":6},"end":{"line":85,"column":7}}],"line":80},"12":{"loc":{"start":{"line":83,"column":13},"end":{"line":85,"column":7}},"type":"if","locations":[{"start":{"line":83,"column":13},"end":{"line":85,"column":7}},{"start":{"line":83,"column":13},"end":{"line":85,"column":7}}],"line":83},"13":{"loc":{"start":{"line":89,"column":6},"end":{"line":103,"column":7}},"type":"if","locations":[{"start":{"line":89,"column":6},"end":{"line":103,"column":7}},{"start":{"line":89,"column":6},"end":{"line":103,"column":7}}],"line":89},"14":{"loc":{"start":{"line":91,"column":8},"end":{"line":102,"column":9}},"type":"if","locations":[{"start":{"line":91,"column":8},"end":{"line":102,"column":9}},{"start":{"line":91,"column":8},"end":{"line":102,"column":9}}],"line":91},"15":{"loc":{"start":{"line":95,"column":10},"end":{"line":101,"column":11}},"type":"if","locations":[{"start":{"line":95,"column":10},"end":{"line":101,"column":11}},{"start":{"line":95,"column":10},"end":{"line":101,"column":11}}],"line":95},"16":{"loc":{"start":{"line":98,"column":14},"end":{"line":98,"column":40}},"type":"if","locations":[{"start":{"line":98,"column":14},"end":{"line":98,"column":40}},{"start":{"line":98,"column":14},"end":{"line":98,"column":40}}],"line":98},"17":{"loc":{"start":{"line":107,"column":6},"end":{"line":109,"column":7}},"type":"if","locations":[{"start":{"line":107,"column":6},"end":{"line":109,"column":7}},{"start":{"line":107,"column":6},"end":{"line":109,"column":7}}],"line":107},"18":{"loc":{"start":{"line":107,"column":10},"end":{"line":107,"column":46}},"type":"binary-expr","locations":[{"start":{"line":107,"column":10},"end":{"line":107,"column":21}},{"start":{"line":107,"column":25},"end":{"line":107,"column":46}}],"line":107},"19":{"loc":{"start":{"line":110,"column":6},"end":{"line":112,"column":7}},"type":"if","locations":[{"start":{"line":110,"column":6},"end":{"line":112,"column":7}},{"start":{"line":110,"column":6},"end":{"line":112,"column":7}}],"line":110},"20":{"loc":{"start":{"line":115,"column":4},"end":{"line":117,"column":5}},"type":"if","locations":[{"start":{"line":115,"column":4},"end":{"line":117,"column":5}},{"start":{"line":115,"column":4},"end":{"line":117,"column":5}}],"line":115},"21":{"loc":{"start":{"line":125,"column":2},"end":{"line":131,"column":3}},"type":"if","locations":[{"start":{"line":125,"column":2},"end":{"line":131,"column":3}},{"start":{"line":125,"column":2},"end":{"line":131,"column":3}}],"line":125},"22":{"loc":{"start":{"line":137,"column":6},"end":{"line":137,"column":60}},"type":"if","locations":[{"start":{"line":137,"column":6},"end":{"line":137,"column":60}},{"start":{"line":137,"column":6},"end":{"line":137,"column":60}}],"line":137},"23":{"loc":{"start":{"line":138,"column":18},"end":{"line":138,"column":86}},"type":"binary-expr","locations":[{"start":{"line":138,"column":19},"end":{"line":138,"column":30}},{"start":{"line":138,"column":34},"end":{"line":138,"column":54}},{"start":{"line":138,"column":59},"end":{"line":138,"column":86}}],"line":138},"24":{"loc":{"start":{"line":140,"column":8},"end":{"line":140,"column":79}},"type":"if","locations":[{"start":{"line":140,"column":8},"end":{"line":140,"column":79}},{"start":{"line":140,"column":8},"end":{"line":140,"column":79}}],"line":140},"25":{"loc":{"start":{"line":140,"column":12},"end":{"line":140,"column":29}},"type":"binary-expr","locations":[{"start":{"line":140,"column":12},"end":{"line":140,"column":19}},{"start":{"line":140,"column":23},"end":{"line":140,"column":29}}],"line":140},"26":{"loc":{"start":{"line":140,"column":47},"end":{"line":140,"column":75}},"type":"binary-expr","locations":[{"start":{"line":140,"column":47},"end":{"line":140,"column":54}},{"start":{"line":140,"column":58},"end":{"line":140,"column":75}}],"line":140},"27":{"loc":{"start":{"line":141,"column":17},"end":{"line":141,"column":46}},"type":"binary-expr","locations":[{"start":{"line":141,"column":17},"end":{"line":141,"column":40}},{"start":{"line":141,"column":44},"end":{"line":141,"column":46}}],"line":141},"28":{"loc":{"start":{"line":174,"column":2},"end":{"line":178,"column":3}},"type":"if","locations":[{"start":{"line":174,"column":2},"end":{"line":178,"column":3}},{"start":{"line":174,"column":2},"end":{"line":178,"column":3}}],"line":174},"29":{"loc":{"start":{"line":188,"column":2},"end":{"line":191,"column":3}},"type":"if","locations":[{"start":{"line":188,"column":2},"end":{"line":191,"column":3}},{"start":{"line":188,"column":2},"end":{"line":191,"column":3}}],"line":188},"30":{"loc":{"start":{"line":193,"column":2},"end":{"line":193,"column":49}},"type":"if","locations":[{"start":{"line":193,"column":2},"end":{"line":193,"column":49}},{"start":{"line":193,"column":2},"end":{"line":193,"column":49}}],"line":193},"31":{"loc":{"start":{"line":195,"column":2},"end":{"line":198,"column":3}},"type":"if","locations":[{"start":{"line":195,"column":2},"end":{"line":198,"column":3}},{"start":{"line":195,"column":2},"end":{"line":198,"column":3}}],"line":195},"32":{"loc":{"start":{"line":206,"column":6},"end":{"line":206,"column":34}},"type":"if","locations":[{"start":{"line":206,"column":6},"end":{"line":206,"column":34}},{"start":{"line":206,"column":6},"end":{"line":206,"column":34}}],"line":206},"33":{"loc":{"start":{"line":211,"column":2},"end":{"line":220,"column":3}},"type":"if","locations":[{"start":{"line":211,"column":2},"end":{"line":220,"column":3}},{"start":{"line":211,"column":2},"end":{"line":220,"column":3}}],"line":211},"34":{"loc":{"start":{"line":212,"column":4},"end":{"line":217,"column":5}},"type":"if","locations":[{"start":{"line":212,"column":4},"end":{"line":217,"column":5}},{"start":{"line":212,"column":4},"end":{"line":217,"column":5}}],"line":212},"35":{"loc":{"start":{"line":223,"column":57},"end":{"line":223,"column":93}},"type":"cond-expr","locations":[{"start":{"line":223,"column":63},"end":{"line":223,"column":74}},{"start":{"line":223,"column":77},"end":{"line":223,"column":93}}],"line":223},"36":{"loc":{"start":{"line":235,"column":41},"end":{"line":235,"column":78}},"type":"cond-expr","locations":[{"start":{"line":235,"column":51},"end":{"line":235,"column":66}},{"start":{"line":235,"column":69},"end":{"line":235,"column":78}}],"line":235},"37":{"loc":{"start":{"line":239,"column":45},"end":{"line":239,"column":86}},"type":"cond-expr","locations":[{"start":{"line":239,"column":57},"end":{"line":239,"column":74}},{"start":{"line":239,"column":77},"end":{"line":239,"column":86}}],"line":239}},"s":{"0":1,"1":1,"2":1,"3":1,"4":1,"5":1,"6":1,"7":0,"8":0,"9":0,"10":0,"11":0,"12":0,"13":1,"14":0,"15":0,"16":0,"17":0,"18":0,"19":1,"20":0,"21":0,"22":0,"23":0,"24":0,"25":0,"26":0,"27":0,"28":0,"29":1,"30":0,"31":0,"32":0,"33":0,"34":0,"35":0,"36":0,"37":0,"38":0,"39":1,"40":0,"41":0,"42":0,"43":0,"44":0,"45":0,"46":0,"47":0,"48":0,"49":0,"50":0,"51":0,"52":0,"53":0,"54":0,"55":0,"56":0,"57":0,"58":0,"59":0,"60":0,"61":0,"62":0,"63":0,"64":0,"65":0,"66":0,"67":0,"68":0,"69":0,"70":0,"71":0,"72":1,"73":0,"74":0,"75":0,"76":0,"77":0,"78":0,"79":1,"80":0,"81":0,"82":0,"83":0,"84":0,"85":0,"86":0,"87":0,"88":0,"89":1,"90":0,"91":0,"92":0,"93":0,"94":0,"95":0,"96":1,"97":0,"98":0,"99":0,"100":0,"101":0,"102":0,"103":0,"104":0,"105":0,"106":0,"107":0,"108":0,"109":0,"110":0,"111":0,"112":0,"113":0,"114":0,"115":0,"116":0,"117":0,"118":0,"119":0,"120":0,"121":0,"122":0,"123":0,"124":0,"125":0,"126":0,"127":0,"128":0,"129":0,"130":0,"131":1,"132":0,"133":0,"134":0,"135":0,"136":0,"137":0,"138":0,"139":0,"140":1},"f":{"0":1,"1":0,"2":0,"3":0,"4":0,"5":0,"6":0,"7":0,"8":0,"9":0,"10":0,"11":0,"12":0,"13":0,"14":0,"15":0,"16":0,"17":0,"18":0,"19":0,"20":0,"21":0,"22":0,"23":0,"24":0,"25":0,"26":0,"27":0,"28":0,"29":0,"30":0,"31":0,"32":0,"33":0,"34":0,"35":0,"36":0,"37":0,"38":0,"39":0,"40":0,"41":0},"b":{"0":[0,0],"1":[0,0],"2":[0,0],"3":[0,0],"4":[0,0],"5":[0,0],"6":[0,0],"7":[0,0],"8":[0,0],"9":[0,0],"10":[0,0],"11":[0,0],"12":[0,0],"13":[0,0],"14":[0,0],"15":[0,0],"16":[0,0],"17":[0,0],"18":[0,0],"19":[0,0],"20":[0,0],"21":[0,0],"22":[0,0],"23":[0,0,0],"24":[0,0],"25":[0,0],"26":[0,0],"27":[0,0],"28":[0,0],"29":[0,0],"30":[0,0],"31":[0,0],"32":[0,0],"33":[0,0],"34":[0,0],"35":[0,0],"36":[0,0],"37":[0,0]},"_coverageSchema":"43e27e138ebf9cfc5966b082cf9a028302ed4184","hash":"fc5e6a4c8fd563020359f20baa9c219548474622","contentHash":"b7b6859ef1432f789d7f8beec969d184e330efc428e4351d47d49eeddeaab00a"},"/Users/cliftonc/work/bosco-alt/src/ExternalBuilders/SpawnWatch.js":{"path":"/Users/cliftonc/work/bosco-alt/src/ExternalBuilders/SpawnWatch.js","statementMap":{"0":{"start":{"line":1,"column":18},"end":{"line":1,"column":42}},"1":{"start":{"line":2,"column":10},"end":{"line":2,"column":27}},"2":{"start":{"line":4,"column":0},"end":{"line":92,"column":2}},"3":{"start":{"line":5,"column":2},"end":{"line":91,"column":4}},"4":{"start":{"line":6,"column":4},"end":{"line":6,"column":91}},"5":{"start":{"line":7,"column":15},"end":{"line":7,"column":69}},"6":{"start":{"line":8,"column":17},"end":{"line":10,"column":5}},"7":{"start":{"line":16,"column":6},"end":{"line":16,"column":27}},"8":{"start":{"line":17,"column":6},"end":{"line":17,"column":39}},"9":{"start":{"line":21,"column":6},"end":{"line":23,"column":8}},"10":{"start":{"line":24,"column":6},"end":{"line":24,"column":23}},"11":{"start":{"line":25,"column":6},"end":{"line":25,"column":28}},"12":{"start":{"line":26,"column":6},"end":{"line":26,"column":65}},"13":{"start":{"line":26,"column":31},"end":{"line":26,"column":65}},"14":{"start":{"line":27,"column":6},"end":{"line":27,"column":33}},"15":{"start":{"line":31,"column":29},"end":{"line":31,"column":44}},"16":{"start":{"line":32,"column":6},"end":{"line":32,"column":14}},"17":{"start":{"line":33,"column":6},"end":{"line":33,"column":48}},"18":{"start":{"line":37,"column":27},"end":{"line":37,"column":158}},"19":{"start":{"line":38,"column":6},"end":{"line":38,"column":31}},"20":{"start":{"line":39,"column":6},"end":{"line":39,"column":40}},"21":{"start":{"line":40,"column":6},"end":{"line":42,"column":7}},"22":{"start":{"line":41,"column":8},"end":{"line":41,"column":34}},"23":{"start":{"line":43,"column":6},"end":{"line":43,"column":30}},"24":{"start":{"line":47,"column":6},"end":{"line":47,"column":70}},"25":{"start":{"line":48,"column":6},"end":{"line":48,"column":72}},"26":{"start":{"line":52,"column":6},"end":{"line":56,"column":9}},"27":{"start":{"line":53,"column":8},"end":{"line":53,"column":46}},"28":{"start":{"line":53,"column":37},"end":{"line":53,"column":44}},"29":{"start":{"line":54,"column":8},"end":{"line":54,"column":34}},"30":{"start":{"line":55,"column":8},"end":{"line":55,"column":29}},"31":{"start":{"line":57,"column":6},"end":{"line":57,"column":53}},"32":{"start":{"line":61,"column":6},"end":{"line":61,"column":28}},"33":{"start":{"line":61,"column":19},"end":{"line":61,"column":26}},"34":{"start":{"line":63,"column":6},"end":{"line":65,"column":7}},"35":{"start":{"line":64,"column":8},"end":{"line":64,"column":23}},"36":{"start":{"line":67,"column":6},"end":{"line":67,"column":39}},"37":{"start":{"line":68,"column":6},"end":{"line":70,"column":7}},"38":{"start":{"line":69,"column":8},"end":{"line":69,"column":51}},"39":{"start":{"line":72,"column":6},"end":{"line":75,"column":7}},"40":{"start":{"line":73,"column":8},"end":{"line":73,"column":34}},"41":{"start":{"line":74,"column":8},"end":{"line":74,"column":25}},"42":{"start":{"line":79,"column":25},"end":{"line":79,"column":97}},"43":{"start":{"line":80,"column":6},"end":{"line":80,"column":29}},"44":{"start":{"line":81,"column":6},"end":{"line":81,"column":33}},"45":{"start":{"line":82,"column":6},"end":{"line":82,"column":34}},"46":{"start":{"line":83,"column":6},"end":{"line":83,"column":100}},"47":{"start":{"line":84,"column":6},"end":{"line":84,"column":40}},"48":{"start":{"line":87,"column":4},"end":{"line":87,"column":12}},"49":{"start":{"line":88,"column":4},"end":{"line":88,"column":71}},"50":{"start":{"line":88,"column":37},"end":{"line":88,"column":67}},"51":{"start":{"line":89,"column":4},"end":{"line":89,"column":71}},"52":{"start":{"line":89,"column":37},"end":{"line":89,"column":67}},"53":{"start":{"line":90,"column":4},"end":{"line":90,"column":31}}},"fnMap":{"0":{"name":"SpawnWatch","decl":{"start":{"line":4,"column":26},"end":{"line":4,"column":36}},"loc":{"start":{"line":4,"column":44},"end":{"line":92,"column":1}},"line":4},"1":{"name":"(anonymous_1)","decl":{"start":{"line":5,"column":9},"end":{"line":5,"column":10}},"loc":{"start":{"line":5,"column":60},"end":{"line":91,"column":3}},"line":5},"2":{"name":"addOutput","decl":{"start":{"line":15,"column":13},"end":{"line":15,"column":22}},"loc":{"start":{"line":15,"column":35},"end":{"line":18,"column":5}},"line":15},"3":{"name":"reset","decl":{"start":{"line":20,"column":13},"end":{"line":20,"column":18}},"loc":{"start":{"line":20,"column":21},"end":{"line":28,"column":5}},"line":20},"4":{"name":"buildCompleted","decl":{"start":{"line":30,"column":13},"end":{"line":30,"column":27}},"loc":{"start":{"line":30,"column":33},"end":{"line":34,"column":5}},"line":30},"5":{"name":"onBuildTimeout","decl":{"start":{"line":36,"column":13},"end":{"line":36,"column":27}},"loc":{"start":{"line":36,"column":30},"end":{"line":44,"column":5}},"line":36},"6":{"name":"buildStarted","decl":{"start":{"line":46,"column":13},"end":{"line":46,"column":25}},"loc":{"start":{"line":46,"column":28},"end":{"line":49,"column":5}},"line":46},"7":{"name":"isBuildFinished","decl":{"start":{"line":51,"column":13},"end":{"line":51,"column":28}},"loc":{"start":{"line":51,"column":31},"end":{"line":58,"column":5}},"line":51},"8":{"name":"(anonymous_8)","decl":{"start":{"line":52,"column":26},"end":{"line":52,"column":27}},"loc":{"start":{"line":52,"column":40},"end":{"line":56,"column":7}},"line":52},"9":{"name":"onChildOutput","decl":{"start":{"line":60,"column":13},"end":{"line":60,"column":26}},"loc":{"start":{"line":60,"column":39},"end":{"line":76,"column":5}},"line":60},"10":{"name":"onChildExit","decl":{"start":{"line":78,"column":13},"end":{"line":78,"column":24}},"loc":{"start":{"line":78,"column":39},"end":{"line":85,"column":5}},"line":78},"11":{"name":"(anonymous_11)","decl":{"start":{"line":88,"column":25},"end":{"line":88,"column":26}},"loc":{"start":{"line":88,"column":35},"end":{"line":88,"column":69}},"line":88},"12":{"name":"(anonymous_12)","decl":{"start":{"line":89,"column":25},"end":{"line":89,"column":26}},"loc":{"start":{"line":89,"column":35},"end":{"line":89,"column":69}},"line":89}},"branchMap":{"0":{"loc":{"start":{"line":26,"column":6},"end":{"line":26,"column":65}},"type":"if","locations":[{"start":{"line":26,"column":6},"end":{"line":26,"column":65}},{"start":{"line":26,"column":6},"end":{"line":26,"column":65}}],"line":26},"1":{"loc":{"start":{"line":40,"column":6},"end":{"line":42,"column":7}},"type":"if","locations":[{"start":{"line":40,"column":6},"end":{"line":42,"column":7}},{"start":{"line":40,"column":6},"end":{"line":42,"column":7}}],"line":40},"2":{"loc":{"start":{"line":53,"column":8},"end":{"line":53,"column":46}},"type":"if","locations":[{"start":{"line":53,"column":8},"end":{"line":53,"column":46}},{"start":{"line":53,"column":8},"end":{"line":53,"column":46}}],"line":53},"3":{"loc":{"start":{"line":61,"column":6},"end":{"line":61,"column":28}},"type":"if","locations":[{"start":{"line":61,"column":6},"end":{"line":61,"column":28}},{"start":{"line":61,"column":6},"end":{"line":61,"column":28}}],"line":61},"4":{"loc":{"start":{"line":63,"column":6},"end":{"line":65,"column":7}},"type":"if","locations":[{"start":{"line":63,"column":6},"end":{"line":65,"column":7}},{"start":{"line":63,"column":6},"end":{"line":65,"column":7}}],"line":63},"5":{"loc":{"start":{"line":68,"column":6},"end":{"line":70,"column":7}},"type":"if","locations":[{"start":{"line":68,"column":6},"end":{"line":70,"column":7}},{"start":{"line":68,"column":6},"end":{"line":70,"column":7}}],"line":68},"6":{"loc":{"start":{"line":72,"column":6},"end":{"line":75,"column":7}},"type":"if","locations":[{"start":{"line":72,"column":6},"end":{"line":75,"column":7}},{"start":{"line":72,"column":6},"end":{"line":75,"column":7}}],"line":72}},"s":{"0":1,"1":1,"2":1,"3":9,"4":5,"5":5,"6":5,"7":14,"8":14,"9":16,"10":16,"11":16,"12":16,"13":7,"14":16,"15":11,"16":11,"17":11,"18":2,"19":2,"20":2,"21":2,"22":1,"23":2,"24":7,"25":7,"26":7,"27":7,"28":0,"29":7,"30":7,"31":7,"32":7,"33":0,"34":7,"35":7,"36":7,"37":7,"38":3,"39":7,"40":4,"41":4,"42":5,"43":5,"44":5,"45":5,"46":5,"47":5,"48":5,"49":5,"50":6,"51":5,"52":1,"53":5},"f":{"0":9,"1":5,"2":14,"3":16,"4":11,"5":2,"6":7,"7":7,"8":7,"9":7,"10":5,"11":6,"12":1},"b":{"0":[7,9],"1":[1,1],"2":[0,7],"3":[0,7],"4":[7,0],"5":[3,4],"6":[4,3]},"_coverageSchema":"43e27e138ebf9cfc5966b082cf9a028302ed4184","hash":"a2d16215403dff0bc3ef2ea791e5d02c0f4011c6","contentHash":"3ac28f6e630ef531f19c83a7cccd206a03136f4b6665e00c1cd6d59b28a71c55"},"/Users/cliftonc/work/bosco-alt/src/ExternalBuilders/ExecBuild.js":{"path":"/Users/cliftonc/work/bosco-alt/src/ExternalBuilders/ExecBuild.js","statementMap":{"0":{"start":{"line":1,"column":17},"end":{"line":1,"column":41}},"1":{"start":{"line":2,"column":21},"end":{"line":2,"column":45}},"2":{"start":{"line":4,"column":0},"end":{"line":12,"column":2}},"3":{"start":{"line":5,"column":2},"end":{"line":11,"column":4}},"4":{"start":{"line":6,"column":4},"end":{"line":6,"column":80}},"5":{"start":{"line":7,"column":4},"end":{"line":9,"column":5}},"6":{"start":{"line":8,"column":6},"end":{"line":8,"column":73}},"7":{"start":{"line":10,"column":4},"end":{"line":10,"column":53}}},"fnMap":{"0":{"name":"ExecBuild","decl":{"start":{"line":4,"column":26},"end":{"line":4,"column":35}},"loc":{"start":{"line":4,"column":43},"end":{"line":12,"column":1}},"line":4},"1":{"name":"(anonymous_1)","decl":{"start":{"line":5,"column":9},"end":{"line":5,"column":10}},"loc":{"start":{"line":5,"column":60},"end":{"line":11,"column":3}},"line":5}},"branchMap":{"0":{"loc":{"start":{"line":7,"column":4},"end":{"line":9,"column":5}},"type":"if","locations":[{"start":{"line":7,"column":4},"end":{"line":9,"column":5}},{"start":{"line":7,"column":4},"end":{"line":9,"column":5}}],"line":7}},"s":{"0":1,"1":1,"2":1,"3":9,"4":3,"5":3,"6":2,"7":1},"f":{"0":9,"1":3},"b":{"0":[2,1]},"_coverageSchema":"43e27e138ebf9cfc5966b082cf9a028302ed4184","hash":"5645f4b3ad6f02804c6360aed5c23aeb08441ef0","contentHash":"c74722f6398e2291227acddad1ed7f032cf6af1e44eed4ceda4782e3f850d319"},"/Users/cliftonc/work/bosco-alt/src/ExternalBuilders/utils.js":{"path":"/Users/cliftonc/work/bosco-alt/src/ExternalBuilders/utils.js","statementMap":{"0":{"start":{"line":1,"column":0},"end":{"line":37,"column":2}},"1":{"start":{"line":3,"column":4},"end":{"line":3,"column":91}},"2":{"start":{"line":12,"column":4},"end":{"line":27,"column":5}},"3":{"start":{"line":13,"column":26},"end":{"line":13,"column":49}},"4":{"start":{"line":14,"column":6},"end":{"line":14,"column":46}},"5":{"start":{"line":15,"column":6},"end":{"line":15,"column":45}},"6":{"start":{"line":16,"column":6},"end":{"line":16,"column":59}},"7":{"start":{"line":17,"column":6},"end":{"line":17,"column":30}},"8":{"start":{"line":19,"column":6},"end":{"line":19,"column":36}},"9":{"start":{"line":20,"column":6},"end":{"line":20,"column":30}},"10":{"start":{"line":21,"column":27},"end":{"line":21,"column":49}},"11":{"start":{"line":22,"column":6},"end":{"line":26,"column":7}},"12":{"start":{"line":23,"column":8},"end":{"line":23,"column":48}},"13":{"start":{"line":24,"column":8},"end":{"line":24,"column":23}},"14":{"start":{"line":25,"column":8},"end":{"line":25,"column":31}},"15":{"start":{"line":28,"column":4},"end":{"line":28,"column":61}},"16":{"start":{"line":29,"column":4},"end":{"line":31,"column":6}},"17":{"start":{"line":34,"column":2},"end":{"line":36,"column":4}}},"fnMap":{"0":{"name":"Utils","decl":{"start":{"line":1,"column":26},"end":{"line":1,"column":31}},"loc":{"start":{"line":1,"column":39},"end":{"line":37,"column":1}},"line":1},"1":{"name":"ensureCorrectNodeVersion","decl":{"start":{"line":2,"column":11},"end":{"line":2,"column":35}},"loc":{"start":{"line":2,"column":61},"end":{"line":4,"column":3}},"line":2},"2":{"name":"createCommand","decl":{"start":{"line":6,"column":11},"end":{"line":6,"column":24}},"loc":{"start":{"line":6,"column":58},"end":{"line":32,"column":3}},"line":6}},"branchMap":{"0":{"loc":{"start":{"line":3,"column":12},"end":{"line":3,"column":76}},"type":"cond-expr","locations":[{"start":{"line":3,"column":26},"end":{"line":3,"column":46}},{"start":{"line":3,"column":49},"end":{"line":3,"column":76}}],"line":3},"1":{"loc":{"start":{"line":12,"column":4},"end":{"line":27,"column":5}},"type":"if","locations":[{"start":{"line":12,"column":4},"end":{"line":27,"column":5}},{"start":{"line":12,"column":4},"end":{"line":27,"column":5}}],"line":12},"2":{"loc":{"start":{"line":13,"column":26},"end":{"line":13,"column":49}},"type":"binary-expr","locations":[{"start":{"line":13,"column":26},"end":{"line":13,"column":43}},{"start":{"line":13,"column":47},"end":{"line":13,"column":49}}],"line":13},"3":{"loc":{"start":{"line":14,"column":14},"end":{"line":14,"column":45}},"type":"binary-expr","locations":[{"start":{"line":14,"column":14},"end":{"line":14,"column":31}},{"start":{"line":14,"column":35},"end":{"line":14,"column":45}}],"line":14},"4":{"loc":{"start":{"line":15,"column":16},"end":{"line":15,"column":44}},"type":"binary-expr","locations":[{"start":{"line":15,"column":16},"end":{"line":15,"column":35}},{"start":{"line":15,"column":39},"end":{"line":15,"column":44}}],"line":15},"5":{"loc":{"start":{"line":16,"column":16},"end":{"line":16,"column":58}},"type":"binary-expr","locations":[{"start":{"line":16,"column":16},"end":{"line":16,"column":35}},{"start":{"line":16,"column":39},"end":{"line":16,"column":58}}],"line":16},"6":{"loc":{"start":{"line":22,"column":6},"end":{"line":26,"column":7}},"type":"if","locations":[{"start":{"line":22,"column":6},"end":{"line":26,"column":7}},{"start":{"line":22,"column":6},"end":{"line":26,"column":7}}],"line":22}},"s":{"0":1,"1":9,"2":9,"3":6,"4":6,"5":6,"6":6,"7":6,"8":3,"9":3,"10":3,"11":3,"12":2,"13":2,"14":2,"15":9,"16":9,"17":9},"f":{"0":9,"1":9,"2":9},"b":{"0":[0,9],"1":[6,3],"2":[6,1],"3":[6,2],"4":[6,4],"5":[6,5],"6":[2,1]},"_coverageSchema":"43e27e138ebf9cfc5966b082cf9a028302ed4184","hash":"ea5dedd64c1e00b9f1e495448797861968da7b5a","contentHash":"fa6149487a58cbe564af87fef45c56f61f11eff19725f44280b74af65e909068"},"/Users/cliftonc/work/bosco-alt/src/bosco.js":{"path":"/Users/cliftonc/work/bosco-alt/src/bosco.js","statementMap":{"0":{"start":{"line":5,"column":0},"end":{"line":5,"column":18}},"1":{"start":{"line":6,"column":10},"end":{"line":6,"column":27}},"2":{"start":{"line":7,"column":21},"end":{"line":7,"column":44}},"3":{"start":{"line":8,"column":14},"end":{"line":8,"column":30}},"4":{"start":{"line":9,"column":21},"end":{"line":9,"column":38}},"5":{"start":{"line":10,"column":11},"end":{"line":10,"column":30}},"6":{"start":{"line":11,"column":14},"end":{"line":11,"column":30}},"7":{"start":{"line":12,"column":13},"end":{"line":12,"column":28}},"8":{"start":{"line":13,"column":17},"end":{"line":13,"column":36}},"9":{"start":{"line":14,"column":15},"end":{"line":14,"column":32}},"10":{"start":{"line":15,"column":16},"end":{"line":15,"column":34}},"11":{"start":{"line":16,"column":15},"end":{"line":16,"column":32}},"12":{"start":{"line":17,"column":11},"end":{"line":17,"column":24}},"13":{"start":{"line":18,"column":11},"end":{"line":18,"column":24}},"14":{"start":{"line":19,"column":14},"end":{"line":19,"column":30}},"15":{"start":{"line":20,"column":11},"end":{"line":20,"column":24}},"16":{"start":{"line":21,"column":14},"end":{"line":21,"column":30}},"17":{"start":{"line":22,"column":26},"end":{"line":22,"column":58}},"18":{"start":{"line":23,"column":21},"end":{"line":23,"column":46}},"19":{"start":{"line":25,"column":0},"end":{"line":25,"column":31}},"20":{"start":{"line":29,"column":4},"end":{"line":29,"column":12}},"21":{"start":{"line":30,"column":4},"end":{"line":30,"column":41}},"22":{"start":{"line":31,"column":4},"end":{"line":31,"column":40}},"23":{"start":{"line":35,"column":4},"end":{"line":37,"column":6}},"24":{"start":{"line":39,"column":4},"end":{"line":39,"column":64}},"25":{"start":{"line":42,"column":4},"end":{"line":44,"column":32}},"26":{"start":{"line":46,"column":4},"end":{"line":46,"column":136}},"27":{"start":{"line":47,"column":4},"end":{"line":47,"column":91}},"28":{"start":{"line":50,"column":4},"end":{"line":62,"column":5}},"29":{"start":{"line":51,"column":6},"end":{"line":51,"column":30}},"30":{"start":{"line":52,"column":6},"end":{"line":52,"column":31}},"31":{"start":{"line":53,"column":6},"end":{"line":53,"column":38}},"32":{"start":{"line":54,"column":6},"end":{"line":54,"column":33}},"33":{"start":{"line":55,"column":6},"end":{"line":55,"column":35}},"34":{"start":{"line":57,"column":6},"end":{"line":57,"column":65}},"35":{"start":{"line":58,"column":6},"end":{"line":58,"column":60}},"36":{"start":{"line":59,"column":6},"end":{"line":59,"column":75}},"37":{"start":{"line":60,"column":6},"end":{"line":60,"column":63}},"38":{"start":{"line":61,"column":6},"end":{"line":61,"column":67}},"39":{"start":{"line":64,"column":4},"end":{"line":64,"column":41}},"40":{"start":{"line":65,"column":4},"end":{"line":65,"column":35}},"41":{"start":{"line":66,"column":4},"end":{"line":66,"column":35}},"42":{"start":{"line":67,"column":4},"end":{"line":67,"column":98}},"43":{"start":{"line":69,"column":4},"end":{"line":69,"column":24}},"44":{"start":{"line":70,"column":4},"end":{"line":70,"column":25}},"45":{"start":{"line":71,"column":4},"end":{"line":71,"column":29}},"46":{"start":{"line":72,"column":4},"end":{"line":72,"column":25}},"47":{"start":{"line":74,"column":4},"end":{"line":77,"column":6}},"48":{"start":{"line":81,"column":16},"end":{"line":81,"column":71}},"49":{"start":{"line":82,"column":26},"end":{"line":98,"column":5}},"50":{"start":{"line":100,"column":20},"end":{"line":101,"column":27}},"51":{"start":{"line":103,"column":30},"end":{"line":103,"column":59}},"52":{"start":{"line":104,"column":27},"end":{"line":104,"column":81}},"53":{"start":{"line":106,"column":29},"end":{"line":106,"column":57}},"54":{"start":{"line":107,"column":24},"end":{"line":107,"column":26}},"55":{"start":{"line":108,"column":4},"end":{"line":110,"column":5}},"56":{"start":{"line":109,"column":6},"end":{"line":109,"column":64}},"57":{"start":{"line":113,"column":4},"end":{"line":113,"column":66}},"58":{"start":{"line":114,"column":4},"end":{"line":114,"column":65}},"59":{"start":{"line":117,"column":4},"end":{"line":117,"column":45}},"60":{"start":{"line":118,"column":17},"end":{"line":118,"column":37}},"61":{"start":{"line":120,"column":4},"end":{"line":123,"column":5}},"62":{"start":{"line":121,"column":6},"end":{"line":121,"column":39}},"63":{"start":{"line":122,"column":6},"end":{"line":122,"column":21}},"64":{"start":{"line":126,"column":25},"end":{"line":126,"column":27}},"65":{"start":{"line":127,"column":4},"end":{"line":129,"column":7}},"66":{"start":{"line":128,"column":6},"end":{"line":128,"column":50}},"67":{"start":{"line":131,"column":4},"end":{"line":131,"column":37}},"68":{"start":{"line":132,"column":4},"end":{"line":132,"column":31}},"69":{"start":{"line":133,"column":4},"end":{"line":133,"column":39}},"70":{"start":{"line":134,"column":4},"end":{"line":134,"column":28}},"71":{"start":{"line":138,"column":4},"end":{"line":138,"column":46}},"72":{"start":{"line":138,"column":36},"end":{"line":138,"column":46}},"73":{"start":{"line":140,"column":4},"end":{"line":153,"column":7}},"74":{"start":{"line":141,"column":6},"end":{"line":141,"column":56}},"75":{"start":{"line":141,"column":44},"end":{"line":141,"column":56}},"76":{"start":{"line":143,"column":19},"end":{"line":143,"column":40}},"77":{"start":{"line":144,"column":6},"end":{"line":151,"column":7}},"78":{"start":{"line":145,"column":24},"end":{"line":145,"column":37}},"79":{"start":{"line":146,"column":8},"end":{"line":146,"column":56}},"80":{"start":{"line":146,"column":41},"end":{"line":146,"column":56}},"81":{"start":{"line":147,"column":8},"end":{"line":147,"column":87}},"82":{"start":{"line":147,"column":27},"end":{"line":147,"column":87}},"83":{"start":{"line":148,"column":8},"end":{"line":148,"column":85}},"84":{"start":{"line":148,"column":26},"end":{"line":148,"column":85}},"85":{"start":{"line":150,"column":8},"end":{"line":150,"column":68}},"86":{"start":{"line":152,"column":6},"end":{"line":152,"column":18}},"87":{"start":{"line":157,"column":4},"end":{"line":157,"column":55}},"88":{"start":{"line":157,"column":41},"end":{"line":157,"column":53}},"89":{"start":{"line":160,"column":6},"end":{"line":160,"column":40}},"90":{"start":{"line":160,"column":28},"end":{"line":160,"column":40}},"91":{"start":{"line":162,"column":25},"end":{"line":162,"column":30}},"92":{"start":{"line":163,"column":6},"end":{"line":170,"column":9}},"93":{"start":{"line":164,"column":8},"end":{"line":169,"column":9}},"94":{"start":{"line":165,"column":10},"end":{"line":167,"column":11}},"95":{"start":{"line":166,"column":12},"end":{"line":166,"column":83}},"96":{"start":{"line":168,"column":10},"end":{"line":168,"column":30}},"97":{"start":{"line":171,"column":6},"end":{"line":171,"column":27}},"98":{"start":{"line":174,"column":4},"end":{"line":185,"column":7}},"99":{"start":{"line":175,"column":6},"end":{"line":175,"column":27}},"100":{"start":{"line":175,"column":20},"end":{"line":175,"column":27}},"101":{"start":{"line":177,"column":6},"end":{"line":180,"column":7}},"102":{"start":{"line":178,"column":8},"end":{"line":178,"column":131}},"103":{"start":{"line":179,"column":8},"end":{"line":179,"column":15}},"104":{"start":{"line":182,"column":6},"end":{"line":184,"column":9}},"105":{"start":{"line":183,"column":8},"end":{"line":183,"column":48}},"106":{"start":{"line":186,"column":4},"end":{"line":186,"column":16}},"107":{"start":{"line":190,"column":4},"end":{"line":213,"column":7}},"108":{"start":{"line":191,"column":6},"end":{"line":191,"column":27}},"109":{"start":{"line":192,"column":6},"end":{"line":192,"column":44}},"110":{"start":{"line":192,"column":15},"end":{"line":192,"column":44}},"111":{"start":{"line":195,"column":6},"end":{"line":195,"column":52}},"112":{"start":{"line":196,"column":6},"end":{"line":196,"column":86}},"113":{"start":{"line":199,"column":6},"end":{"line":199,"column":116}},"114":{"start":{"line":202,"column":6},"end":{"line":202,"column":90}},"115":{"start":{"line":204,"column":6},"end":{"line":204,"column":28}},"116":{"start":{"line":206,"column":23},"end":{"line":206,"column":37}},"117":{"start":{"line":207,"column":6},"end":{"line":211,"column":8}},"118":{"start":{"line":212,"column":6},"end":{"line":212,"column":18}},"119":{"start":{"line":217,"column":4},"end":{"line":239,"column":7}},"120":{"start":{"line":218,"column":6},"end":{"line":218,"column":22}},"121":{"start":{"line":218,"column":15},"end":{"line":218,"column":22}},"122":{"start":{"line":220,"column":6},"end":{"line":226,"column":11}},"123":{"start":{"line":228,"column":6},"end":{"line":238,"column":7}},"124":{"start":{"line":229,"column":8},"end":{"line":232,"column":11}},"125":{"start":{"line":230,"column":10},"end":{"line":230,"column":27}},"126":{"start":{"line":230,"column":20},"end":{"line":230,"column":27}},"127":{"start":{"line":231,"column":10},"end":{"line":231,"column":17}},"128":{"start":{"line":233,"column":13},"end":{"line":238,"column":7}},"129":{"start":{"line":234,"column":8},"end":{"line":234,"column":112}},"130":{"start":{"line":235,"column":8},"end":{"line":235,"column":61}},"131":{"start":{"line":237,"column":8},"end":{"line":237,"column":15}},"132":{"start":{"line":243,"column":26},"end":{"line":243,"column":53}},"133":{"start":{"line":244,"column":27},"end":{"line":244,"column":39}},"134":{"start":{"line":245,"column":27},"end":{"line":245,"column":39}},"135":{"start":{"line":247,"column":28},"end":{"line":250,"column":5}},"136":{"start":{"line":248,"column":6},"end":{"line":248,"column":47}},"137":{"start":{"line":248,"column":35},"end":{"line":248,"column":47}},"138":{"start":{"line":249,"column":6},"end":{"line":249,"column":32}},"139":{"start":{"line":252,"column":24},"end":{"line":273,"column":5}},"140":{"start":{"line":253,"column":6},"end":{"line":253,"column":47}},"141":{"start":{"line":253,"column":35},"end":{"line":253,"column":47}},"142":{"start":{"line":255,"column":6},"end":{"line":255,"column":21}},"143":{"start":{"line":256,"column":6},"end":{"line":272,"column":9}},"144":{"start":{"line":263,"column":8},"end":{"line":267,"column":9}},"145":{"start":{"line":264,"column":10},"end":{"line":266,"column":13}},"146":{"start":{"line":269,"column":24},"end":{"line":269,"column":54}},"147":{"start":{"line":270,"column":8},"end":{"line":270,"column":46}},"148":{"start":{"line":271,"column":8},"end":{"line":271,"column":23}},"149":{"start":{"line":275,"column":4},"end":{"line":277,"column":7}},"150":{"start":{"line":276,"column":6},"end":{"line":276,"column":27}},"151":{"start":{"line":281,"column":4},"end":{"line":281,"column":19}},"152":{"start":{"line":282,"column":4},"end":{"line":299,"column":7}},"153":{"start":{"line":292,"column":6},"end":{"line":294,"column":7}},"154":{"start":{"line":293,"column":8},"end":{"line":293,"column":81}},"155":{"start":{"line":295,"column":6},"end":{"line":295,"column":56}},"156":{"start":{"line":296,"column":6},"end":{"line":296,"column":60}},"157":{"start":{"line":297,"column":6},"end":{"line":297,"column":29}},"158":{"start":{"line":298,"column":6},"end":{"line":298,"column":29}},"159":{"start":{"line":303,"column":21},"end":{"line":303,"column":33}},"160":{"start":{"line":304,"column":20},"end":{"line":304,"column":32}},"161":{"start":{"line":305,"column":4},"end":{"line":305,"column":27}},"162":{"start":{"line":306,"column":32},"end":{"line":306,"column":79}},"163":{"start":{"line":307,"column":31},"end":{"line":307,"column":77}},"164":{"start":{"line":311,"column":4},"end":{"line":313,"column":5}},"165":{"start":{"line":312,"column":6},"end":{"line":312,"column":41}},"166":{"start":{"line":315,"column":4},"end":{"line":320,"column":5}},"167":{"start":{"line":316,"column":6},"end":{"line":318,"column":7}},"168":{"start":{"line":317,"column":8},"end":{"line":317,"column":106}},"169":{"start":{"line":319,"column":6},"end":{"line":319,"column":42}},"170":{"start":{"line":322,"column":4},"end":{"line":324,"column":5}},"171":{"start":{"line":323,"column":6},"end":{"line":323,"column":38}},"172":{"start":{"line":326,"column":4},"end":{"line":343,"column":5}},"173":{"start":{"line":327,"column":6},"end":{"line":330,"column":7}},"174":{"start":{"line":328,"column":8},"end":{"line":328,"column":115}},"175":{"start":{"line":329,"column":8},"end":{"line":329,"column":31}},"176":{"start":{"line":332,"column":25},"end":{"line":332,"column":96}},"177":{"start":{"line":333,"column":22},"end":{"line":340,"column":7}},"178":{"start":{"line":334,"column":19},"end":{"line":334,"column":20}},"179":{"start":{"line":335,"column":8},"end":{"line":338,"column":9}},"180":{"start":{"line":336,"column":10},"end":{"line":336,"column":19}},"181":{"start":{"line":337,"column":10},"end":{"line":337,"column":44}},"182":{"start":{"line":337,"column":28},"end":{"line":337,"column":44}},"183":{"start":{"line":339,"column":8},"end":{"line":339,"column":27}},"184":{"start":{"line":341,"column":6},"end":{"line":341,"column":94}},"185":{"start":{"line":341,"column":21},"end":{"line":341,"column":94}},"186":{"start":{"line":341,"column":62},"end":{"line":341,"column":77}},"187":{"start":{"line":342,"column":6},"end":{"line":342,"column":45}},"188":{"start":{"line":345,"column":4},"end":{"line":345,"column":65}},"189":{"start":{"line":345,"column":36},"end":{"line":345,"column":65}},"190":{"start":{"line":347,"column":4},"end":{"line":347,"column":36}},"191":{"start":{"line":351,"column":20},"end":{"line":351,"column":49}},"192":{"start":{"line":352,"column":22},"end":{"line":352,"column":50}},"193":{"start":{"line":355,"column":22},"end":{"line":355,"column":24}},"194":{"start":{"line":356,"column":6},"end":{"line":358,"column":9}},"195":{"start":{"line":357,"column":8},"end":{"line":357,"column":51}},"196":{"start":{"line":359,"column":6},"end":{"line":359,"column":39}},"197":{"start":{"line":362,"column":4},"end":{"line":379,"column":7}},"198":{"start":{"line":364,"column":8},"end":{"line":366,"column":11}},"199":{"start":{"line":365,"column":10},"end":{"line":365,"column":45}},"200":{"start":{"line":369,"column":8},"end":{"line":372,"column":11}},"201":{"start":{"line":370,"column":10},"end":{"line":370,"column":58}},"202":{"start":{"line":370,"column":44},"end":{"line":370,"column":58}},"203":{"start":{"line":371,"column":10},"end":{"line":371,"column":47}},"204":{"start":{"line":376,"column":24},"end":{"line":376,"column":48}},"205":{"start":{"line":377,"column":6},"end":{"line":377,"column":69}},"206":{"start":{"line":378,"column":6},"end":{"line":378,"column":22}},"207":{"start":{"line":383,"column":4},"end":{"line":383,"column":33}},"208":{"start":{"line":384,"column":19},"end":{"line":384,"column":52}},"209":{"start":{"line":385,"column":4},"end":{"line":402,"column":7}},"210":{"start":{"line":389,"column":6},"end":{"line":400,"column":7}},"211":{"start":{"line":390,"column":25},"end":{"line":390,"column":41}},"212":{"start":{"line":391,"column":24},"end":{"line":391,"column":52}},"213":{"start":{"line":392,"column":8},"end":{"line":399,"column":9}},"214":{"start":{"line":393,"column":10},"end":{"line":393,"column":156}},"215":{"start":{"line":394,"column":10},"end":{"line":397,"column":11}},"216":{"start":{"line":395,"column":12},"end":{"line":395,"column":139}},"217":{"start":{"line":396,"column":12},"end":{"line":396,"column":28}},"218":{"start":{"line":398,"column":10},"end":{"line":398,"column":33}},"219":{"start":{"line":401,"column":6},"end":{"line":401,"column":36}},"220":{"start":{"line":406,"column":4},"end":{"line":406,"column":24}},"221":{"start":{"line":410,"column":23},"end":{"line":410,"column":30}},"222":{"start":{"line":411,"column":22},"end":{"line":411,"column":56}},"223":{"start":{"line":413,"column":4},"end":{"line":419,"column":5}},"224":{"start":{"line":414,"column":22},"end":{"line":414,"column":29}},"225":{"start":{"line":415,"column":6},"end":{"line":417,"column":7}},"226":{"start":{"line":416,"column":8},"end":{"line":416,"column":25}},"227":{"start":{"line":418,"column":6},"end":{"line":418,"column":23}},"228":{"start":{"line":421,"column":17},"end":{"line":425,"column":6}},"229":{"start":{"line":426,"column":22},"end":{"line":426,"column":39}},"230":{"start":{"line":428,"column":4},"end":{"line":428,"column":46}},"231":{"start":{"line":430,"column":4},"end":{"line":430,"column":21}},"232":{"start":{"line":435,"column":4},"end":{"line":435,"column":45}},"233":{"start":{"line":435,"column":33},"end":{"line":435,"column":45}},"234":{"start":{"line":437,"column":29},"end":{"line":437,"column":113}},"235":{"start":{"line":439,"column":4},"end":{"line":439,"column":67}},"236":{"start":{"line":439,"column":32},"end":{"line":439,"column":67}},"237":{"start":{"line":441,"column":4},"end":{"line":441,"column":29}},"238":{"start":{"line":442,"column":4},"end":{"line":442,"column":57}},"239":{"start":{"line":444,"column":4},"end":{"line":444,"column":72}},"240":{"start":{"line":445,"column":4},"end":{"line":445,"column":32}},"241":{"start":{"line":449,"column":4},"end":{"line":452,"column":5}},"242":{"start":{"line":449,"column":17},"end":{"line":449,"column":34}},"243":{"start":{"line":450,"column":6},"end":{"line":450,"column":56}},"244":{"start":{"line":450,"column":47},"end":{"line":450,"column":56}},"245":{"start":{"line":451,"column":6},"end":{"line":451,"column":27}},"246":{"start":{"line":451,"column":21},"end":{"line":451,"column":27}},"247":{"start":{"line":453,"column":4},"end":{"line":453,"column":29}},"248":{"start":{"line":457,"column":4},"end":{"line":457,"column":34}},"249":{"start":{"line":461,"column":23},"end":{"line":461,"column":47}},"250":{"start":{"line":462,"column":22},"end":{"line":462,"column":26}},"251":{"start":{"line":463,"column":4},"end":{"line":467,"column":7}},"252":{"start":{"line":464,"column":6},"end":{"line":466,"column":7}},"253":{"start":{"line":465,"column":8},"end":{"line":465,"column":27}},"254":{"start":{"line":468,"column":4},"end":{"line":468,"column":23}},"255":{"start":{"line":472,"column":17},"end":{"line":472,"column":31}},"256":{"start":{"line":473,"column":4},"end":{"line":475,"column":5}},"257":{"start":{"line":474,"column":6},"end":{"line":474,"column":40}},"258":{"start":{"line":476,"column":4},"end":{"line":476,"column":50}},"259":{"start":{"line":480,"column":23},"end":{"line":480,"column":47}},"260":{"start":{"line":481,"column":21},"end":{"line":481,"column":23}},"261":{"start":{"line":482,"column":4},"end":{"line":486,"column":7}},"262":{"start":{"line":483,"column":6},"end":{"line":485,"column":7}},"263":{"start":{"line":484,"column":8},"end":{"line":484,"column":40}},"264":{"start":{"line":487,"column":4},"end":{"line":487,"column":22}},"265":{"start":{"line":491,"column":4},"end":{"line":491,"column":49}},"266":{"start":{"line":497,"column":4},"end":{"line":501,"column":5}},"267":{"start":{"line":498,"column":6},"end":{"line":498,"column":22}},"268":{"start":{"line":500,"column":6},"end":{"line":500,"column":36}},"269":{"start":{"line":503,"column":34},"end":{"line":503,"column":95}},"270":{"start":{"line":504,"column":21},"end":{"line":506,"column":67}},"271":{"start":{"line":507,"column":4},"end":{"line":507,"column":20}},"272":{"start":{"line":511,"column":4},"end":{"line":511,"column":64}},"273":{"start":{"line":515,"column":22},"end":{"line":517,"column":28}},"274":{"start":{"line":518,"column":4},"end":{"line":518,"column":54}},"275":{"start":{"line":523,"column":15},"end":{"line":523,"column":65}},"276":{"start":{"line":524,"column":21},"end":{"line":524,"column":64}},"277":{"start":{"line":525,"column":4},"end":{"line":525,"column":34}},"278":{"start":{"line":527,"column":4},"end":{"line":529,"column":5}},"279":{"start":{"line":528,"column":6},"end":{"line":528,"column":32}},"280":{"start":{"line":530,"column":4},"end":{"line":530,"column":52}},"281":{"start":{"line":534,"column":4},"end":{"line":534,"column":39}},"282":{"start":{"line":538,"column":4},"end":{"line":540,"column":5}},"283":{"start":{"line":539,"column":6},"end":{"line":539,"column":40}},"284":{"start":{"line":542,"column":20},"end":{"line":542,"column":57}},"285":{"start":{"line":543,"column":4},"end":{"line":543,"column":71}},"286":{"start":{"line":547,"column":18},"end":{"line":547,"column":34}},"287":{"start":{"line":549,"column":4},"end":{"line":551,"column":5}},"288":{"start":{"line":550,"column":6},"end":{"line":550,"column":54}},"289":{"start":{"line":553,"column":4},"end":{"line":555,"column":5}},"290":{"start":{"line":554,"column":6},"end":{"line":554,"column":48}},"291":{"start":{"line":557,"column":4},"end":{"line":557,"column":19}},"292":{"start":{"line":561,"column":14},"end":{"line":561,"column":22}},"293":{"start":{"line":563,"column":4},"end":{"line":565,"column":5}},"294":{"start":{"line":564,"column":6},"end":{"line":564,"column":31}},"295":{"start":{"line":567,"column":4},"end":{"line":567,"colum
[...]
":{"start":{"line":8,"column":2},"end":{"line":8,"column":66}},"type":"if","locations":[{"start":{"line":8,"column":2},"end":{"line":8,"column":66}},{"start":{"line":8,"column":2},"end":{"line":8,"column":66}}],"line":8},"1":{"loc":{"start":{"line":11,"column":2},"end":{"line":11,"column":48}},"type":"if","locations":[{"start":{"line":11,"column":2},"end":{"line":11,"column":48}},{"start":{"line":11,"column":2},"end":{"line":11,"column":48}}],"line":11},"2":{"loc":{"start":{"line":12,"column":2},"end":{"line":12,"column":50}},"type":"if","locations":[{"start":{"line":12,"column":2},"end":{"line":12,"column":50}},{"start":{"line":12,"column":2},"end":{"line":12,"column":50}}],"line":12},"3":{"loc":{"start":{"line":13,"column":2},"end":{"line":13,"column":65}},"type":"if","locations":[{"start":{"line":13,"column":2},"end":{"line":13,"column":65}},{"start":{"line":13,"column":2},"end":{"line":13,"column":65}}],"line":13},"4":{"loc":{"start":{"line":16,"column":18},"end":{"line":16,"column":39}},"type":"binary-expr","locations":[{"start":{"line":16,"column":18},"end":{"line":16,"column":33}},{"start":{"line":16,"column":37},"end":{"line":16,"column":39}}],"line":16},"5":{"loc":{"start":{"line":19,"column":4},"end":{"line":21,"column":5}},"type":"if","locations":[{"start":{"line":19,"column":4},"end":{"line":21,"column":5}},{"start":{"line":19,"column":4},"end":{"line":21,"column":5}}],"line":19}},"s":{"0":1,"1":1,"2":0,"3":0,"4":0,"5":0,"6":0,"7":0,"8":0,"9":0,"10":0,"11":0,"12":0,"13":0,"14":0,"15":0,"16":0,"17":0,"18":0,"19":0,"20":0,"21":1},"f":{"0":0,"1":0,"2":0},"b":{"0":[0,0],"1":[0,0],"2":[0,0],"3":[0,0],"4":[0,0],"5":[0,0]},"_coverageSchema":"43e27e138ebf9cfc5966b082cf9a028302ed4184","hash":"d60bb0363eed4c982b823b4d5d235abb01c2951b","contentHash":"9ea5c575306d66b5922da80c44addf4eb89c7aa8e05b603920d80d3052194fc5"},"/Users/cliftonc/work/bosco-alt/src/getCmdHelper.js":{"path":"/Users/cliftonc/work/bosco-alt/src/getCmdHelper.js","statementMap":{"0":{"start":{"line":1,"column":14},"end":{"line":1,"column":30}},"1":{"start":{"line":2,"column":10},"end":{"line":2,"column":27}},"2":{"start":{"line":3,"column":18},"end":{"line":3,"column":42}},"3":{"start":{"line":4,"column":11},"end":{"line":4,"column":30}},"4":{"start":{"line":6,"column":25},"end":{"line":6,"column":58}},"5":{"start":{"line":9,"column":23},"end":{"line":9,"column":65}},"6":{"start":{"line":11,"column":2},"end":{"line":11,"column":56}},"7":{"start":{"line":15,"column":2},"end":{"line":15,"column":9}},"8":{"start":{"line":24,"column":20},"end":{"line":29,"column":6}},"9":{"start":{"line":31,"column":4},"end":{"line":43,"column":5}},"10":{"start":{"line":32,"column":6},"end":{"line":36,"column":7}},"11":{"start":{"line":33,"column":8},"end":{"line":35,"column":10}},"12":{"start":{"line":34,"column":10},"end":{"line":34,"column":56}},"13":{"start":{"line":38,"column":6},"end":{"line":42,"column":7}},"14":{"start":{"line":39,"column":8},"end":{"line":41,"column":10}},"15":{"start":{"line":40,"column":10},"end":{"line":40,"column":54}},"16":{"start":{"line":45,"column":4},"end":{"line":45,"column":19}},"17":{"start":{"line":49,"column":4},"end":{"line":52,"column":5}},"18":{"start":{"line":50,"column":6},"end":{"line":50,"column":76}},"19":{"start":{"line":51,"column":6},"end":{"line":51,"column":40}},"20":{"start":{"line":54,"column":18},"end":{"line":54,"column":42}},"21":{"start":{"line":55,"column":16},"end":{"line":55,"column":17}},"22":{"start":{"line":59,"column":20},"end":{"line":65,"column":5}},"23":{"start":{"line":60,"column":6},"end":{"line":60,"column":27}},"24":{"start":{"line":60,"column":15},"end":{"line":60,"column":27}},"25":{"start":{"line":61,"column":6},"end":{"line":64,"column":7}},"26":{"start":{"line":62,"column":8},"end":{"line":62,"column":38}},"27":{"start":{"line":62,"column":19},"end":{"line":62,"column":38}},"28":{"start":{"line":63,"column":8},"end":{"line":63,"column":88}},"29":{"start":{"line":67,"column":4},"end":{"line":75,"column":5}},"30":{"start":{"line":68,"column":6},"end":{"line":68,"column":26}},"31":{"start":{"line":69,"column":6},"end":{"line":71,"column":7}},"32":{"start":{"line":70,"column":8},"end":{"line":70,"column":28}},"33":{"start":{"line":72,"column":6},"end":{"line":74,"column":7}},"34":{"start":{"line":73,"column":8},"end":{"line":73,"column":28}},"35":{"start":{"line":77,"column":15},"end":{"line":80,"column":6}},"36":{"start":{"line":82,"column":4},"end":{"line":84,"column":7}},"37":{"start":{"line":83,"column":6},"end":{"line":83,"column":41}},"38":{"start":{"line":86,"column":4},"end":{"line":102,"column":5}},"39":{"start":{"line":87,"column":6},"end":{"line":87,"column":46}},"40":{"start":{"line":89,"column":6},"end":{"line":101,"column":7}},"41":{"start":{"line":90,"column":8},"end":{"line":90,"column":16}},"42":{"start":{"line":91,"column":8},"end":{"line":100,"column":11}},"43":{"start":{"line":92,"column":29},"end":{"line":92,"column":44}},"44":{"start":{"line":93,"column":10},"end":{"line":98,"column":11}},"45":{"start":{"line":94,"column":12},"end":{"line":96,"column":13}},"46":{"start":{"line":95,"column":14},"end":{"line":95,"column":69}},"47":{"start":{"line":97,"column":12},"end":{"line":97,"column":51}},"48":{"start":{"line":99,"column":10},"end":{"line":99,"column":20}},"49":{"start":{"line":104,"column":4},"end":{"line":120,"column":5}},"50":{"start":{"line":105,"column":6},"end":{"line":105,"column":46}},"51":{"start":{"line":107,"column":6},"end":{"line":119,"column":7}},"52":{"start":{"line":108,"column":8},"end":{"line":108,"column":16}},"53":{"start":{"line":109,"column":8},"end":{"line":118,"column":11}},"54":{"start":{"line":110,"column":29},"end":{"line":110,"column":44}},"55":{"start":{"line":111,"column":10},"end":{"line":116,"column":11}},"56":{"start":{"line":112,"column":12},"end":{"line":114,"column":13}},"57":{"start":{"line":113,"column":14},"end":{"line":113,"column":69}},"58":{"start":{"line":115,"column":12},"end":{"line":115,"column":51}},"59":{"start":{"line":117,"column":10},"end":{"line":117,"column":20}},"60":{"start":{"line":122,"column":4},"end":{"line":124,"column":5}},"61":{"start":{"line":123,"column":6},"end":{"line":123,"column":40}},"62":{"start":{"line":126,"column":4},"end":{"line":129,"column":7}},"63":{"start":{"line":127,"column":6},"end":{"line":127,"column":24}},"64":{"start":{"line":128,"column":6},"end":{"line":128,"column":16}},"65":{"start":{"line":133,"column":24},"end":{"line":133,"column":42}},"66":{"start":{"line":134,"column":22},"end":{"line":134,"column":45}},"67":{"start":{"line":135,"column":18},"end":{"line":135,"column":34}},"68":{"start":{"line":136,"column":4},"end":{"line":136,"column":116}},"69":{"start":{"line":136,"column":16},"end":{"line":136,"column":116}},"70":{"start":{"line":138,"column":4},"end":{"line":150,"column":7}},"71":{"start":{"line":139,"column":6},"end":{"line":139,"column":50}},"72":{"start":{"line":139,"column":34},"end":{"line":139,"column":50}},"73":{"start":{"line":141,"column":23},"end":{"line":141,"column":46}},"74":{"start":{"line":143,"column":6},"end":{"line":146,"column":9}},"75":{"start":{"line":144,"column":8},"end":{"line":144,"column":36}},"76":{"start":{"line":144,"column":17},"end":{"line":144,"column":36}},"77":{"start":{"line":145,"column":8},"end":{"line":145,"column":70}},"78":{"start":{"line":148,"column":6},"end":{"line":148,"column":47}},"79":{"start":{"line":148,"column":30},"end":{"line":148,"column":47}},"80":{"start":{"line":149,"column":6},"end":{"line":149,"column":13}},"81":{"start":{"line":154,"column":30},"end":{"line":154,"column":71}},"82":{"start":{"line":155,"column":33},"end":{"line":155,"column":98}},"83":{"start":{"line":156,"column":32},"end":{"line":156,"column":94}},"84":{"start":{"line":159,"column":4},"end":{"line":163,"column":5}},"85":{"start":{"line":160,"column":6},"end":{"line":160,"column":35}},"86":{"start":{"line":161,"column":6},"end":{"line":161,"column":29}},"87":{"start":{"line":162,"column":6},"end":{"line":162,"column":18}},"88":{"start":{"line":164,"column":4},"end":{"line":164,"column":17}},"89":{"start":{"line":167,"column":2},"end":{"line":172,"column":4}},"90":{"start":{"line":175,"column":0},"end":{"line":175,"column":30}}},"fnMap":{"0":{"name":"isDefaulOption","decl":{"start":{"line":8,"column":9},"end":{"line":8,"column":23}},"loc":{"start":{"line":8,"column":39},"end":{"line":12,"column":1}},"line":8},"1":{"name":"guardFn","decl":{"start":{"line":14,"column":9},"end":{"line":14,"column":16}},"loc":{"start":{"line":14,"column":49},"end":{"line":16,"column":1}},"line":14},"2":{"name":"getCmdHelper","decl":{"start":{"line":22,"column":9},"end":{"line":22,"column":21}},"loc":{"start":{"line":22,"column":29},"end":{"line":173,"column":1}},"line":22},"3":{"name":"createOptions","decl":{"start":{"line":23,"column":11},"end":{"line":23,"column":24}},"loc":{"start":{"line":23,"column":39},"end":{"line":46,"column":3}},"line":23},"4":{"name":"(anonymous_4)","decl":{"start":{"line":33,"column":27},"end":{"line":33,"column":28}},"loc":{"start":{"line":33,"column":49},"end":{"line":35,"column":9}},"line":33},"5":{"name":"(anonymous_5)","decl":{"start":{"line":39,"column":27},"end":{"line":39,"column":28}},"loc":{"start":{"line":39,"column":49},"end":{"line":41,"column":9}},"line":39},"6":{"name":"execute","decl":{"start":{"line":48,"column":11},"end":{"line":48,"column":18}},"loc":{"start":{"line":48,"column":59},"end":{"line":130,"column":3}},"line":48},"7":{"name":"tryNext","decl":{"start":{"line":59,"column":29},"end":{"line":59,"column":36}},"loc":{"start":{"line":59,"column":42},"end":{"line":65,"column":5}},"line":59},"8":{"name":"(anonymous_8)","decl":{"start":{"line":82,"column":19},"end":{"line":82,"column":20}},"loc":{"start":{"line":82,"column":28},"end":{"line":84,"column":5}},"line":82},"9":{"name":"(anonymous_9)","decl":{"start":{"line":91,"column":26},"end":{"line":91,"column":27}},"loc":{"start":{"line":91,"column":38},"end":{"line":100,"column":9}},"line":91},"10":{"name":"(anonymous_10)","decl":{"start":{"line":109,"column":26},"end":{"line":109,"column":27}},"loc":{"start":{"line":109,"column":38},"end":{"line":118,"column":9}},"line":109},"11":{"name":"(anonymous_11)","decl":{"start":{"line":126,"column":19},"end":{"line":126,"column":20}},"loc":{"start":{"line":126,"column":29},"end":{"line":129,"column":5}},"line":126},"12":{"name":"iterate","decl":{"start":{"line":132,"column":11},"end":{"line":132,"column":18}},"loc":{"start":{"line":132,"column":34},"end":{"line":151,"column":3}},"line":132},"13":{"name":"(anonymous_13)","decl":{"start":{"line":138,"column":46},"end":{"line":138,"column":47}},"loc":{"start":{"line":138,"column":64},"end":{"line":147,"column":5}},"line":138},"14":{"name":"(anonymous_14)","decl":{"start":{"line":143,"column":48},"end":{"line":143,"column":49}},"loc":{"start":{"line":143,"column":57},"end":{"line":146,"column":7}},"line":143},"15":{"name":"(anonymous_15)","decl":{"start":{"line":147,"column":7},"end":{"line":147,"column":8}},"loc":{"start":{"line":147,"column":16},"end":{"line":150,"column":5}},"line":147},"16":{"name":"checkInService","decl":{"start":{"line":153,"column":11},"end":{"line":153,"column":25}},"loc":{"start":{"line":153,"column":28},"end":{"line":165,"column":3}},"line":153}},"branchMap":{"0":{"loc":{"start":{"line":11,"column":9},"end":{"line":11,"column":55}},"type":"binary-expr","locations":[{"start":{"line":11,"column":9},"end":{"line":11,"column":21}},{"start":{"line":11,"column":25},"end":{"line":11,"column":55}}],"line":11},"1":{"loc":{"start":{"line":31,"column":4},"end":{"line":43,"column":5}},"type":"if","locations":[{"start":{"line":31,"column":4},"end":{"line":43,"column":5}},{"start":{"line":31,"column":4},"end":{"line":43,"column":5}}],"line":31},"2":{"loc":{"start":{"line":32,"column":6},"end":{"line":36,"column":7}},"type":"if","locations":[{"start":{"line":32,"column":6},"end":{"line":36,"column":7}},{"start":{"line":32,"column":6},"end":{"line":36,"column":7}}],"line":32},"3":{"loc":{"start":{"line":38,"column":6},"end":{"line":42,"column":7}},"type":"if","locations":[{"start":{"line":38,"column":6},"end":{"line":42,"column":7}},{"start":{"line":38,"column":6},"end":{"line":42,"column":7}}],"line":38},"4":{"loc":{"start":{"line":49,"column":4},"end":{"line":52,"column":5}},"type":"if","locations":[{"start":{"line":49,"column":4},"end":{"line":52,"column":5}},{"start":{"line":49,"column":4},"end":{"line":52,"column":5}}],"line":49},"5":{"loc":{"start":{"line":49,"column":8},"end":{"line":49,"column":62}},"type":"binary-expr","locations":[{"start":{"line":49,"column":8},"end":{"line":49,"column":20}},{"start":{"line":49,"column":25},"end":{"line":49,"column":41}},{"start":{"line":49,"column":45},"end":{"line":49,"column":61}}],"line":49},"6":{"loc":{"start":{"line":60,"column":6},"end":{"line":60,"column":27}},"type":"if","locations":[{"start":{"line":60,"column":6},"end":{"line":60,"column":27}},{"start":{"line":60,"column":6},"end":{"line":60,"column":27}}],"line":60},"7":{"loc":{"start":{"line":61,"column":6},"end":{"line":64,"column":7}},"type":"if","locations":[{"start":{"line":61,"column":6},"end":{"line":64,"column":7}},{"start":{"line":61,"column":6},"end":{"line":64,"column":7}}],"line":61},"8":{"loc":{"start":{"line":62,"column":8},"end":{"line":62,"column":38}},"type":"if","locations":[{"start":{"line":62,"column":8},"end":{"line":62,"column":38}},{"start":{"line":62,"column":8},"end":{"line":62,"column":38}}],"line":62},"9":{"loc":{"start":{"line":63,"column":13},"end":{"line":63,"column":86}},"type":"cond-expr","locations":[{"start":{"line":63,"column":32},"end":{"line":63,"column":36}},{"start":{"line":63,"column":39},"end":{"line":63,"column":86}}],"line":63},"10":{"loc":{"start":{"line":67,"column":4},"end":{"line":75,"column":5}},"type":"if","locations":[{"start":{"line":67,"column":4},"end":{"line":75,"column":5}},{"start":{"line":67,"column":4},"end":{"line":75,"column":5}}],"line":67},"11":{"loc":{"start":{"line":69,"column":6},"end":{"line":71,"column":7}},"type":"if","locations":[{"start":{"line":69,"column":6},"end":{"line":71,"column":7}},{"start":{"line":69,"column":6},"end":{"line":71,"column":7}}],"line":69},"12":{"loc":{"start":{"line":72,"column":6},"end":{"line":74,"column":7}},"type":"if","locations":[{"start":{"line":72,"column":6},"end":{"line":74,"column":7}},{"start":{"line":72,"column":6},"end":{"line":74,"column":7}}],"line":72},"13":{"loc":{"start":{"line":86,"column":4},"end":{"line":102,"column":5}},"type":"if","locations":[{"start":{"line":86,"column":4},"end":{"line":102,"column":5}},{"start":{"line":86,"column":4},"end":{"line":102,"column":5}}],"line":86},"14":{"loc":{"start":{"line":89,"column":6},"end":{"line":101,"column":7}},"type":"if","locations":[{"start":{"line":89,"column":6},"end":{"line":101,"column":7}},{"start":{"line":89,"column":6},"end":{"line":101,"column":7}}],"line":89},"15":{"loc":{"start":{"line":93,"column":10},"end":{"line":98,"column":11}},"type":"if","locations":[{"start":{"line":93,"column":10},"end":{"line":98,"column":11}},{"start":{"line":93,"column":10},"end":{"line":98,"column":11}}],"line":93},"16":{"loc":{"start":{"line":94,"column":12},"end":{"line":96,"column":13}},"type":"if","locations":[{"start":{"line":94,"column":12},"end":{"line":96,"column":13}},{"start":{"line":94,"column":12},"end":{"line":96,"column":13}}],"line":94},"17":{"loc":{"start":{"line":104,"column":4},"end":{"line":120,"column":5}},"type":"if","locations":[{"start":{"line":104,"column":4},"end":{"line":120,"column":5}},{"start":{"line":104,"column":4},"end":{"line":120,"column":5}}],"line":104},"18":{"loc":{"start":{"line":107,"column":6},"end":{"line":119,"column":7}},"type":"if","locations":[{"start":{"line":107,"column":6},"end":{"line":119,"column":7}},{"start":{"line":107,"column":6},"end":{"line":119,"column":7}}],"line":107},"19":{"loc":{"start":{"line":111,"column":10},"end":{"line":116,"column":11}},"type":"if","locations":[{"start":{"line":111,"column":10},"end":{"line":116,"column":11}},{"start":{"line":111,"column":10},"end":{"line":116,"column":11}}],"line":111},"20":{"loc":{"start":{"line":112,"column":12},"end":{"line":114,"column":13}},"type":"if","locations":[{"start":{"line":112,"column":12},"end":{"line":114,"column":13}},{"start":{"line":112,"column":12},"end":{"line":114,"column":13}}],"line":112},"21":{"loc":{"start":{"line":122,"column":4},"end":{"line":124,"column":5}},"type":"if","locations":[{"start":{"line":122,"column":4},"end":{"line":124,"column":5}},{"start":{"line":122,"column":4},"end":{"line":124,"column":5}}],"line":122},"22":{"loc":{"start":{"line":136,"column":4},"end":{"line":136,"column":116}},"type":"if","locations":[{"start":{"line":136,"column":4},"end":{"line":136,"column":116}},{"start":{"line":136,"column":4},"end":{"line":136,"column":116}}],"line":136},"23":{"loc":{"start":{"line":139,"column":6},"end":{"line":139,"column":50}},"type":"if","locations":[{"start":{"line":139,"column":6},"end":{"line":139,"column":50}},{"start":{"line":139,"column":6},"end":{"line":139,"column":50}}],"line":139},"24":{"loc":{"start":{"line":144,"column":8},"end":{"line":144,"column":36}},"type":"if","locations":[{"start":{"line":144,"column":8},"end":{"line":144,"column":36}},{"start":{"line":144,"column":8},"end":{"line":144,"column":36}}],"line":144},"25":{"loc":{"start":{"line":148,"column":6},"end":{"line":148,"column":47}},"type":"if","locations":[{"start":{"line":148,"column":6},"end":{"line":148,"column":47}},{"start":{"line":148,"column":6},"end":{"line":148,"column":47}}],"line":148},"26":{"loc":{"start":{"line":155,"column":33},"end":{"line":155,"column":98}},"type":"binary-expr","locations":[{"start":{"line":155,"column":33},"end":{"line":155,"column":52}},{"start":{"line":155,"column":56},"end":{"line":155,"column":98}}],"line":155},"27":{"loc":{"start":{"line":156,"column":32},"end":{"line":156,"column":94}},"type":"binary-expr","locations":[{"start":{"line":156,"column":32},"end":{"line":156,"column":50}},{"start":{"line":156,"column":54},"end":{"line":156,"column":94}}],"line":156},"28":{"loc":{"start":{"line":159,"column":4},"end":{"line":163,"column":5}},"type":"if","locations":[{"start":{"line":159,"column":4},"end":{"line":163,"column":5}},{"start":{"line":159,"column":4},"end":{"line":163,"column":5}}],"line":159},"29":{"loc":{"start":{"line":159,"column":8},"end":{"line":159,"column":73}},"type":"binary-expr","locations":[{"start":{"line":159,"column":8},"end":{"line":159,"column":26}},{"start":{"line":159,"column":30},"end":{"line":159,"column":50}},{"start":{"line":159,"column":54},"end":{"line":159,"column":73}}],"line":159}},"s":{"0":1,"1":1,"2":1,"3":1,"4":1,"5":0,"6":0,"7":0,"8":0,"9":0,"10":0,"11":0,"12":0,"13":0,"14":0,"15":0,"16":0,"17":0,"18":0,"19":0,"20":0,"21":0,"22":0,"23":0,"24":0,"25":0,"26":0,"27":0,"28":0,"29":0,"30":0,"31":0,"32":0,"33":0,"34":0,"35":0,"36":0,"37":0,"38":0,"39":0,"40":0,"41":0,"42":0,"43":0,"44":0,"45":0,"46":0,"47":0,"48":0,"49":0,"50":0,"51":0,"52":0,"53":0,"54":0,"55":0,"56":0,"57":0,"58":0,"59":0,"60":0,"61":0,"62":0,"63":0,"64":0,"65":0,"66":0,"67":0,"68":0,"69":0,"70":0,"71":0,"72":0,"73":0,"74":0,"75":0,"76":0,"77":0,"78":0,"79":0,"80":0,"81":0,"82":0,"83":0,"84":0,"85":0,"86":0,"87":0,"88":0,"89":7,"90":1},"f":{"0":0,"1":0,"2":7,"3":0,"4":0,"5":0,"6":0,"7":0,"8":0,"9":0,"10":0,"11":0,"12":0,"13":0,"14":0,"15":0,"16":0},"b":{"0":[0,0],"1":[0,0],"2":[0,0],"3":[0,0],"4":[0,0],"5":[0,0,0],"6":[0,0],"7":[0,0],"8":[0,0],"9":[0,0],"10":[0,0],"11":[0,0],"12":[0,0],"13":[0,0],"14":[0,0],"15":[0,0],"16":[0,0],"17":[0,0],"18":[0,0],"19":[0,0],"20":[0,0],"21":[0,0],"22":[0,0],"23":[0,0],"24":[0,0],"25":[0,0],"26":[0,0],"27":[0,0],"28":[0,0],"29":[0,0,0]},"_coverageSchema":"43e27e138ebf9cfc5966b082cf9a028302ed4184","hash":"8b0b6900250fddb3742ca1d075008537bffb3126","contentHash":"dc5e93d382d513f9975f76894d22ac7136f84f967e5921577f4e69f5db8056d9"}}